<?xml version="1.0" encoding="UTF-8"?>
<testsuite xmlns:xsi="http://www.w3.org/2001/XMLSchema-instance" xsi:noNamespaceSchemaLocation="https://maven.apache.org/surefire/maven-surefire-plugin/xsd/surefire-test-report-3.0.xsd" version="3.0" name="TestSuite" time="146.325" tests="192" errors="0" skipped="0" failures="0">
  <properties>
    <property name="sun.desktop" value="windows"/>
    <property name="awt.toolkit" value="sun.awt.windows.WToolkit"/>
    <property name="java.specification.version" value="11"/>
    <property name="sun.cpu.isalist" value="amd64"/>
    <property name="sun.jnu.encoding" value="Cp1252"/>
    <property name="java.class.path" value="C:\Users\tnuzum\eclipse-workspace\API\target\test-classes;C:\Users\tnuzum\eclipse-workspace\API\target\classes;C:\Users\tnuzum\.m2\repository\org\apache\maven\maven-plugin-api\3.6.3\maven-plugin-api-3.6.3.jar;C:\Users\tnuzum\.m2\repository\org\apache\maven\maven-model\3.6.3\maven-model-3.6.3.jar;C:\Users\tnuzum\.m2\repository\org\eclipse\sisu\org.eclipse.sisu.plexus\0.3.4\org.eclipse.sisu.plexus-0.3.4.jar;C:\Users\tnuzum\.m2\repository\javax\enterprise\cdi-api\1.0\cdi-api-1.0.jar;C:\Users\tnuzum\.m2\repository\javax\annotation\jsr250-api\1.0\jsr250-api-1.0.jar;C:\Users\tnuzum\.m2\repository\org\codehaus\plexus\plexus-utils\3.2.1\plexus-utils-3.2.1.jar;C:\Users\tnuzum\.m2\repository\org\codehaus\plexus\plexus-classworlds\2.6.0\plexus-classworlds-2.6.0.jar;C:\Users\tnuzum\.m2\repository\org\apache\maven\plugins\maven-compiler-plugin\3.8.1\maven-compiler-plugin-3.8.1.jar;C:\Users\tnuzum\.m2\repository\org\apache\maven\shared\maven-shared-utils\3.2.1\maven-shared-utils-3.2.1.jar;C:\Users\tnuzum\.m2\repository\org\apache\maven\shared\maven-shared-incremental\1.1\maven-shared-incremental-1.1.jar;C:\Users\tnuzum\.m2\repository\org\codehaus\plexus\plexus-java\0.9.10\plexus-java-0.9.10.jar;C:\Users\tnuzum\.m2\repository\org\ow2\asm\asm\6.2\asm-6.2.jar;C:\Users\tnuzum\.m2\repository\com\thoughtworks\qdox\qdox\2.0-M8\qdox-2.0-M8.jar;C:\Users\tnuzum\.m2\repository\org\codehaus\plexus\plexus-compiler-api\2.8.4\plexus-compiler-api-2.8.4.jar;C:\Users\tnuzum\.m2\repository\org\codehaus\plexus\plexus-compiler-manager\2.8.4\plexus-compiler-manager-2.8.4.jar;C:\Users\tnuzum\.m2\repository\org\codehaus\plexus\plexus-compiler-javac\2.8.4\plexus-compiler-javac-2.8.4.jar;C:\Users\tnuzum\.m2\repository\org\apache\maven\maven-artifact\3.6.3\maven-artifact-3.6.3.jar;C:\Users\tnuzum\.m2\repository\org\apache\commons\commons-lang3\3.8.1\commons-lang3-3.8.1.jar;C:\Users\tnuzum\.m2\repository\org\apache\maven\maven-core\3.6.3\maven-core-3.6.3.jar;C:\Users\tnuzum\.m2\repository\org\apache\maven\maven-settings\3.6.3\maven-settings-3.6.3.jar;C:\Users\tnuzum\.m2\repository\org\apache\maven\maven-settings-builder\3.6.3\maven-settings-builder-3.6.3.jar;C:\Users\tnuzum\.m2\repository\org\codehaus\plexus\plexus-interpolation\1.25\plexus-interpolation-1.25.jar;C:\Users\tnuzum\.m2\repository\org\sonatype\plexus\plexus-sec-dispatcher\1.4\plexus-sec-dispatcher-1.4.jar;C:\Users\tnuzum\.m2\repository\org\sonatype\plexus\plexus-cipher\1.4\plexus-cipher-1.4.jar;C:\Users\tnuzum\.m2\repository\org\apache\maven\maven-builder-support\3.6.3\maven-builder-support-3.6.3.jar;C:\Users\tnuzum\.m2\repository\org\apache\maven\maven-repository-metadata\3.6.3\maven-repository-metadata-3.6.3.jar;C:\Users\tnuzum\.m2\repository\org\apache\maven\maven-model-builder\3.6.3\maven-model-builder-3.6.3.jar;C:\Users\tnuzum\.m2\repository\org\apache\maven\maven-resolver-provider\3.6.3\maven-resolver-provider-3.6.3.jar;C:\Users\tnuzum\.m2\repository\org\slf4j\slf4j-api\1.7.29\slf4j-api-1.7.29.jar;C:\Users\tnuzum\.m2\repository\org\apache\maven\resolver\maven-resolver-impl\1.4.1\maven-resolver-impl-1.4.1.jar;C:\Users\tnuzum\.m2\repository\org\apache\maven\resolver\maven-resolver-api\1.4.1\maven-resolver-api-1.4.1.jar;C:\Users\tnuzum\.m2\repository\org\apache\maven\resolver\maven-resolver-spi\1.4.1\maven-resolver-spi-1.4.1.jar;C:\Users\tnuzum\.m2\repository\org\apache\maven\resolver\maven-resolver-util\1.4.1\maven-resolver-util-1.4.1.jar;C:\Users\tnuzum\.m2\repository\org\eclipse\sisu\org.eclipse.sisu.inject\0.3.4\org.eclipse.sisu.inject-0.3.4.jar;C:\Users\tnuzum\.m2\repository\com\google\inject\guice\4.2.1\guice-4.2.1-no_aop.jar;C:\Users\tnuzum\.m2\repository\aopalliance\aopalliance\1.0\aopalliance-1.0.jar;C:\Users\tnuzum\.m2\repository\com\google\guava\guava\25.1-android\guava-25.1-android.jar;C:\Users\tnuzum\.m2\repository\com\google\code\findbugs\jsr305\3.0.2\jsr305-3.0.2.jar;C:\Users\tnuzum\.m2\repository\org\checkerframework\checker-compat-qual\2.0.0\checker-compat-qual-2.0.0.jar;C:\Users\tnuzum\.m2\repository\com\google\errorprone\error_prone_annotations\2.1.3\error_prone_annotations-2.1.3.jar;C:\Users\tnuzum\.m2\repository\com\google\j2objc\j2objc-annotations\1.1\j2objc-annotations-1.1.jar;C:\Users\tnuzum\.m2\repository\org\codehaus\mojo\animal-sniffer-annotations\1.14\animal-sniffer-annotations-1.14.jar;C:\Users\tnuzum\.m2\repository\javax\inject\javax.inject\1\javax.inject-1.jar;C:\Users\tnuzum\.m2\repository\org\codehaus\plexus\plexus-component-annotations\2.1.0\plexus-component-annotations-2.1.0.jar;C:\Users\tnuzum\.m2\repository\com\github\scribejava\scribejava-apis\6.9.0\scribejava-apis-6.9.0.jar;C:\Users\tnuzum\.m2\repository\com\github\scribejava\scribejava-core\6.9.0\scribejava-core-6.9.0.jar;C:\Users\tnuzum\.m2\repository\com\fasterxml\jackson\core\jackson-databind\2.10.0\jackson-databind-2.10.0.jar;C:\Users\tnuzum\.m2\repository\com\fasterxml\jackson\core\jackson-annotations\2.10.0\jackson-annotations-2.10.0.jar;C:\Users\tnuzum\.m2\repository\com\fasterxml\jackson\core\jackson-core\2.10.0\jackson-core-2.10.0.jar;C:\Users\tnuzum\.m2\repository\org\hamcrest\hamcrest-core\2.2\hamcrest-core-2.2.jar;C:\Users\tnuzum\.m2\repository\org\hamcrest\hamcrest\2.2\hamcrest-2.2.jar;C:\Users\tnuzum\.m2\repository\org\hamcrest\hamcrest-library\2.2\hamcrest-library-2.2.jar;C:\Users\tnuzum\.m2\repository\io\rest-assured\json-path\4.1.2\json-path-4.1.2.jar;C:\Users\tnuzum\.m2\repository\org\codehaus\groovy\groovy-json\2.5.8\groovy-json-2.5.8.jar;C:\Users\tnuzum\.m2\repository\org\codehaus\groovy\groovy\2.5.8\groovy-2.5.8.jar;C:\Users\tnuzum\.m2\repository\io\rest-assured\rest-assured-common\4.1.2\rest-assured-common-4.1.2.jar;C:\Users\tnuzum\.m2\repository\io\rest-assured\xml-path\4.1.2\xml-path-4.1.2.jar;C:\Users\tnuzum\.m2\repository\org\codehaus\groovy\groovy-xml\2.5.8\groovy-xml-2.5.8.jar;C:\Users\tnuzum\.m2\repository\org\ccil\cowan\tagsoup\tagsoup\1.2.1\tagsoup-1.2.1.jar;C:\Users\tnuzum\.m2\repository\javax\xml\bind\jaxb-api\2.3.1\jaxb-api-2.3.1.jar;C:\Users\tnuzum\.m2\repository\javax\activation\javax.activation-api\1.2.0\javax.activation-api-1.2.0.jar;C:\Users\tnuzum\.m2\repository\com\sun\xml\bind\jaxb-osgi\2.3.0.1\jaxb-osgi-2.3.0.1.jar;C:\Users\tnuzum\.m2\repository\org\apache\sling\org.apache.sling.javax.activation\0.1.0\org.apache.sling.javax.activation-0.1.0.jar;C:\Users\tnuzum\.m2\repository\javax\activation\activation\1.1.1\activation-1.1.1.jar;C:\Users\tnuzum\.m2\repository\org\apache\johnzon\johnzon-mapper\1.1.13\johnzon-mapper-1.1.13.jar;C:\Users\tnuzum\.m2\repository\org\apache\johnzon\johnzon-core\1.1.13\johnzon-core-1.1.13.jar;C:\Users\tnuzum\.m2\repository\javax\json\javax.json-api\1.1.4\javax.json-api-1.1.4.jar;C:\Users\tnuzum\.m2\repository\junit\junit\4.12\junit-4.12.jar;C:\Users\tnuzum\.m2\repository\org\assertj\assertj-core\3.12.2\assertj-core-3.12.2.jar;C:\Users\tnuzum\.m2\repository\commons-io\commons-io\2.6\commons-io-2.6.jar;C:\Users\tnuzum\.m2\repository\org\mockito\mockito-core\1.10.19\mockito-core-1.10.19.jar;C:\Users\tnuzum\.m2\repository\org\objenesis\objenesis\2.1\objenesis-2.1.jar;C:\Users\tnuzum\.m2\repository\org\testng\testng\7.0.0\testng-7.0.0.jar;C:\Users\tnuzum\.m2\repository\com\beust\jcommander\1.72\jcommander-1.72.jar;C:\Users\tnuzum\.m2\repository\io\rest-assured\rest-assured\4.1.2\rest-assured-4.1.2.jar;C:\Users\tnuzum\.m2\repository\org\apache\httpcomponents\httpclient\4.5.3\httpclient-4.5.3.jar;C:\Users\tnuzum\.m2\repository\org\apache\httpcomponents\httpcore\4.4.6\httpcore-4.4.6.jar;C:\Users\tnuzum\.m2\repository\commons-logging\commons-logging\1.2\commons-logging-1.2.jar;C:\Users\tnuzum\.m2\repository\commons-codec\commons-codec\1.9\commons-codec-1.9.jar;C:\Users\tnuzum\.m2\repository\org\apache\httpcomponents\httpmime\4.5.3\httpmime-4.5.3.jar;"/>
    <property name="java.vm.vendor" value="Oracle Corporation"/>
    <property name="sun.arch.data.model" value="64"/>
    <property name="user.variant" value=""/>
    <property name="java.vendor.url" value="http://java.oracle.com/"/>
    <property name="user.timezone" value="America/New_York"/>
    <property name="java.vm.specification.version" value="11"/>
    <property name="os.name" value="Windows 10"/>
    <property name="sun.java.launcher" value="SUN_STANDARD"/>
    <property name="user.country" value="US"/>
    <property name="sun.boot.library.path" value="C:\Program Files\Java\jdk-11.0.3\bin"/>
    <property name="sun.java.command" value="C:\Users\tnuzum\AppData\Local\Temp\surefire16655886006095333707\surefirebooter7215037501234293587.jar C:\Users\tnuzum\AppData\Local\Temp\surefire16655886006095333707 2019-12-31T11-44-52_915-jvmRun1 surefire1979659652474355337tmp surefire_0529174569376920024tmp"/>
    <property name="jdk.debug" value="release"/>
    <property name="surefire.test.class.path" value="C:\Users\tnuzum\eclipse-workspace\API\target\test-classes;C:\Users\tnuzum\eclipse-workspace\API\target\classes;C:\Users\tnuzum\.m2\repository\org\apache\maven\maven-plugin-api\3.6.3\maven-plugin-api-3.6.3.jar;C:\Users\tnuzum\.m2\repository\org\apache\maven\maven-model\3.6.3\maven-model-3.6.3.jar;C:\Users\tnuzum\.m2\repository\org\eclipse\sisu\org.eclipse.sisu.plexus\0.3.4\org.eclipse.sisu.plexus-0.3.4.jar;C:\Users\tnuzum\.m2\repository\javax\enterprise\cdi-api\1.0\cdi-api-1.0.jar;C:\Users\tnuzum\.m2\repository\javax\annotation\jsr250-api\1.0\jsr250-api-1.0.jar;C:\Users\tnuzum\.m2\repository\org\codehaus\plexus\plexus-utils\3.2.1\plexus-utils-3.2.1.jar;C:\Users\tnuzum\.m2\repository\org\codehaus\plexus\plexus-classworlds\2.6.0\plexus-classworlds-2.6.0.jar;C:\Users\tnuzum\.m2\repository\org\apache\maven\plugins\maven-compiler-plugin\3.8.1\maven-compiler-plugin-3.8.1.jar;C:\Users\tnuzum\.m2\repository\org\apache\maven\shared\maven-shared-utils\3.2.1\maven-shared-utils-3.2.1.jar;C:\Users\tnuzum\.m2\repository\org\apache\maven\shared\maven-shared-incremental\1.1\maven-shared-incremental-1.1.jar;C:\Users\tnuzum\.m2\repository\org\codehaus\plexus\plexus-java\0.9.10\plexus-java-0.9.10.jar;C:\Users\tnuzum\.m2\repository\org\ow2\asm\asm\6.2\asm-6.2.jar;C:\Users\tnuzum\.m2\repository\com\thoughtworks\qdox\qdox\2.0-M8\qdox-2.0-M8.jar;C:\Users\tnuzum\.m2\repository\org\codehaus\plexus\plexus-compiler-api\2.8.4\plexus-compiler-api-2.8.4.jar;C:\Users\tnuzum\.m2\repository\org\codehaus\plexus\plexus-compiler-manager\2.8.4\plexus-compiler-manager-2.8.4.jar;C:\Users\tnuzum\.m2\repository\org\codehaus\plexus\plexus-compiler-javac\2.8.4\plexus-compiler-javac-2.8.4.jar;C:\Users\tnuzum\.m2\repository\org\apache\maven\maven-artifact\3.6.3\maven-artifact-3.6.3.jar;C:\Users\tnuzum\.m2\repository\org\apache\commons\commons-lang3\3.8.1\commons-lang3-3.8.1.jar;C:\Users\tnuzum\.m2\repository\org\apache\maven\maven-core\3.6.3\maven-core-3.6.3.jar;C:\Users\tnuzum\.m2\repository\org\apache\maven\maven-settings\3.6.3\maven-settings-3.6.3.jar;C:\Users\tnuzum\.m2\repository\org\apache\maven\maven-settings-builder\3.6.3\maven-settings-builder-3.6.3.jar;C:\Users\tnuzum\.m2\repository\org\codehaus\plexus\plexus-interpolation\1.25\plexus-interpolation-1.25.jar;C:\Users\tnuzum\.m2\repository\org\sonatype\plexus\plexus-sec-dispatcher\1.4\plexus-sec-dispatcher-1.4.jar;C:\Users\tnuzum\.m2\repository\org\sonatype\plexus\plexus-cipher\1.4\plexus-cipher-1.4.jar;C:\Users\tnuzum\.m2\repository\org\apache\maven\maven-builder-support\3.6.3\maven-builder-support-3.6.3.jar;C:\Users\tnuzum\.m2\repository\org\apache\maven\maven-repository-metadata\3.6.3\maven-repository-metadata-3.6.3.jar;C:\Users\tnuzum\.m2\repository\org\apache\maven\maven-model-builder\3.6.3\maven-model-builder-3.6.3.jar;C:\Users\tnuzum\.m2\repository\org\apache\maven\maven-resolver-provider\3.6.3\maven-resolver-provider-3.6.3.jar;C:\Users\tnuzum\.m2\repository\org\slf4j\slf4j-api\1.7.29\slf4j-api-1.7.29.jar;C:\Users\tnuzum\.m2\repository\org\apache\maven\resolver\maven-resolver-impl\1.4.1\maven-resolver-impl-1.4.1.jar;C:\Users\tnuzum\.m2\repository\org\apache\maven\resolver\maven-resolver-api\1.4.1\maven-resolver-api-1.4.1.jar;C:\Users\tnuzum\.m2\repository\org\apache\maven\resolver\maven-resolver-spi\1.4.1\maven-resolver-spi-1.4.1.jar;C:\Users\tnuzum\.m2\repository\org\apache\maven\resolver\maven-resolver-util\1.4.1\maven-resolver-util-1.4.1.jar;C:\Users\tnuzum\.m2\repository\org\eclipse\sisu\org.eclipse.sisu.inject\0.3.4\org.eclipse.sisu.inject-0.3.4.jar;C:\Users\tnuzum\.m2\repository\com\google\inject\guice\4.2.1\guice-4.2.1-no_aop.jar;C:\Users\tnuzum\.m2\repository\aopalliance\aopalliance\1.0\aopalliance-1.0.jar;C:\Users\tnuzum\.m2\repository\com\google\guava\guava\25.1-android\guava-25.1-android.jar;C:\Users\tnuzum\.m2\repository\com\google\code\findbugs\jsr305\3.0.2\jsr305-3.0.2.jar;C:\Users\tnuzum\.m2\repository\org\checkerframework\checker-compat-qual\2.0.0\checker-compat-qual-2.0.0.jar;C:\Users\tnuzum\.m2\repository\com\google\errorprone\error_prone_annotations\2.1.3\error_prone_annotations-2.1.3.jar;C:\Users\tnuzum\.m2\repository\com\google\j2objc\j2objc-annotations\1.1\j2objc-annotations-1.1.jar;C:\Users\tnuzum\.m2\repository\org\codehaus\mojo\animal-sniffer-annotations\1.14\animal-sniffer-annotations-1.14.jar;C:\Users\tnuzum\.m2\repository\javax\inject\javax.inject\1\javax.inject-1.jar;C:\Users\tnuzum\.m2\repository\org\codehaus\plexus\plexus-component-annotations\2.1.0\plexus-component-annotations-2.1.0.jar;C:\Users\tnuzum\.m2\repository\com\github\scribejava\scribejava-apis\6.9.0\scribejava-apis-6.9.0.jar;C:\Users\tnuzum\.m2\repository\com\github\scribejava\scribejava-core\6.9.0\scribejava-core-6.9.0.jar;C:\Users\tnuzum\.m2\repository\com\fasterxml\jackson\core\jackson-databind\2.10.0\jackson-databind-2.10.0.jar;C:\Users\tnuzum\.m2\repository\com\fasterxml\jackson\core\jackson-annotations\2.10.0\jackson-annotations-2.10.0.jar;C:\Users\tnuzum\.m2\repository\com\fasterxml\jackson\core\jackson-core\2.10.0\jackson-core-2.10.0.jar;C:\Users\tnuzum\.m2\repository\org\hamcrest\hamcrest-core\2.2\hamcrest-core-2.2.jar;C:\Users\tnuzum\.m2\repository\org\hamcrest\hamcrest\2.2\hamcrest-2.2.jar;C:\Users\tnuzum\.m2\repository\org\hamcrest\hamcrest-library\2.2\hamcrest-library-2.2.jar;C:\Users\tnuzum\.m2\repository\io\rest-assured\json-path\4.1.2\json-path-4.1.2.jar;C:\Users\tnuzum\.m2\repository\org\codehaus\groovy\groovy-json\2.5.8\groovy-json-2.5.8.jar;C:\Users\tnuzum\.m2\repository\org\codehaus\groovy\groovy\2.5.8\groovy-2.5.8.jar;C:\Users\tnuzum\.m2\repository\io\rest-assured\rest-assured-common\4.1.2\rest-assured-common-4.1.2.jar;C:\Users\tnuzum\.m2\repository\io\rest-assured\xml-path\4.1.2\xml-path-4.1.2.jar;C:\Users\tnuzum\.m2\repository\org\codehaus\groovy\groovy-xml\2.5.8\groovy-xml-2.5.8.jar;C:\Users\tnuzum\.m2\repository\org\ccil\cowan\tagsoup\tagsoup\1.2.1\tagsoup-1.2.1.jar;C:\Users\tnuzum\.m2\repository\javax\xml\bind\jaxb-api\2.3.1\jaxb-api-2.3.1.jar;C:\Users\tnuzum\.m2\repository\javax\activation\javax.activation-api\1.2.0\javax.activation-api-1.2.0.jar;C:\Users\tnuzum\.m2\repository\com\sun\xml\bind\jaxb-osgi\2.3.0.1\jaxb-osgi-2.3.0.1.jar;C:\Users\tnuzum\.m2\repository\org\apache\sling\org.apache.sling.javax.activation\0.1.0\org.apache.sling.javax.activation-0.1.0.jar;C:\Users\tnuzum\.m2\repository\javax\activation\activation\1.1.1\activation-1.1.1.jar;C:\Users\tnuzum\.m2\repository\org\apache\johnzon\johnzon-mapper\1.1.13\johnzon-mapper-1.1.13.jar;C:\Users\tnuzum\.m2\repository\org\apache\johnzon\johnzon-core\1.1.13\johnzon-core-1.1.13.jar;C:\Users\tnuzum\.m2\repository\javax\json\javax.json-api\1.1.4\javax.json-api-1.1.4.jar;C:\Users\tnuzum\.m2\repository\junit\junit\4.12\junit-4.12.jar;C:\Users\tnuzum\.m2\repository\org\assertj\assertj-core\3.12.2\assertj-core-3.12.2.jar;C:\Users\tnuzum\.m2\repository\commons-io\commons-io\2.6\commons-io-2.6.jar;C:\Users\tnuzum\.m2\repository\org\mockito\mockito-core\1.10.19\mockito-core-1.10.19.jar;C:\Users\tnuzum\.m2\repository\org\objenesis\objenesis\2.1\objenesis-2.1.jar;C:\Users\tnuzum\.m2\repository\org\testng\testng\7.0.0\testng-7.0.0.jar;C:\Users\tnuzum\.m2\repository\com\beust\jcommander\1.72\jcommander-1.72.jar;C:\Users\tnuzum\.m2\repository\io\rest-assured\rest-assured\4.1.2\rest-assured-4.1.2.jar;C:\Users\tnuzum\.m2\repository\org\apache\httpcomponents\httpclient\4.5.3\httpclient-4.5.3.jar;C:\Users\tnuzum\.m2\repository\org\apache\httpcomponents\httpcore\4.4.6\httpcore-4.4.6.jar;C:\Users\tnuzum\.m2\repository\commons-logging\commons-logging\1.2\commons-logging-1.2.jar;C:\Users\tnuzum\.m2\repository\commons-codec\commons-codec\1.9\commons-codec-1.9.jar;C:\Users\tnuzum\.m2\repository\org\apache\httpcomponents\httpmime\4.5.3\httpmime-4.5.3.jar;"/>
    <property name="sun.cpu.endian" value="little"/>
    <property name="user.home" value="C:\Users\tnuzum"/>
    <property name="user.language" value="en"/>
    <property name="java.specification.vendor" value="Oracle Corporation"/>
    <property name="java.version.date" value="2019-04-16"/>
    <property name="java.home" value="C:\Program Files\Java\jdk-11.0.3"/>
    <property name="file.separator" value="\"/>
    <property name="basedir" value="C:\Users\tnuzum\eclipse-workspace\API"/>
    <property name="java.vm.compressedOopsMode" value="Zero based"/>
    <property name="line.separator" value="&#10;"/>
    <property name="java.specification.name" value="Java Platform API Specification"/>
    <property name="java.vm.specification.vendor" value="Oracle Corporation"/>
    <property name="java.awt.graphicsenv" value="sun.awt.Win32GraphicsEnvironment"/>
    <property name="surefire.real.class.path" value="C:\Users\tnuzum\AppData\Local\Temp\surefire16655886006095333707\surefirebooter7215037501234293587.jar"/>
    <property name="user.script" value=""/>
    <property name="sun.management.compiler" value="HotSpot 64-Bit Tiered Compilers"/>
    <property name="java.runtime.version" value="11.0.3+12-LTS"/>
    <property name="user.name" value="tnuzum"/>
    <property name="path.separator" value=";"/>
    <property name="os.version" value="10.0"/>
    <property name="java.runtime.name" value="Java(TM) SE Runtime Environment"/>
    <property name="file.encoding" value="Cp1252"/>
    <property name="java.vm.name" value="Java HotSpot(TM) 64-Bit Server VM"/>
    <property name="java.vendor.version" value="18.9"/>
    <property name="localRepository" value="C:\Users\tnuzum\.m2\repository"/>
    <property name="java.vendor.url.bug" value="http://bugreport.java.com/bugreport/"/>
    <property name="java.io.tmpdir" value="C:\Users\tnuzum\AppData\Local\Temp\"/>
    <property name="java.version" value="11.0.3"/>
    <property name="user.dir" value="C:\Users\tnuzum\eclipse-workspace\API"/>
    <property name="os.arch" value="amd64"/>
    <property name="java.vm.specification.name" value="Java Virtual Machine Specification"/>
    <property name="java.awt.printerjob" value="sun.awt.windows.WPrinterJob"/>
    <property name="sun.os.patch.level" value=""/>
    <property name="java.library.path" value="C:\Program Files\Java\jdk-11.0.3\bin;C:\WINDOWS\Sun\Java\bin;C:\WINDOWS\system32;C:\WINDOWS;C:\Program Files (x86)\Common Files\Oracle\Java\javapath;C:\WINDOWS\system32;C:\WINDOWS;C:\WINDOWS\System32\Wbem;C:\WINDOWS\System32\WindowsPowerShell\v1.0\;C:\WINDOWS\System32\OpenSSH\;C:\Program Files\Git\cmd;C:\Users\tnuzum\AppData\Local\Microsoft\WindowsApps;C:\Program Files\Java\jdk-11.0.3\bin;C:\Users\tnuzum\Automation\libs\apache-maven-3.6.1\bin;C:\Users\tnuzum\AppData\Local\GitHubDesktop\bin;."/>
    <property name="java.vendor" value="Oracle Corporation"/>
    <property name="java.vm.info" value="mixed mode"/>
    <property name="java.vm.version" value="11.0.3+12-LTS"/>
    <property name="sun.io.unicode.encoding" value="UnicodeLittle"/>
    <property name="java.class.version" value="55.0"/>
  </properties>
  <testcase name="accountLocked" classname="JonasFitness.API.AuthenticateMemberByUserCredentials" time="1.758"/>
  <testcase name="forcePasswordChange" classname="JonasFitness.API.AuthenticateMemberByUserCredentials" time="0.432"/>
  <testcase name="memberFound" classname="JonasFitness.API.AuthenticateMemberByUserCredentials" time="0.611"/>
  <testcase name="FreeAppointment_SingleMember" classname="JonasFitness.API.BookAppointmentByEmployee" time="2.022"/>
  <testcase name="PaidAppointment_MultipleMember" classname="JonasFitness.API.BookAppointmentByEmployee" time="1.391"/>
  <testcase name="PaidAppointment_SingleMember" classname="JonasFitness.API.BookAppointmentByEmployee" time="1.279"/>
  <testcase name="notValidBookableItem" classname="JonasFitness.API.BookAppointmentByEmployee" time="0.506"/>
  <testcase name="punchcardAppointment_SingleMember" classname="JonasFitness.API.BookAppointmentByEmployee" time="1.55"/>
  <testcase name="FreeAppointment_SingleMember" classname="JonasFitness.API.BookAppointmentByMember" time="2.94"/>
  <testcase name="PaidAppointment_MultipleMember" classname="JonasFitness.API.BookAppointmentByMember" time="2.125"/>
  <testcase name="PaidAppointment_SingleMember" classname="JonasFitness.API.BookAppointmentByMember" time="1.723"/>
  <testcase name="notValidBookableItem" classname="JonasFitness.API.BookAppointmentByMember" time="0.649"/>
  <testcase name="punchcardAppointment_SingleMember" classname="JonasFitness.API.BookAppointmentByMember" time="1.407"/>
  <testcase name="ApptNotFound" classname="JonasFitness.API.CancelAppointmentByEmployee" time="0.437"/>
  <testcase name="NotCancelled_ApptDatePast" classname="JonasFitness.API.CancelAppointmentByEmployee" time="0.574"/>
  <testcase name="ApptNotFound" classname="JonasFitness.API.CancelAppointmentByMember" time="0.429"/>
  <testcase name="classEnded" classname="JonasFitness.API.EnrollMemberInClassOnAccount" time="0.74"/>
  <testcase name="classEnrollmentClosed" classname="JonasFitness.API.EnrollMemberInClassOnAccount" time="0.733"/>
  <testcase name="classNotFound" classname="JonasFitness.API.EnrollMemberInClassOnAccount" time="0.652"/>
  <testcase name="creditLimitedExceeded" classname="JonasFitness.API.EnrollMemberInClassOnAccount" time="0.911"/>
  <testcase name="customerNotFound" classname="JonasFitness.API.EnrollMemberInClassOnAccount" time="0.371"/>
  <testcase name="enrollCollectionsMember" classname="JonasFitness.API.EnrollMemberInClassOnAccount" time="0.871"/>
  <testcase name="enrollFrozenMember" classname="JonasFitness.API.EnrollMemberInClassOnAccount" time="0.733"/>
  <testcase name="enrollProspectMember" classname="JonasFitness.API.EnrollMemberInClassOnAccount" time="0.886"/>
  <testcase name="enrollTerminatedMember" classname="JonasFitness.API.EnrollMemberInClassOnAccount" time="0.737"/>
  <testcase name="enrollmentNotAllowed_Item" classname="JonasFitness.API.EnrollMemberInClassOnAccount" time="0.735"/>
  <testcase name="enrollmentNotOpen" classname="JonasFitness.API.EnrollMemberInClassOnAccount" time="0.735"/>
  <testcase name="memberAlreadyEnrolled" classname="JonasFitness.API.EnrollMemberInClassOnAccount" time="0.762"/>
  <testcase name="memberAlreadyOnStandby" classname="JonasFitness.API.EnrollMemberInClassOnAccount" time="0.713"/>
  <testcase name="memberNotEnrolledOnStandby" classname="JonasFitness.API.EnrollMemberInClassOnAccount" time="0.775"/>
  <testcase name="noFOP_AccountProblem" classname="JonasFitness.API.EnrollMemberInClassOnAccount" time="0.896"/>
  <testcase name="productPriceChanged" classname="JonasFitness.API.EnrollMemberInClassOnAccount" time="0.829"/>
  <testcase name="schedulingConflict" classname="JonasFitness.API.EnrollMemberInClassOnAccount" time="0.788"/>
  <testcase name="courseEnded" classname="JonasFitness.API.EnrollMemberInCourseOnAccount" time="0.598"/>
  <testcase name="courseEnrollmentClosed" classname="JonasFitness.API.EnrollMemberInCourseOnAccount" time="0.634"/>
  <testcase name="courseNotFound" classname="JonasFitness.API.EnrollMemberInCourseOnAccount" time="0.492"/>
  <testcase name="creditLimitedExceeded" classname="JonasFitness.API.EnrollMemberInCourseOnAccount" time="0.795"/>
  <testcase name="customerNotFound" classname="JonasFitness.API.EnrollMemberInCourseOnAccount" time="0.376"/>
  <testcase name="enrollCollectionsMember" classname="JonasFitness.API.EnrollMemberInCourseOnAccount" time="0.799"/>
  <testcase name="enrollFrozenMember" classname="JonasFitness.API.EnrollMemberInCourseOnAccount" time="0.64"/>
  <testcase name="enrollProspectMember" classname="JonasFitness.API.EnrollMemberInCourseOnAccount" time="0.835"/>
  <testcase name="enrollTerminatedMember" classname="JonasFitness.API.EnrollMemberInCourseOnAccount" time="0.652"/>
  <testcase name="enrollmentNotAllowed_Item" classname="JonasFitness.API.EnrollMemberInCourseOnAccount" time="0.795"/>
  <testcase name="enrollmentNotOpen" classname="JonasFitness.API.EnrollMemberInCourseOnAccount" time="0.674"/>
  <testcase name="memberAlreadyEnrolled" classname="JonasFitness.API.EnrollMemberInCourseOnAccount" time="0.586"/>
  <testcase name="memberAlreadyOnStandby" classname="JonasFitness.API.EnrollMemberInCourseOnAccount" time="0.602"/>
  <testcase name="memberNotEnrolledOnStandby" classname="JonasFitness.API.EnrollMemberInCourseOnAccount" time="0.628"/>
  <testcase name="noFOP_AccountProblem" classname="JonasFitness.API.EnrollMemberInCourseOnAccount" time="0.777"/>
  <testcase name="productPriceChanged" classname="JonasFitness.API.EnrollMemberInCourseOnAccount" time="0.67"/>
  <testcase name="notEnoughPunches" classname="JonasFitness.API.EnrollMemberInClassWithPunchcard" time="1.125"/>
  <testcase name="punchcardNotAllowed" classname="JonasFitness.API.EnrollMemberInClassWithPunchcard" time="1.084"/>
  <testcase name="standbyNotAllowed" classname="JonasFitness.API.EnrollMemberInClassWithPunchcard" time="0.772"/>
  <testcase name="notEnoughPunches" classname="JonasFitness.API.EnrollMemberInCourseWithPunchcard" time="0.935"/>
  <testcase name="punchcardNotAllowed" classname="JonasFitness.API.EnrollMemberInCourseWithPunchcard" time="0.966"/>
  <testcase name="standbyNotAllowed" classname="JonasFitness.API.EnrollMemberInCourseWithPunchcard" time="0.6"/>
  <testcase name="BookFound_NoResource" classname="JonasFitness.API.GetActiveBooksByResourceType" time="0.414"/>
  <testcase name="BookFound_WithResource" classname="JonasFitness.API.GetActiveBooksByResourceType" time="0.436"/>
  <testcase name="ClubsFound" classname="JonasFitness.API.GetActiveClubs" time="0.492"/>
  <testcase name="classFound" classname="JonasFitness.API.GetAllAvailableClassesByMember" time="3.671"/>
  <testcase name="classNotFound" classname="JonasFitness.API.GetAllAvailableClassesByMember" time="0.806"/>
  <testcase name="customerNotFound" classname="JonasFitness.API.GetAllAvailableClassesByMember" time="0.352"/>
  <testcase name="ValidInput" classname="JonasFitness.API.GetAllAvailableCoursesByMember" time="1.956"/>
  <testcase name="coursesNotFound" classname="JonasFitness.API.GetAllAvailableCoursesByMember" time="0.976"/>
  <testcase name="customerNotFound" classname="JonasFitness.API.GetAllAvailableCoursesByMember" time="0.354"/>
  <testcase name="OnlineNotAllowed_PackageFound" classname="JonasFitness.API.GetAllPackagesForPurchaseByClub" time="0.987"/>
  <testcase name="PackageFound" classname="JonasFitness.API.GetAllPackagesForPurchaseByClub" time="1.043"/>
  <testcase name="PackageNotFound" classname="JonasFitness.API.GetAllPackagesForPurchaseByClub" time="1.003"/>
  <testcase name="AppointmentsFound" classname="JonasFitness.API.GetAppointmentDetails" time="0.806"/>
  <testcase name="AppointmentsNotFound" classname="JonasFitness.API.GetAppointmentDetails" time="0.607"/>
  <testcase name="ValidInput" classname="JonasFitness.API.GetAppointmentProductByCategory" time="0.502"/>
  <testcase name="MemberNotFound" classname="JonasFitness.API.GetAppointmentProductCategoriesByMember" time="0.438"/>
  <testcase name="ProductCategoryFound" classname="JonasFitness.API.GetAppointmentProductCategoriesByMember" time="0.496"/>
  <testcase name="ProductFoundNoSelectableResources" classname="JonasFitness.API.GetAppointmentResourceTypeByProduct" time="0.491"/>
  <testcase name="ProductFoundSelectableResources" classname="JonasFitness.API.GetAppointmentResourceTypeByProduct" time="0.489"/>
  <testcase name="ProductNotFound" classname="JonasFitness.API.GetAppointmentResourceTypeByProduct" time="0.511"/>
  <testcase name="AppointmentsFound" classname="JonasFitness.API.GetAppointmentsByBook" time="1.156"/>
  <testcase name="AppointmentsNotFound" classname="JonasFitness.API.GetAppointmentsByBook" time="0.439"/>
  <testcase name="InvalidDateRange" classname="JonasFitness.API.GetAppointmentsByBook" time="0.334"/>
  <testcase name="AppointmentsFound" classname="JonasFitness.API.GetAppointmentsByMember" time="0.694"/>
  <testcase name="AppointmentsNotFound" classname="JonasFitness.API.GetAppointmentsByMember" time="0.676"/>
  <testcase name="InvalidDateRange" classname="JonasFitness.API.GetAppointmentsByMember" time="0.334"/>
  <testcase name="AppointmentsFound_NoResources" classname="JonasFitness.API.GetAvailableAppointments" time="2.047"/>
  <testcase name="AppointmentsFound_WithResources" classname="JonasFitness.API.GetAvailableAppointments" time="1.545"/>
  <testcase name="AppointmentsNotFound" classname="JonasFitness.API.GetAvailableAppointments" time="1.214"/>
  <testcase name="ResourceTypesFound" classname="JonasFitness.API.GetAvailableResourceTypesByClub" time="0.422"/>
  <testcase name="ResourceTypesNotFound" classname="JonasFitness.API.GetAvailableResourceTypesByClub" time="0.352"/>
  <testcase name="ValidInput" classname="JonasFitness.API.GetBookAvailabilityCalendar" time="0.511"/>
  <testcase name="CardWithoutAgreement" classname="JonasFitness.API.GetCardsOnFileByMember" time="0.563"/>
  <testcase name="MultipleAgreementsWithMultipleCards" classname="JonasFitness.API.GetCardsOnFileByMember" time="0.69"/>
  <testcase name="MultipleAgreementsWithSingleCard" classname="JonasFitness.API.GetCardsOnFileByMember" time="0.739"/>
  <testcase name="NoCardOnFile" classname="JonasFitness.API.GetCardsOnFileByMember" time="0.483"/>
  <testcase name="SingleAgreementMultipleCardsOnFile" classname="JonasFitness.API.GetCardsOnFileByMember" time="0.708"/>
  <testcase name="SingleAgreementWithCard" classname="JonasFitness.API.GetCardsOnFileByMember" time="0.568"/>
  <testcase name="ClassesCoursesFound" classname="JonasFitness.API.GetClassesAndCoursesByBook" time="0.793"/>
  <testcase name="ClassesCoursesFound" classname="JonasFitness.API.GetClassesAndCoursesByMember" time="0.725"/>
  <testcase name="ClassesCoursesNotFound" classname="JonasFitness.API.GetClassesAndCoursesByMember" time="0.432"/>
  <testcase name="ClubsFound" classname="JonasFitness.API.GetClubsByMember" time="0.584"/>
  <testcase name="MemberNotFound" classname="JonasFitness.API.GetClubsByMember" time="0.582"/>
  <testcase name="classFoundOnlineSaleAllowed" classname="JonasFitness.API.GetClassDetails" time="1.182"/>
  <testcase name="classFoundOnlineSaleNotAllowed" classname="JonasFitness.API.GetClassDetails" time="0.724"/>
  <testcase name="classNotFound_ClassBarcodeIDUsed" classname="JonasFitness.API.GetClassDetails" time="0.577"/>
  <testcase name="classNotFound_InvalidClassBarcodeID" classname="JonasFitness.API.GetClassDetails" time="0.869"/>
  <testcase name="classNotFound_TrainingBarcodeIDUsed" classname="JonasFitness.API.GetClassDetails" time="0.583"/>
  <testcase name="invalidCustomerId" classname="JonasFitness.API.GetClassDetails" time="0.362"/>
  <testcase name="courseFound" classname="JonasFitness.API.GetCourseDetails" time="1.092"/>
  <testcase name="courseNotFound_ClassBarcodeIDUsed" classname="JonasFitness.API.GetCourseDetails" time="0.915"/>
  <testcase name="courseNotFound_InvalidCourseBarcodeID" classname="JonasFitness.API.GetCourseDetails" time="0.738"/>
  <testcase name="courseNotFound_TrainingBarcodeIDUsed" classname="JonasFitness.API.GetCourseDetails" time="0.989"/>
  <testcase name="invalidCustomerId" classname="JonasFitness.API.GetCourseDetails" time="0.655"/>
  <testcase name="fieldsFound" classname="JonasFitness.API.GetFieldsForAddOnMemberCreationByEmployee" time="4.693"/>
  <testcase name="MemberFound" classname="JonasFitness.API.GetMember" time="1.019"/>
  <testcase name="MemberNotFound" classname="JonasFitness.API.GetMember" time="0.367"/>
  <testcase name="classNotFound" classname="JonasFitness.API.GetOnlineAvailableClassesByMember" time="0.774"/>
  <testcase name="classesFound" classname="JonasFitness.API.GetOnlineAvailableClassesByMember" time="3.027"/>
  <testcase name="customerNotFound" classname="JonasFitness.API.GetOnlineAvailableClassesByMember" time="0.383"/>
  <testcase name="coursesFound" classname="JonasFitness.API.GetOnlineAvailableCoursesByMember" time="1.647"/>
  <testcase name="coursesNotFound" classname="JonasFitness.API.GetOnlineAvailableCoursesByMember" time="0.954"/>
  <testcase name="customerNotFound" classname="JonasFitness.API.GetOnlineAvailableCoursesByMember" time="0.36"/>
  <testcase name="PackageNotAllowed" classname="JonasFitness.API.GetOnlinePackagesForPurchaseByClub" time="0.822"/>
  <testcase name="PackagesFound" classname="JonasFitness.API.GetOnlinePackagesForPurchaseByClub" time="0.88"/>
  <testcase name="NotServiceTypeV" classname="JonasFitness.API.GetPackageDetails" time="0.425"/>
  <testcase name="invalidCustomerId" classname="JonasFitness.API.GetPackageDetails" time="0.432"/>
  <testcase name="invalidPackageId" classname="JonasFitness.API.GetPackageDetails" time="0.416"/>
  <testcase name="multiplePriceRanges" classname="JonasFitness.API.GetPackageDetails" time="0.537"/>
  <testcase name="service_Inactive" classname="JonasFitness.API.GetPackageDetails" time="0.533"/>
  <testcase name="service_OnlineSalesAllowed" classname="JonasFitness.API.GetPackageDetails" time="0.685"/>
  <testcase name="service_OnlineSalesNotAllowed" classname="JonasFitness.API.GetPackageDetails" time="0.499"/>
  <testcase name="singlePriceRange" classname="JonasFitness.API.GetPackageDetails" time="0.505"/>
  <testcase name="training_Inactive" classname="JonasFitness.API.GetPackageDetails" time="0.51"/>
  <testcase name="training_OnlineSalesAllowed" classname="JonasFitness.API.GetPackageDetails" time="0.51"/>
  <testcase name="training_OnlineSalesNotAllowed" classname="JonasFitness.API.GetPackageDetails" time="0.683"/>
  <testcase name="ProductFound" classname="JonasFitness.API.GetProductByBook" time="0.469"/>
  <testcase name="PackagesFound" classname="JonasFitness.API.GetPurchasedPackagesByMember" time="0.587"/>
  <testcase name="PackagesNotFound" classname="JonasFitness.API.GetPurchasedPackagesByMember" time="0.496"/>
  <testcase name="AppointmentsNotFound" classname="JonasFitness.API.GetScheduleByBook" time="0.434"/>
  <testcase name="ClassesNotFound" classname="JonasFitness.API.GetScheduleByBook" time="0.453"/>
  <testcase name="GetAppointments" classname="JonasFitness.API.GetScheduleByBook" time="0.832"/>
  <testcase name="GetClasses" classname="JonasFitness.API.GetScheduleByBook" time="1.204"/>
  <testcase name="appointmentFound" classname="JonasFitness.API.GetScheduleByMember" time="0.685"/>
  <testcase name="classFound" classname="JonasFitness.API.GetScheduleByMember" time="0.731"/>
  <testcase name="classNotFound" classname="JonasFitness.API.GetScheduleByMember" time="0.453"/>
  <testcase name="searchMembers_Email" classname="JonasFitness.API.SearchMembers" time="0.551"/>
  <testcase name="searchMembers_FirstName" classname="JonasFitness.API.SearchMembers" time="0.699"/>
  <testcase name="searchMembers_HomePhoneDashes" classname="JonasFitness.API.SearchMembers" time="0.519"/>
  <testcase name="searchMembers_HomePhoneNoDashes" classname="JonasFitness.API.SearchMembers" time="0.532"/>
  <testcase name="searchMembers_LastFirstName" classname="JonasFitness.API.SearchMembers" time="0.543"/>
  <testcase name="searchMembers_LastName" classname="JonasFitness.API.SearchMembers" time="0.813"/>
  <testcase name="searchMembers_MobilePhoneDashes" classname="JonasFitness.API.SearchMembers" time="0.514"/>
  <testcase name="searchMembers_MobilePhoneNoDashes" classname="JonasFitness.API.SearchMembers" time="0.517"/>
  <testcase name="searchMembers_WorkPhoneDashes" classname="JonasFitness.API.SearchMembers" time="0.522"/>
  <testcase name="searchMembers_WorkPhoneNoDashes" classname="JonasFitness.API.SearchMembers" time="0.538"/>
  <testcase name="searchMembersByProduct_Email" classname="JonasFitness.API.SearchMembersByProduct" time="0.631"/>
  <testcase name="searchMembersByProduct_FirstLastName" classname="JonasFitness.API.SearchMembersByProduct" time="0.448"/>
  <testcase name="searchMembersByProduct_FirstName" classname="JonasFitness.API.SearchMembersByProduct" time="0.665"/>
  <testcase name="searchMembersByProduct_HomePhoneWithDashes" classname="JonasFitness.API.SearchMembersByProduct" time="0.647"/>
  <testcase name="searchMembersByProduct_HomePhoneWithoutDashes" classname="JonasFitness.API.SearchMembersByProduct" time="0.461"/>
  <testcase name="searchMembersByProduct_LastFirstName" classname="JonasFitness.API.SearchMembersByProduct" time="0.46"/>
  <testcase name="searchMembersByProduct_LastName" classname="JonasFitness.API.SearchMembersByProduct" time="0.52"/>
  <testcase name="searchMembersByProduct_MobilePhoneWithDashes" classname="JonasFitness.API.SearchMembersByProduct" time="0.475"/>
  <testcase name="searchMembersByProduct_MobilePhoneWithoutDashes" classname="JonasFitness.API.SearchMembersByProduct" time="0.48"/>
  <testcase name="searchMembersByProduct_WorkPhoneWithDashes" classname="JonasFitness.API.SearchMembersByProduct" time="0.448"/>
  <testcase name="searchOnlineMembers_Email" classname="JonasFitness.API.SearchOnlineMembersByProduct" time="0.612"/>
  <testcase name="searchOnlineMembers_FirstLastName" classname="JonasFitness.API.SearchOnlineMembersByProduct" time="0.576"/>
  <testcase name="searchOnlineMembers_FirstName" classname="JonasFitness.API.SearchOnlineMembersByProduct" time="0.592"/>
  <testcase name="searchOnlineMembers_HomePhoneNoDashes" classname="JonasFitness.API.SearchOnlineMembersByProduct" time="0.595"/>
  <testcase name="searchOnlineMembers_HomePhoneWithDashes" classname="JonasFitness.API.SearchOnlineMembersByProduct" time="0.578"/>
  <testcase name="searchOnlineMembers_LastFirstName" classname="JonasFitness.API.SearchOnlineMembersByProduct" time="0.581"/>
  <testcase name="searchOnlineMembers_LastName" classname="JonasFitness.API.SearchOnlineMembersByProduct" time="0.772"/>
  <testcase name="searchOnlineMembers_MobilePhoneNoDashes" classname="JonasFitness.API.SearchOnlineMembersByProduct" time="0.564"/>
  <testcase name="searchOnlineMembers_MobilePhoneWithDashes" classname="JonasFitness.API.SearchOnlineMembersByProduct" time="0.563"/>
  <testcase name="searchOnlineMembers_WorkPhone" classname="JonasFitness.API.SearchOnlineMembersByProduct" time="0.443"/>
  <testcase name="InvalidAPIKey" classname="JonasFitness.API.SecurityPipeline" time="0.233"/>
  <testcase name="InvalidClub" classname="JonasFitness.API.SecurityPipeline" time="0.319"/>
  <testcase name="InvalidCompany" classname="JonasFitness.API.SecurityPipeline" time="0.237"/>
  <testcase name="NoAPIKey" classname="JonasFitness.API.SecurityPipeline" time="0.206"/>
  <testcase name="classFullStandbyAllowed" classname="JonasFitness.API.VerifyClassEnrollmentCapability" time="0.61"/>
  <testcase name="customerAlreadyEnrolled" classname="JonasFitness.API.VerifyClassEnrollmentCapability" time="0.605"/>
  <testcase name="customerAlreadyOnStandby" classname="JonasFitness.API.VerifyClassEnrollmentCapability" time="0.595"/>
  <testcase name="enrollmentCapabilityVerified" classname="JonasFitness.API.VerifyClassEnrollmentCapability" time="0.608"/>
  <testcase name="enrollmentNotAllowed" classname="JonasFitness.API.VerifyClassEnrollmentCapability" time="0.602"/>
  <testcase name="invalidClassBarcodeId" classname="JonasFitness.API.VerifyClassEnrollmentCapability" time="0.464"/>
  <testcase name="invalidCustomerId" classname="JonasFitness.API.VerifyClassEnrollmentCapability" time="0.22"/>
  <testcase name="invalidOccurrence" classname="JonasFitness.API.VerifyClassEnrollmentCapability" time="0.446"/>
  <testcase name="productPriceChanged" classname="JonasFitness.API.VerifyClassEnrollmentCapability" time="0.605"/>
  <testcase name="courseFullStandbyAllowed" classname="JonasFitness.API.VerifyCourseEnrollmentCapability" time="0.511"/>
  <testcase name="customerAlreadyEnrolled" classname="JonasFitness.API.VerifyCourseEnrollmentCapability" time="0.466"/>
  <testcase name="customerAlreadyOnStandby" classname="JonasFitness.API.VerifyCourseEnrollmentCapability" time="0.732"/>
  <testcase name="enrollmentCapabilityVerified" classname="JonasFitness.API.VerifyCourseEnrollmentCapability" time="0.468"/>
  <testcase name="enrollmentNotAllowed" classname="JonasFitness.API.VerifyCourseEnrollmentCapability" time="1.206"/>
  <testcase name="invalidCourseBarcodeId" classname="JonasFitness.API.VerifyCourseEnrollmentCapability" time="0.328"/>
  <testcase name="invalidCustomerId" classname="JonasFitness.API.VerifyCourseEnrollmentCapability" time="0.222"/>
  <testcase name="productPriceChanged" classname="JonasFitness.API.VerifyCourseEnrollmentCapability" time="0.5"/>
</testsuite>