<?xml version="1.0" encoding="UTF-8"?>
<!-- Generated by org.testng.reporters.JUnitReportReporter -->
<testsuite hostname="COL-TNUZUM" failures="0" tests="1" name="JonasFitness.API.GetAvailableResourceTypesByClub" time="0.643" errors="0" timestamp="2019-10-23T09:26:06 EDT" skipped="0">
  <testcase classname="JonasFitness.API.GetAvailableResourceTypesByClub" name="Test1" time="0.643"/>
</testsuite> <!-- JonasFitness.API.GetAvailableResourceTypesByClub -->
