<?xml version="1.0" encoding="UTF-8"?>
<!-- Generated by org.testng.reporters.JUnitReportReporter -->
<testsuite hostname="COL-TNUZUM" failures="0" tests="2" name="JonasFitness.API.GetAvailableAppointments" time="4.366" errors="0" timestamp="2019-11-05T11:28:48 EST" skipped="0">
  <testcase classname="JonasFitness.API.GetAvailableAppointments" name="NoResources" time="2.707"/>
  <testcase classname="JonasFitness.API.GetAvailableAppointments" name="WithResources" time="1.659"/>
</testsuite> <!-- JonasFitness.API.GetAvailableAppointments -->
