<?xml version="1.0" encoding="UTF-8"?>
<!-- Generated by org.testng.reporters.JUnitReportReporter -->
<testsuite hostname="COL-TNUZUM" failures="0" tests="1" name="JonasFitness.API.AuthenticateMember" time="2.007" errors="0" timestamp="2019-10-09T15:34:58 EDT" skipped="0">
  <testcase classname="JonasFitness.API.AuthenticateMember" name="Test1" time="2.007"/>
</testsuite> <!-- JonasFitness.API.AuthenticateMember -->
