<?xml version="1.0" encoding="UTF-8"?>
<!-- Generated by org.testng.reporters.JUnitReportReporter -->
<testsuite hostname="COL-TNUZUM" failures="0" tests="2" name="JonasFitness.API.GetAvailableAppointments" time="3.709" errors="0" timestamp="2019-10-17T15:58:14 EDT" skipped="0">
  <testcase classname="JonasFitness.API.GetAvailableAppointments" name="GetAvailableAppointments_WithResources" time="1.777"/>
  <testcase classname="JonasFitness.API.GetAvailableAppointments" name="GetAvailableAppointments_NoResources" time="1.932"/>
</testsuite> <!-- JonasFitness.API.GetAvailableAppointments -->
