<?xml version="1.0" encoding="UTF-8"?>
<!-- Generated by org.testng.reporters.JUnitReportReporter -->
<testsuite hostname="COL-TNUZUM" failures="0" tests="2" name="JonasFitness.API.GetPurchasedPackagesByMember" time="1.369" errors="0" timestamp="2020-02-18T15:18:35 EST" skipped="0">
  <testcase classname="JonasFitness.API.GetPurchasedPackagesByMember" name="PackagesFound" time="0.848"/>
  <system-out/>
  <testcase classname="JonasFitness.API.GetPurchasedPackagesByMember" name="PackagesNotFound" time="0.521"/>
  <system-out/>
</testsuite> <!-- JonasFitness.API.GetPurchasedPackagesByMember -->
