<?xml version="1.0" encoding="UTF-8"?>
<!-- Generated by org.testng.reporters.JUnitReportReporter -->
<testsuite hostname="COL-TNUZUM" failures="0" tests="1" name="JonasFitness.API.GetClassesAndCoursesByBook" time="0.664" errors="0" timestamp="2019-12-02T15:26:05 EST" skipped="0">
  <testcase classname="JonasFitness.API.GetClassesAndCoursesByBook" name="ClassesCoursesFound" time="0.664"/>
</testsuite> <!-- JonasFitness.API.GetClassesAndCoursesByBook -->
