<?xml version="1.0" encoding="UTF-8"?>
<!-- Generated by org.testng.reporters.JUnitReportReporter -->
<testsuite hostname="COL-TNUZUM" failures="0" tests="2" name="JonasFitness.API.GetClubsByMember" time="0.995" errors="0" timestamp="2020-02-18T15:18:35 EST" skipped="0">
  <testcase classname="JonasFitness.API.GetClubsByMember" name="MemberNotFound" time="0.386"/>
  <system-out/>
  <testcase classname="JonasFitness.API.GetClubsByMember" name="ClubsFound" time="0.609"/>
  <system-out/>
</testsuite> <!-- JonasFitness.API.GetClubsByMember -->
