<?xml version="1.0" encoding="UTF-8"?>
<!-- Generated by org.testng.reporters.JUnitReportReporter -->
<testsuite hostname="COL-TNUZUM" failures="0" tests="4" name="JonasFitness.API.GetScheduleByBook" time="4.318" errors="0" timestamp="2020-02-17T12:08:06 EST" skipped="0">
  <testcase classname="JonasFitness.API.GetScheduleByBook" name="GetClasses" time="1.170"/>
  <system-out/>
  <testcase classname="JonasFitness.API.GetScheduleByBook" name="AppointmentsNotFound" time="0.640"/>
  <system-out/>
  <testcase classname="JonasFitness.API.GetScheduleByBook" name="ClassesNotFound" time="0.447"/>
  <system-out/>
  <testcase classname="JonasFitness.API.GetScheduleByBook" name="GetAppointments" time="2.061"/>
  <system-out/>
</testsuite> <!-- JonasFitness.API.GetScheduleByBook -->
