<?xml version="1.0" encoding="UTF-8"?>
<!-- Generated by org.testng.reporters.JUnitReportReporter -->
<testsuite hostname="COL-TNUZUM" failures="0" tests="1" name="JonasFitness.API.GetResponse" time="1.723" errors="0" timestamp="29 Aug 2019 18:33:19 GMT" skipped="0">
  <testcase classname="JonasFitness.API.GetResponse" name="Test1" time="1.723"/>
</testsuite> <!-- JonasFitness.API.GetResponse -->
