<?xml version="1.0" encoding="UTF-8"?>
<!-- Generated by org.testng.reporters.JUnitReportReporter -->
<testsuite hostname="COL-TNUZUM" failures="0" tests="1" name="JonasFitness.API.GetActiveBooksByResourceType" time="1.733" errors="0" timestamp="2019-11-05T11:35:59 EST" skipped="0">
  <testcase classname="JonasFitness.API.GetActiveBooksByResourceType" name="ValidInput_NoResource" time="1.733"/>
</testsuite> <!-- JonasFitness.API.GetActiveBooksByResourceType -->
