<?xml version="1.0" encoding="UTF-8"?>
<!-- Generated by org.testng.reporters.JUnitReportReporter -->
<testsuite hostname="COL-TNUZUM" failures="0" tests="3" name="JonasFitness.API.GetAllPackagesForPurchaseByClub" time="72.309" errors="0" timestamp="2019-11-11T08:59:16 EST" skipped="0">
  <testcase classname="JonasFitness.API.GetAllPackagesForPurchaseByClub" name="PackageNotFound" time="23.521"/>
  <testcase classname="JonasFitness.API.GetAllPackagesForPurchaseByClub" name="OnlineNotAllowed_PackageFound" time="23.904"/>
  <testcase classname="JonasFitness.API.GetAllPackagesForPurchaseByClub" name="PackageFound" time="24.884"/>
</testsuite> <!-- JonasFitness.API.GetAllPackagesForPurchaseByClub -->
