<?xml version="1.0" encoding="UTF-8"?>
<!-- Generated by org.testng.reporters.JUnitReportReporter -->
<testsuite hostname="COL-TNUZUM" failures="0" tests="10" name="JonasFitness.API.SearchMembers" time="6.162" errors="0" timestamp="2019-10-28T09:03:31 EDT" skipped="0">
  <testcase classname="JonasFitness.API.SearchMembers" name="SearchMembers_LastName" time="0.602"/>
  <testcase classname="JonasFitness.API.SearchMembers" name="SearchMembers_MobilePhoneDashes" time="0.731"/>
  <testcase classname="JonasFitness.API.SearchMembers" name="SearchMembers_FirstName" time="0.639"/>
  <testcase classname="JonasFitness.API.SearchMembers" name="SearchMembers_Email" time="0.557"/>
  <testcase classname="JonasFitness.API.SearchMembers" name="SearchMembers_MobilePhoneNoDashes" time="0.552"/>
  <testcase classname="JonasFitness.API.SearchMembers" name="SearchMembers_WorkPhoneDashes" time="0.555"/>
  <testcase classname="JonasFitness.API.SearchMembers" name="SearchMembers_HomePhoneNoDashes" time="0.722"/>
  <testcase classname="JonasFitness.API.SearchMembers" name="SearchMembers_WorkPhoneNoDashes" time="0.645"/>
  <testcase classname="JonasFitness.API.SearchMembers" name="SearchMembers_HomePhoneDashes" time="0.565"/>
  <testcase classname="JonasFitness.API.SearchMembers" name="SearchMembers_LastFirstName" time="0.594"/>
</testsuite> <!-- JonasFitness.API.SearchMembers -->
