<?xml version="1.0" encoding="UTF-8"?>
<!-- Generated by org.testng.reporters.JUnitReportReporter -->
<testsuite hostname="COL-TNUZUM" failures="0" tests="1" name="JonasFitness.API.GetActiveBooksByResourceType" time="0.665" errors="0" timestamp="2019-10-11T10:54:40 EDT" skipped="0">
  <testcase classname="JonasFitness.API.GetActiveBooksByResourceType" name="Test1" time="0.665"/>
</testsuite> <!-- JonasFitness.API.GetActiveBooksByResourceType -->
