<?xml version="1.0" encoding="UTF-8"?>
<!-- Generated by org.testng.reporters.JUnitReportReporter -->
<testsuite hostname="COL-TNUZUM" failures="0" tests="10" name="JonasFitness.API.SearchOnlineMembersByProduct" time="6.145" errors="0" timestamp="2020-02-17T12:08:05 EST" skipped="0">
  <testcase classname="JonasFitness.API.SearchOnlineMembersByProduct" name="searchOnlineMembers_HomePhoneWithDashes" time="0.584"/>
  <system-out/>
  <testcase classname="JonasFitness.API.SearchOnlineMembersByProduct" name="searchOnlineMembers_FirstLastName" time="0.578"/>
  <system-out/>
  <testcase classname="JonasFitness.API.SearchOnlineMembersByProduct" name="searchOnlineMembers_LastName" time="0.807"/>
  <system-out/>
  <testcase classname="JonasFitness.API.SearchOnlineMembersByProduct" name="searchOnlineMembers_FirstName" time="0.599"/>
  <system-out/>
  <testcase classname="JonasFitness.API.SearchOnlineMembersByProduct" name="searchOnlineMembers_LastFirstName" time="0.581"/>
  <system-out/>
  <testcase classname="JonasFitness.API.SearchOnlineMembersByProduct" name="searchOnlineMembers_HomePhoneNoDashes" time="0.602"/>
  <system-out/>
  <testcase classname="JonasFitness.API.SearchOnlineMembersByProduct" name="searchOnlineMembers_Email" time="0.801"/>
  <system-out/>
  <testcase classname="JonasFitness.API.SearchOnlineMembersByProduct" name="searchOnlineMembers_MobilePhoneNoDashes" time="0.577"/>
  <system-out/>
  <testcase classname="JonasFitness.API.SearchOnlineMembersByProduct" name="searchOnlineMembers_WorkPhone" time="0.435"/>
  <system-out/>
  <testcase classname="JonasFitness.API.SearchOnlineMembersByProduct" name="searchOnlineMembers_MobilePhoneWithDashes" time="0.581"/>
  <system-out/>
</testsuite> <!-- JonasFitness.API.SearchOnlineMembersByProduct -->
