<?xml version="1.0" encoding="UTF-8"?>
<!-- Generated by org.testng.reporters.JUnitReportReporter -->
<testsuite hostname="COL-TNUZUM" failures="0" tests="3" name="JonasFitness.API.BookAppointmentByMember" time="4.300" errors="0" timestamp="2019-10-24T11:04:55 EDT" skipped="0">
  <testcase classname="JonasFitness.API.BookAppointmentByMember" name="PunchcardAppointment_SingleMember" time="1.597"/>
  <testcase classname="JonasFitness.API.BookAppointmentByMember" name="FreeAppointment_SingleMember" time="1.414"/>
  <testcase classname="JonasFitness.API.BookAppointmentByMember" name="PaidAppointment_SingleMember" time="1.289"/>
</testsuite> <!-- JonasFitness.API.BookAppointmentByMember -->
