<?xml version="1.0" encoding="UTF-8"?>
<!-- Generated by org.testng.reporters.JUnitReportReporter -->
<testsuite hostname="COL-TNUZUM" failures="0" tests="10" name="JonasFitness.API.SearchMembersByProduct" time="5.396" errors="0" timestamp="2020-02-17T12:08:06 EST" skipped="0">
  <testcase classname="JonasFitness.API.SearchMembersByProduct" name="FirstName" time="0.642"/>
  <system-out/>
  <testcase classname="JonasFitness.API.SearchMembersByProduct" name="MobilePhoneWithDashes" time="0.467"/>
  <system-out/>
  <testcase classname="JonasFitness.API.SearchMembersByProduct" name="MobilePhoneWithoutDashes" time="0.461"/>
  <system-out/>
  <testcase classname="JonasFitness.API.SearchMembersByProduct" name="FirstLastName" time="0.500"/>
  <system-out/>
  <testcase classname="JonasFitness.API.SearchMembersByProduct" name="Email" time="0.675"/>
  <system-out/>
  <testcase classname="JonasFitness.API.SearchMembersByProduct" name="HomePhoneWithoutDashes" time="0.487"/>
  <system-out/>
  <testcase classname="JonasFitness.API.SearchMembersByProduct" name="HomePhoneWithDashes" time="0.698"/>
  <system-out/>
  <testcase classname="JonasFitness.API.SearchMembersByProduct" name="LastName" time="0.566"/>
  <system-out/>
  <testcase classname="JonasFitness.API.SearchMembersByProduct" name="LastFirstName" time="0.464"/>
  <system-out/>
  <testcase classname="JonasFitness.API.SearchMembersByProduct" name="WorkPhoneWithDashes" time="0.436"/>
  <system-out/>
</testsuite> <!-- JonasFitness.API.SearchMembersByProduct -->
