<?xml version="1.0" encoding="UTF-8"?>
<!-- Generated by org.testng.reporters.JUnitReportReporter -->
<testsuite hostname="COL-TNUZUM" failures="0" tests="2" name="JonasFitness.API.GetAppointmentDetails" time="4.207" errors="0" timestamp="2019-10-23T09:26:06 EDT" skipped="0">
  <testcase classname="JonasFitness.API.GetAppointmentDetails" name="AppointmentsNotFound" time="0.640"/>
  <testcase classname="JonasFitness.API.GetAppointmentDetails" name="AppointmentsFound" time="3.567"/>
</testsuite> <!-- JonasFitness.API.GetAppointmentDetails -->
