<?xml version="1.0" encoding="UTF-8"?>
<!-- Generated by org.testng.reporters.JUnitReportReporter -->
<testsuite hostname="COL-TNUZUM" failures="0" tests="1" name="JonasFitness.API.GetMember" time="1.094" errors="0" timestamp="2019-10-11T16:19:55 EDT" skipped="0">
  <testcase classname="JonasFitness.API.GetMember" name="Test1" time="1.094"/>
</testsuite> <!-- JonasFitness.API.GetMember -->
