<?xml version="1.0" encoding="UTF-8"?>
<!-- Generated by org.testng.reporters.JUnitReportReporter -->
<testsuite hostname="COL-TNUZUM" failures="0" tests="8" name="JonasFitness.API.BookAppointmentByMember" time="14.217" errors="0" timestamp="2020-02-18T15:18:35 EST" skipped="0">
  <testcase classname="JonasFitness.API.BookAppointmentByMember" name="FreeAppointment_SingleMember" time="3.483"/>
  <system-out/>
  <testcase classname="JonasFitness.API.BookAppointmentByMember" name="notValidBookableItem" time="0.641"/>
  <system-out/>
  <testcase classname="JonasFitness.API.BookAppointmentByMember" name="PaidAppointment_MultipleMember" time="2.440"/>
  <system-out/>
  <testcase classname="JonasFitness.API.BookAppointmentByMember" name="productPriceChanged" time="1.130"/>
  <system-out/>
  <testcase classname="JonasFitness.API.BookAppointmentByMember" name="appointmentNotFound" time="0.738"/>
  <system-out/>
  <testcase classname="JonasFitness.API.BookAppointmentByMember" name="punchcardAppointment_SingleMember" time="2.683"/>
  <system-out/>
  <testcase classname="JonasFitness.API.BookAppointmentByMember" name="PaidAppointment_SingleMember" time="2.389"/>
  <system-out/>
  <testcase classname="JonasFitness.API.BookAppointmentByMember" name="notEnoughPunches" time="0.713"/>
  <system-out/>
</testsuite> <!-- JonasFitness.API.BookAppointmentByMember -->
