<?xml version="1.0" encoding="UTF-8"?>
<!-- Generated by org.testng.reporters.JUnitReportReporter -->
<testsuite hostname="COL-TNUZUM" failures="0" tests="3" name="JonasFitness.API.AuthenticateMemberByUserCredentials" time="3.044" errors="0" timestamp="2019-12-02T15:26:05 EST" skipped="0">
  <testcase classname="JonasFitness.API.AuthenticateMemberByUserCredentials" name="memberFound" time="0.389"/>
  <testcase classname="JonasFitness.API.AuthenticateMemberByUserCredentials" name="forcePasswordChange" time="0.910"/>
  <testcase classname="JonasFitness.API.AuthenticateMemberByUserCredentials" name="accountLocked" time="1.745"/>
</testsuite> <!-- JonasFitness.API.AuthenticateMemberByUserCredentials -->
