<?xml version="1.0" encoding="UTF-8"?>
<!-- Generated by org.testng.reporters.JUnitReportReporter -->
<testsuite hostname="COL-TNUZUM" failures="0" tests="3" name="JonasFitness.API._Draft_CancelAppointmentByEmployee" time="3.233" errors="0" timestamp="2019-10-23T14:13:23 EDT" skipped="0">
  <testcase classname="JonasFitness.API._Draft_CancelAppointmentByEmployee" name="ApptNotFound" time="0.516"/>
  <testcase classname="JonasFitness.API._Draft_CancelAppointmentByEmployee" name="ApptCancelled" time="2.195"/>
  <testcase classname="JonasFitness.API._Draft_CancelAppointmentByEmployee" name="NotCancelled_ApptDatePast" time="0.522"/>
</testsuite> <!-- JonasFitness.API._Draft_CancelAppointmentByEmployee -->
