<?xml version="1.0" encoding="UTF-8"?>
<!-- Generated by org.testng.reporters.JUnitReportReporter -->
<testsuite hostname="COL-TNUZUM" failures="0" tests="6" name="JonasFitness.API.GetScheduleByBook" time="17.990" errors="0" timestamp="2020-02-18T15:18:35 EST" skipped="0">
  <testcase classname="JonasFitness.API.GetScheduleByBook" name="invalidDateRange" time="3.345"/>
  <system-out/>
  <testcase classname="JonasFitness.API.GetScheduleByBook" name="AppointmentsNotFound" time="0.618"/>
  <system-out/>
  <testcase classname="JonasFitness.API.GetScheduleByBook" name="GetAppointments" time="11.885"/>
  <system-out/>
  <testcase classname="JonasFitness.API.GetScheduleByBook" name="GetClasses" time="0.888"/>
  <system-out/>
  <testcase classname="JonasFitness.API.GetScheduleByBook" name="ClassesNotFound" time="0.780"/>
  <system-out/>
  <testcase classname="JonasFitness.API.GetScheduleByBook" name="pastDateRange" time="0.474"/>
  <system-out/>
</testsuite> <!-- JonasFitness.API.GetScheduleByBook -->
