<?xml version="1.0" encoding="UTF-8"?>
<!-- Generated by org.testng.reporters.JUnitReportReporter -->
<testsuite hostname="COL-TNUZUM" failures="0" tests="5" name="JonasFitness.API.SearchMembersByProduct" time="2.499" errors="0" timestamp="2019-10-24T11:04:55 EDT" skipped="0">
  <testcase classname="JonasFitness.API.SearchMembersByProduct" name="SearchMembersByProduct_HomePhoneWithDashes" time="0.478"/>
  <testcase classname="JonasFitness.API.SearchMembersByProduct" name="SearchMembersByProduct_FirstName" time="0.517"/>
  <testcase classname="JonasFitness.API.SearchMembersByProduct" name="SearchMembersByProduct_Email" time="0.485"/>
  <testcase classname="JonasFitness.API.SearchMembersByProduct" name="SearchMembersByProduct_LastName" time="0.541"/>
  <testcase classname="JonasFitness.API.SearchMembersByProduct" name="SearchMembersByProduct_HomePhoneWithoutDashes" time="0.478"/>
</testsuite> <!-- JonasFitness.API.SearchMembersByProduct -->
