<?xml version="1.0" encoding="UTF-8"?>
<!-- Generated by org.testng.reporters.JUnitReportReporter -->
<testsuite hostname="COL-TNUZUM" failures="0" tests="1" name="JonasFitness.API.GetActiveClubs" time="0.468" errors="0" timestamp="2019-10-28T15:41:16 EDT" skipped="0">
  <testcase classname="JonasFitness.API.GetActiveClubs" name="ClubsFound" time="0.468"/>
</testsuite> <!-- JonasFitness.API.GetActiveClubs -->
