<?xml version="1.0" encoding="UTF-8"?>
<!-- Generated by org.testng.reporters.JUnitReportReporter -->
<testsuite hostname="COL-TNUZUM" failures="0" tests="1" name="JonasFitness.API.GetClassesAndCoursesByMember" time="0.848" errors="0" timestamp="2019-10-28T08:14:26 EDT" skipped="0">
  <testcase classname="JonasFitness.API.GetClassesAndCoursesByMember" name="ValidInput" time="0.848"/>
</testsuite> <!-- JonasFitness.API.GetClassesAndCoursesByMember -->
