<?xml version="1.0" encoding="UTF-8"?>
<!-- Generated by org.testng.reporters.JUnitReportReporter -->
<testsuite hostname="COL-TNUZUM" failures="0" tests="1" name="JonasFitness.API.GetAllPackagesForPurchaseByClub" time="17.968" errors="0" timestamp="2019-10-28T09:03:31 EDT" skipped="0">
  <testcase classname="JonasFitness.API.GetAllPackagesForPurchaseByClub" name="PackageFound" time="17.968"/>
</testsuite> <!-- JonasFitness.API.GetAllPackagesForPurchaseByClub -->
