<?xml version="1.0" encoding="UTF-8"?>
<!-- Generated by org.testng.reporters.JUnitReportReporter -->
<testsuite hostname="COL-TNUZUM" failures="0" tests="1" name="JonasFitness.API.GetScheduleByBook" time="1.342" errors="0" timestamp="2019-10-11T16:19:55 EDT" skipped="0">
  <testcase classname="JonasFitness.API.GetScheduleByBook" name="Test1" time="1.342"/>
</testsuite> <!-- JonasFitness.API.GetScheduleByBook -->
