<?xml version="1.0" encoding="UTF-8"?>
<!-- Generated by org.testng.reporters.JUnitReportReporter -->
<testsuite hostname="COL-TNUZUM" failures="0" tests="3" name="JonasFitness.API.GetAppointmentsByMember" time="1.874" errors="0" timestamp="2020-02-18T15:18:35 EST" skipped="0">
  <testcase classname="JonasFitness.API.GetAppointmentsByMember" name="AppointmentsNotFound" time="0.473"/>
  <system-out/>
  <testcase classname="JonasFitness.API.GetAppointmentsByMember" name="InvalidDateRange" time="0.361"/>
  <system-out/>
  <testcase classname="JonasFitness.API.GetAppointmentsByMember" name="AppointmentsFound" time="1.040"/>
  <system-out/>
</testsuite> <!-- JonasFitness.API.GetAppointmentsByMember -->
