<?xml version="1.0" encoding="UTF-8"?>
<!-- Generated by org.testng.reporters.JUnitReportReporter -->
<testsuite hostname="COL-TNUZUM" failures="0" tests="2" name="JonasFitness.API.GetAppointmentDetails" time="2.249" errors="0" timestamp="2019-11-11T08:59:16 EST" skipped="0">
  <testcase classname="JonasFitness.API.GetAppointmentDetails" name="AppointmentsFound" time="1.553"/>
  <testcase classname="JonasFitness.API.GetAppointmentDetails" name="AppointmentsNotFound" time="0.696"/>
</testsuite> <!-- JonasFitness.API.GetAppointmentDetails -->
