<?xml version="1.0" encoding="UTF-8"?>
<!-- Generated by org.testng.reporters.JUnitReportReporter -->
<testsuite hostname="COL-TNUZUM" failures="0" tests="3" name="JonasFitness.API.GetAvailableAppointments" time="3.973" errors="0" timestamp="2020-02-17T12:08:06 EST" skipped="0">
  <testcase classname="JonasFitness.API.GetAvailableAppointments" name="AppointmentsNotFound" time="1.018"/>
  <system-out/>
  <testcase classname="JonasFitness.API.GetAvailableAppointments" name="AppointmentsFound_NoResources" time="1.777"/>
  <system-out/>
  <testcase classname="JonasFitness.API.GetAvailableAppointments" name="AppointmentsFound_WithResources" time="1.178"/>
  <system-out/>
</testsuite> <!-- JonasFitness.API.GetAvailableAppointments -->
