<?xml version="1.0" encoding="UTF-8"?>
<!-- Generated by org.testng.reporters.JUnitReportReporter -->
<testsuite hostname="COL-TNUZUM" failures="0" tests="5" name="JonasFitness.API.SecurityPipeline" time="1.312" errors="0" timestamp="2019-10-28T08:14:26 EDT" skipped="0">
  <testcase classname="JonasFitness.API.SecurityPipeline" name="InvalidAPIKey" time="0.232"/>
  <testcase classname="JonasFitness.API.SecurityPipeline" name="InactiveClub" time="0.329"/>
  <testcase classname="JonasFitness.API.SecurityPipeline" name="InvalidClub" time="0.304"/>
  <testcase classname="JonasFitness.API.SecurityPipeline" name="NoAPIKey" time="0.208"/>
  <testcase classname="JonasFitness.API.SecurityPipeline" name="InvalidCompany" time="0.239"/>
</testsuite> <!-- JonasFitness.API.SecurityPipeline -->
