<?xml version="1.0" encoding="UTF-8"?>
<!-- Generated by org.testng.reporters.JUnitReportReporter -->
<testsuite hostname="COL-TNUZUM" failures="0" tests="1" name="JonasFitness.API.GetPurchasedPackagesByMember" time="3.639" errors="0" timestamp="2019-10-28T08:14:26 EDT" skipped="0">
  <testcase classname="JonasFitness.API.GetPurchasedPackagesByMember" name="ValidInput" time="3.639"/>
</testsuite> <!-- JonasFitness.API.GetPurchasedPackagesByMember -->
