<?xml version="1.0" encoding="UTF-8"?>
<!-- Generated by org.testng.reporters.JUnitReportReporter -->
<testsuite hostname="COL-TNUZUM" failures="0" tests="2" name="JonasFitness.API.GetAppointmentResourceTypeByProduct" time="1.450" errors="0" timestamp="2019-10-11T10:54:40 EDT" skipped="0">
  <testcase classname="JonasFitness.API.GetAppointmentResourceTypeByProduct" name="etAppointmentResourceTypeByProduct_ProductNotFound" time="0.730"/>
  <testcase classname="JonasFitness.API.GetAppointmentResourceTypeByProduct" name="GetAppointmentResourceTypeByProduct_ProductFound" time="0.720"/>
</testsuite> <!-- JonasFitness.API.GetAppointmentResourceTypeByProduct -->
