<?xml version="1.0" encoding="UTF-8"?>
<!-- Generated by org.testng.reporters.JUnitReportReporter -->
<testsuite hostname="COL-TNUZUM" failures="0" tests="2" name="JonasFitness.API.GetOnlinePackagesForPurchaseByClub" time="3.418" errors="0" timestamp="2019-10-28T15:41:16 EDT" skipped="0">
  <testcase classname="JonasFitness.API.GetOnlinePackagesForPurchaseByClub" name="PackageNotAllowed" time="1.687"/>
  <testcase classname="JonasFitness.API.GetOnlinePackagesForPurchaseByClub" name="PackagesFound" time="1.731"/>
</testsuite> <!-- JonasFitness.API.GetOnlinePackagesForPurchaseByClub -->
