<?xml version="1.0" encoding="UTF-8"?>
<!-- Generated by org.testng.reporters.JUnitReportReporter -->
<testsuite hostname="COL-TNUZUM" failures="0" tests="2" name="JonasFitness.API.GetAvailableResourceTypesByClub" time="1.353" errors="0" timestamp="2020-02-18T15:18:35 EST" skipped="0">
  <testcase classname="JonasFitness.API.GetAvailableResourceTypesByClub" name="ResourceTypesFound" time="0.997"/>
  <system-out/>
  <testcase classname="JonasFitness.API.GetAvailableResourceTypesByClub" name="ResourceTypesNotFound" time="0.356"/>
  <system-out/>
</testsuite> <!-- JonasFitness.API.GetAvailableResourceTypesByClub -->
