<?xml version="1.0" encoding="UTF-8"?>
<!-- Generated by org.testng.reporters.JUnitReportReporter -->
<testsuite hostname="COL-TNUZUM" failures="0" tests="10" name="JonasFitness.API.SearchMembers" time="6.317" errors="0" timestamp="2019-10-24T11:04:55 EDT" skipped="0">
  <testcase classname="JonasFitness.API.SearchMembers" name="SearchMembers_MobilePhoneDashes" time="0.584"/>
  <testcase classname="JonasFitness.API.SearchMembers" name="SearchMembers_WorkPhoneNoDashes" time="0.551"/>
  <testcase classname="JonasFitness.API.SearchMembers" name="SearchMembers_LastFirstName" time="0.619"/>
  <testcase classname="JonasFitness.API.SearchMembers" name="SearchMembers_HomePhoneDashes" time="0.587"/>
  <testcase classname="JonasFitness.API.SearchMembers" name="SearchMembers_MobilePhoneNoDashes" time="0.722"/>
  <testcase classname="JonasFitness.API.SearchMembers" name="SearchMembers_LastName" time="0.786"/>
  <testcase classname="JonasFitness.API.SearchMembers" name="SearchMembers_WorkPhoneDashes" time="0.548"/>
  <testcase classname="JonasFitness.API.SearchMembers" name="SearchMembers_Email" time="0.567"/>
  <testcase classname="JonasFitness.API.SearchMembers" name="SearchMembers_HomePhoneNoDashes" time="0.735"/>
  <testcase classname="JonasFitness.API.SearchMembers" name="SearchMembers_FirstName" time="0.618"/>
</testsuite> <!-- JonasFitness.API.SearchMembers -->
