<?xml version="1.0" encoding="UTF-8"?>
<!-- Generated by org.testng.reporters.JUnitReportReporter -->
<testsuite hostname="COL-TNUZUM" failures="0" tests="5" name="JonasFitness.API.SecurityPipeline" time="1.473" errors="0" timestamp="2019-11-11T08:59:16 EST" skipped="0">
  <testcase classname="JonasFitness.API.SecurityPipeline" name="InvalidAPIKey" time="0.266"/>
  <testcase classname="JonasFitness.API.SecurityPipeline" name="InvalidCompany" time="0.272"/>
  <testcase classname="JonasFitness.API.SecurityPipeline" name="InvalidClub" time="0.338"/>
  <testcase classname="JonasFitness.API.SecurityPipeline" name="InactiveClub" time="0.374"/>
  <testcase classname="JonasFitness.API.SecurityPipeline" name="NoAPIKey" time="0.223"/>
</testsuite> <!-- JonasFitness.API.SecurityPipeline -->
