<?xml version="1.0" encoding="UTF-8"?>
<!-- Generated by org.testng.reporters.JUnitReportReporter -->
<testsuite hostname="COL-TNUZUM" failures="0" tests="2" name="JonasFitness.API.GetScheduleByMember" time="1.884" errors="0" timestamp="2019-12-02T15:26:05 EST" skipped="0">
  <testcase classname="JonasFitness.API.GetScheduleByMember" name="appointmentFound" time="1.248"/>
  <testcase classname="JonasFitness.API.GetScheduleByMember" name="classFound" time="0.636"/>
</testsuite> <!-- JonasFitness.API.GetScheduleByMember -->
