<?xml version="1.0" encoding="UTF-8"?>
<!-- Generated by org.testng.reporters.JUnitReportReporter -->
<testsuite hostname="COL-TNUZUM" failures="0" tests="1" name="JonasFitness.API._Draft_BookAppointmentByMember" time="3.232" errors="0" timestamp="2019-10-24T10:31:52 EDT" skipped="0">
  <testcase classname="JonasFitness.API._Draft_BookAppointmentByMember" name="ValidInput" time="3.232"/>
</testsuite> <!-- JonasFitness.API._Draft_BookAppointmentByMember -->
