<?xml version="1.0" encoding="UTF-8"?>
<!-- Generated by org.testng.reporters.JUnitReportReporter -->
<testsuite hostname="COL-TNUZUM" failures="0" tests="1" name="JonasFitness.API.GetProductByBook" time="0.596" errors="0" timestamp="2019-10-09T15:36:55 EDT" skipped="0">
  <testcase classname="JonasFitness.API.GetProductByBook" name="Test1" time="0.596"/>
</testsuite> <!-- JonasFitness.API.GetProductByBook -->
