<?xml version="1.0" encoding="UTF-8"?>
<!-- Generated by org.testng.reporters.JUnitReportReporter -->
<testsuite hostname="COL-TNUZUM" failures="0" tests="4" name="JonasFitness.API.AuthenticateMemberByUserCredentials" time="6.292" errors="0" timestamp="2020-02-18T15:18:35 EST" skipped="0">
  <testcase classname="JonasFitness.API.AuthenticateMemberByUserCredentials" name="wrongCredentials" time="2.023"/>
  <system-out/>
  <testcase classname="JonasFitness.API.AuthenticateMemberByUserCredentials" name="memberFound" time="3.425"/>
  <system-out/>
  <testcase classname="JonasFitness.API.AuthenticateMemberByUserCredentials" name="accountLocked" time="0.422"/>
  <system-out/>
  <testcase classname="JonasFitness.API.AuthenticateMemberByUserCredentials" name="forcePasswordChange" time="0.422"/>
  <system-out/>
</testsuite> <!-- JonasFitness.API.AuthenticateMemberByUserCredentials -->
