<?xml version="1.0" encoding="UTF-8"?>
<!-- Generated by org.testng.reporters.JUnitReportReporter -->
<testsuite hostname="COL-TNUZUM" failures="0" tests="1" name="JonasFitness.API.GetClubsByMember" time="0.691" errors="0" timestamp="2019-10-23T09:26:06 EDT" skipped="0">
  <testcase classname="JonasFitness.API.GetClubsByMember" name="Test1" time="0.691"/>
</testsuite> <!-- JonasFitness.API.GetClubsByMember -->
