<?xml version="1.0" encoding="UTF-8"?>
<!-- Generated by org.testng.reporters.JUnitReportReporter -->
<testsuite hostname="COL-TNUZUM" failures="0" tests="1" name="JonasFitness.API.GetActiveBooksByResourceType" time="0.688" errors="0" timestamp="2019-10-22T09:01:59 EDT" skipped="0">
  <testcase classname="JonasFitness.API.GetActiveBooksByResourceType" name="ValidInput_NoResource" time="0.688"/>
</testsuite> <!-- JonasFitness.API.GetActiveBooksByResourceType -->
