<?xml version="1.0" encoding="UTF-8"?>
<!-- Generated by org.testng.reporters.JUnitReportReporter -->
<testsuite hostname="COL-TNUZUM" failures="0" tests="5" name="JonasFitness.API.SecurityPipeline" time="1.417" errors="0" timestamp="2019-10-23T17:03:20 EDT" skipped="0">
  <testcase classname="JonasFitness.API.SecurityPipeline" name="InvalidCompany" time="0.257"/>
  <testcase classname="JonasFitness.API.SecurityPipeline" name="InactiveClub" time="0.356"/>
  <testcase classname="JonasFitness.API.SecurityPipeline" name="NoAPIKey" time="0.224"/>
  <testcase classname="JonasFitness.API.SecurityPipeline" name="InvalidAPIKey" time="0.256"/>
  <testcase classname="JonasFitness.API.SecurityPipeline" name="InvalidClub" time="0.324"/>
</testsuite> <!-- JonasFitness.API.SecurityPipeline -->
