<?xml version="1.0" encoding="UTF-8"?>
<!-- Generated by org.testng.reporters.JUnitReportReporter -->
<testsuite hostname="COL-TNUZUM" failures="0" tests="3" name="JonasFitness.API.GetAllPackagesForPurchaseByClub" time="2.842" errors="0" timestamp="2019-12-02T15:26:05 EST" skipped="0">
  <testcase classname="JonasFitness.API.GetAllPackagesForPurchaseByClub" name="PackageFound" time="1.026"/>
  <testcase classname="JonasFitness.API.GetAllPackagesForPurchaseByClub" name="OnlineNotAllowed_PackageFound" time="0.894"/>
  <testcase classname="JonasFitness.API.GetAllPackagesForPurchaseByClub" name="PackageNotFound" time="0.922"/>
</testsuite> <!-- JonasFitness.API.GetAllPackagesForPurchaseByClub -->
