<?xml version="1.0" encoding="UTF-8"?>
<!-- Generated by org.testng.reporters.JUnitReportReporter -->
<testsuite hostname="COL-TNUZUM" failures="0" tests="2" name="JonasFitness.API.GetActiveBooksByResourceType" time="0.836" errors="0" timestamp="2019-12-02T15:26:05 EST" skipped="0">
  <testcase classname="JonasFitness.API.GetActiveBooksByResourceType" name="BookFound_WithResource" time="0.411"/>
  <testcase classname="JonasFitness.API.GetActiveBooksByResourceType" name="BookFound_NoResource" time="0.425"/>
</testsuite> <!-- JonasFitness.API.GetActiveBooksByResourceType -->
