<?xml version="1.0" encoding="UTF-8"?>
<!-- Generated by org.testng.reporters.JUnitReportReporter -->
<testsuite hostname="COL-TNUZUM" failures="0" tests="5" name="JonasFitness.API.SecurityPipeline" time="1.339" errors="0" timestamp="2019-10-28T09:03:31 EDT" skipped="0">
  <testcase classname="JonasFitness.API.SecurityPipeline" name="InactiveClub" time="0.330"/>
  <testcase classname="JonasFitness.API.SecurityPipeline" name="InvalidClub" time="0.317"/>
  <testcase classname="JonasFitness.API.SecurityPipeline" name="InvalidAPIKey" time="0.241"/>
  <testcase classname="JonasFitness.API.SecurityPipeline" name="InvalidCompany" time="0.238"/>
  <testcase classname="JonasFitness.API.SecurityPipeline" name="NoAPIKey" time="0.213"/>
</testsuite> <!-- JonasFitness.API.SecurityPipeline -->
