<?xml version="1.0" encoding="UTF-8"?>
<!-- Generated by org.testng.reporters.JUnitReportReporter -->
<testsuite hostname="COL-TNUZUM" failures="0" tests="2" name="JonasFitness.API.GetAppointmentResourceTypeByProduct" time="1.385" errors="0" timestamp="2019-10-23T09:26:06 EDT" skipped="0">
  <testcase classname="JonasFitness.API.GetAppointmentResourceTypeByProduct" name="getAppointmentResourceTypeByProduct_ProductNotFound" time="0.557"/>
  <testcase classname="JonasFitness.API.GetAppointmentResourceTypeByProduct" name="getAppointmentResourceTypeByProduct_ProductFound" time="0.828"/>
</testsuite> <!-- JonasFitness.API.GetAppointmentResourceTypeByProduct -->
