<?xml version="1.0" encoding="UTF-8"?>
<!-- Generated by org.testng.reporters.JUnitReportReporter -->
<testsuite hostname="COL-TNUZUM" failures="0" tests="2" name="JonasFitness.API.GetAppointmentResourceTypeByProduct" time="1.161" errors="0" timestamp="2019-10-23T17:03:20 EDT" skipped="0">
  <testcase classname="JonasFitness.API.GetAppointmentResourceTypeByProduct" name="ProductNotFound" time="0.638"/>
  <testcase classname="JonasFitness.API.GetAppointmentResourceTypeByProduct" name="ProductFound" time="0.523"/>
</testsuite> <!-- JonasFitness.API.GetAppointmentResourceTypeByProduct -->
