<?xml version="1.0" encoding="UTF-8"?>
<!-- Generated by org.testng.reporters.JUnitReportReporter -->
<testsuite hostname="COL-TNUZUM" failures="0" tests="2" name="JonasFitness.API._Draft_GetOnlinePackagesForPurchaseByClub" time="1.689" errors="0" timestamp="2019-10-22T08:46:24 EDT" skipped="0">
  <testcase classname="JonasFitness.API._Draft_GetOnlinePackagesForPurchaseByClub" name="PackageNotAllowed" time="1.454"/>
  <testcase classname="JonasFitness.API._Draft_GetOnlinePackagesForPurchaseByClub" name="PackagesFound" time="0.235"/>
</testsuite> <!-- JonasFitness.API._Draft_GetOnlinePackagesForPurchaseByClub -->
