<?xml version="1.0" encoding="UTF-8"?>
<!-- Generated by org.testng.reporters.JUnitReportReporter -->
<testsuite hostname="COL-TNUZUM" failures="0" tests="1" name="JonasFitness.API.GetProductByBook" time="0.523" errors="0" timestamp="2019-10-10T15:07:37 EDT" skipped="0">
  <testcase classname="JonasFitness.API.GetProductByBook" name="Test1" time="0.523"/>
</testsuite> <!-- JonasFitness.API.GetProductByBook -->
