<?xml version="1.0" encoding="UTF-8"?>
<!-- Generated by org.testng.reporters.JUnitReportReporter -->
<testsuite hostname="COL-TNUZUM" failures="0" tests="5" name="JonasFitness.API.GetClassesAndCoursesByMember" time="3.233" errors="0" timestamp="2020-02-17T12:08:05 EST" skipped="0">
  <testcase classname="JonasFitness.API.GetClassesAndCoursesByMember" name="CoursesFound" time="0.961"/>
  <system-out/>
  <testcase classname="JonasFitness.API.GetClassesAndCoursesByMember" name="invalidDateRange" time="0.342"/>
  <system-out/>
  <testcase classname="JonasFitness.API.GetClassesAndCoursesByMember" name="invalidClassCourse" time="0.451"/>
  <system-out/>
  <testcase classname="JonasFitness.API.GetClassesAndCoursesByMember" name="ClassesFound" time="0.800"/>
  <system-out/>
  <testcase classname="JonasFitness.API.GetClassesAndCoursesByMember" name="ClassesCoursesNotFound" time="0.679"/>
  <system-out/>
</testsuite> <!-- JonasFitness.API.GetClassesAndCoursesByMember -->
