<?xml version="1.0" encoding="UTF-8"?>
<!-- Generated by org.testng.reporters.JUnitReportReporter -->
<testsuite hostname="COL-TNUZUM" failures="0" tests="5" name="JonasFitness.API.SearchOnlineMembersByProduct" time="3.376" errors="0" timestamp="2019-11-05T11:28:48 EST" skipped="0">
  <testcase classname="JonasFitness.API.SearchOnlineMembersByProduct" name="FirstName" time="0.904"/>
  <testcase classname="JonasFitness.API.SearchOnlineMembersByProduct" name="PhoneWDashes" time="0.624"/>
  <testcase classname="JonasFitness.API.SearchOnlineMembersByProduct" name="Email" time="0.620"/>
  <testcase classname="JonasFitness.API.SearchOnlineMembersByProduct" name="PhoneNoDashes" time="0.616"/>
  <testcase classname="JonasFitness.API.SearchOnlineMembersByProduct" name="LastName" time="0.612"/>
</testsuite> <!-- JonasFitness.API.SearchOnlineMembersByProduct -->
