<?xml version="1.0" encoding="UTF-8"?>
<!-- Generated by org.testng.reporters.JUnitReportReporter -->
<testsuite hostname="COL-TNUZUM" failures="0" tests="11" name="JonasFitness.API.GetPackageDetails" time="9.813" errors="0" timestamp="2020-02-18T15:18:35 EST" skipped="0">
  <testcase classname="JonasFitness.API.GetPackageDetails" name="training_OnlineSalesNotAllowed" time="0.658"/>
  <system-out/>
  <testcase classname="JonasFitness.API.GetPackageDetails" name="invalidPackageId" time="0.505"/>
  <system-out/>
  <testcase classname="JonasFitness.API.GetPackageDetails" name="notServiceTypeV" time="0.470"/>
  <system-out/>
  <testcase classname="JonasFitness.API.GetPackageDetails" name="training_Inactive" time="0.543"/>
  <system-out/>
  <testcase classname="JonasFitness.API.GetPackageDetails" name="service_OnlineSalesAllowed" time="1.666"/>
  <system-out/>
  <testcase classname="JonasFitness.API.GetPackageDetails" name="singlePriceRange" time="1.744"/>
  <system-out/>
  <testcase classname="JonasFitness.API.GetPackageDetails" name="invalidCustomerId" time="0.687"/>
  <system-out/>
  <testcase classname="JonasFitness.API.GetPackageDetails" name="training_OnlineSalesAllowed" time="0.568"/>
  <system-out/>
  <testcase classname="JonasFitness.API.GetPackageDetails" name="service_OnlineSalesNotAllowed" time="0.564"/>
  <system-out/>
  <testcase classname="JonasFitness.API.GetPackageDetails" name="service_Inactive" time="0.560"/>
  <system-out/>
  <testcase classname="JonasFitness.API.GetPackageDetails" name="multiplePriceRanges" time="1.848"/>
  <system-out/>
</testsuite> <!-- JonasFitness.API.GetPackageDetails -->
