<?xml version="1.0" encoding="UTF-8"?>
<!-- Generated by org.testng.reporters.JUnitReportReporter -->
<testsuite hostname="COL-TNUZUM" failures="0" tests="5" name="JonasFitness.API.SecurityPipeline" time="1.346" errors="0" timestamp="2019-10-30T13:07:32 EDT" skipped="0">
  <testcase classname="JonasFitness.API.SecurityPipeline" name="InvalidAPIKey" time="0.240"/>
  <testcase classname="JonasFitness.API.SecurityPipeline" name="NoAPIKey" time="0.214"/>
  <testcase classname="JonasFitness.API.SecurityPipeline" name="InactiveClub" time="0.335"/>
  <testcase classname="JonasFitness.API.SecurityPipeline" name="InvalidClub" time="0.313"/>
  <testcase classname="JonasFitness.API.SecurityPipeline" name="InvalidCompany" time="0.244"/>
</testsuite> <!-- JonasFitness.API.SecurityPipeline -->
