<?xml version="1.0" encoding="UTF-8"?>
<!-- Generated by org.testng.reporters.JUnitReportReporter -->
<testsuite hostname="COL-TNUZUM" failures="0" tests="1" name="JonasFitness.API.AuthenticateMemberByUserCredentials" time="1.900" errors="0" timestamp="2019-10-23T17:03:20 EDT" skipped="0">
  <testcase classname="JonasFitness.API.AuthenticateMemberByUserCredentials" name="ValidInput" time="1.900"/>
</testsuite> <!-- JonasFitness.API.AuthenticateMemberByUserCredentials -->
