<?xml version="1.0" encoding="UTF-8"?>
<!-- Generated by org.testng.reporters.JUnitReportReporter -->
<testsuite hostname="COL-BKALLE" failures="0" tests="1" name="JonasFitness.API.GetScheduleByMember" time="2.933" errors="0" timestamp="2019-11-04T11:43:26 EST" skipped="0">
  <testcase classname="JonasFitness.API.GetScheduleByMember" name="ValidInput" time="2.933"/>
</testsuite> <!-- JonasFitness.API.GetScheduleByMember -->
