<?xml version="1.0" encoding="UTF-8"?>
<!-- Generated by org.testng.reporters.JUnitReportReporter -->
<testsuite hostname="COL-TNUZUM" failures="0" tests="1" name="JonasFitness.API.GetProductByBook" time="0.429" errors="0" timestamp="2019-10-28T09:03:31 EDT" skipped="0">
  <testcase classname="JonasFitness.API.GetProductByBook" name="ValidInput" time="0.429"/>
</testsuite> <!-- JonasFitness.API.GetProductByBook -->
