<?xml version="1.0" encoding="UTF-8"?>
<!-- Generated by org.testng.reporters.JUnitReportReporter -->
<testsuite hostname="COL-TNUZUM" failures="0" tests="1" name="JonasFitness.API.GetScheduleByBook" time="1.103" errors="0" timestamp="2019-10-28T09:03:31 EDT" skipped="0">
  <testcase classname="JonasFitness.API.GetScheduleByBook" name="ValidInput" time="1.103"/>
</testsuite> <!-- JonasFitness.API.GetScheduleByBook -->
