<?xml version="1.0" encoding="UTF-8"?>
<!-- Generated by org.testng.reporters.JUnitReportReporter -->
<testsuite hostname="COL-TNUZUM" failures="0" tests="5" name="JonasFitness.API.SecurityPipeline" time="1.324" errors="0" timestamp="2019-11-05T11:28:48 EST" skipped="0">
  <testcase classname="JonasFitness.API.SecurityPipeline" name="InvalidAPIKey" time="0.241"/>
  <testcase classname="JonasFitness.API.SecurityPipeline" name="InvalidCompany" time="0.234"/>
  <testcase classname="JonasFitness.API.SecurityPipeline" name="InactiveClub" time="0.327"/>
  <testcase classname="JonasFitness.API.SecurityPipeline" name="NoAPIKey" time="0.207"/>
  <testcase classname="JonasFitness.API.SecurityPipeline" name="InvalidClub" time="0.315"/>
</testsuite> <!-- JonasFitness.API.SecurityPipeline -->
