<?xml version="1.0" encoding="UTF-8"?>
<!-- Generated by org.testng.reporters.JUnitReportReporter -->
<testsuite hostname="COL-TNUZUM" failures="0" tests="7" name="JonasFitness.API.GetMember" time="5.375" errors="0" timestamp="2020-02-17T12:08:05 EST" skipped="0">
  <testcase classname="JonasFitness.API.GetMember" name="MemberFoundTerminatedMember" time="0.928"/>
  <system-out/>
  <testcase classname="JonasFitness.API.GetMember" name="MemberNotFound" time="0.348"/>
  <system-out/>
  <testcase classname="JonasFitness.API.GetMember" name="MemberFoundProspectMember" time="0.738"/>
  <system-out/>
  <testcase classname="JonasFitness.API.GetMember" name="MemberFoundActiveHOH" time="0.731"/>
  <system-out/>
  <testcase classname="JonasFitness.API.GetMember" name="MemberFoundAccountLocked" time="0.932"/>
  <system-out/>
  <testcase classname="JonasFitness.API.GetMember" name="MemberFoundFrozenMember" time="0.945"/>
  <system-out/>
  <testcase classname="JonasFitness.API.GetMember" name="MemberFoundCollectionsMember" time="0.753"/>
  <system-out/>
</testsuite> <!-- JonasFitness.API.GetMember -->
