<?xml version="1.0" encoding="UTF-8"?>
<!-- Generated by org.testng.reporters.JUnitReportReporter -->
<testsuite hostname="COL-TNUZUM" failures="0" tests="1" name="JonasFitness.API.GetClubsByMember" time="0.600" errors="0" timestamp="2019-10-22T09:01:59 EDT" skipped="0">
  <testcase classname="JonasFitness.API.GetClubsByMember" name="Test1" time="0.600"/>
</testsuite> <!-- JonasFitness.API.GetClubsByMember -->
