<?xml version="1.0" encoding="UTF-8"?>
<!-- Generated by org.testng.reporters.JUnitReportReporter -->
<testsuite hostname="COL-TNUZUM" failures="0" tests="10" name="JonasFitness.API.SearchMembers" time="5.924" errors="0" timestamp="2020-02-17T12:08:06 EST" skipped="0">
  <testcase classname="JonasFitness.API.SearchMembers" name="searchMembers_HomePhoneNoDashes" time="0.526"/>
  <system-out/>
  <testcase classname="JonasFitness.API.SearchMembers" name="searchMembers_WorkPhoneDashes" time="0.534"/>
  <system-out/>
  <testcase classname="JonasFitness.API.SearchMembers" name="searchMembers_WorkPhoneNoDashes" time="0.523"/>
  <system-out/>
  <testcase classname="JonasFitness.API.SearchMembers" name="searchMembers_HomePhoneDashes" time="0.727"/>
  <system-out/>
  <testcase classname="JonasFitness.API.SearchMembers" name="searchMembers_MobilePhoneDashes" time="0.521"/>
  <system-out/>
  <testcase classname="JonasFitness.API.SearchMembers" name="searchMembers_LastFirstName" time="0.517"/>
  <system-out/>
  <testcase classname="JonasFitness.API.SearchMembers" name="searchMembers_Email" time="0.701"/>
  <system-out/>
  <testcase classname="JonasFitness.API.SearchMembers" name="searchMembers_FirstName" time="0.536"/>
  <system-out/>
  <testcase classname="JonasFitness.API.SearchMembers" name="searchMembers_MobilePhoneNoDashes" time="0.710"/>
  <system-out/>
  <testcase classname="JonasFitness.API.SearchMembers" name="searchMembers_LastName" time="0.629"/>
  <system-out/>
</testsuite> <!-- JonasFitness.API.SearchMembers -->
