<?xml version="1.0" encoding="UTF-8"?>
<!-- Generated by org.testng.reporters.JUnitReportReporter -->
<testsuite hostname="COL-TNUZUM" failures="0" tests="2" name="JonasFitness.API.GetAppointmentResourceTypeByProduct" time="1.509" errors="0" timestamp="2019-10-28T08:14:26 EDT" skipped="0">
  <testcase classname="JonasFitness.API.GetAppointmentResourceTypeByProduct" name="ProductFound" time="0.675"/>
  <testcase classname="JonasFitness.API.GetAppointmentResourceTypeByProduct" name="ProductNotFound" time="0.834"/>
</testsuite> <!-- JonasFitness.API.GetAppointmentResourceTypeByProduct -->
