<?xml version="1.0" encoding="UTF-8"?>
<!-- Generated by org.testng.reporters.JUnitReportReporter -->
<testsuite hostname="COL-TNUZUM" failures="0" tests="3" name="JonasFitness.API.GetAppointmentResourceTypeByProduct" time="1.485" errors="0" timestamp="2019-12-02T15:26:05 EST" skipped="0">
  <testcase classname="JonasFitness.API.GetAppointmentResourceTypeByProduct" name="ProductNotFound" time="0.526"/>
  <testcase classname="JonasFitness.API.GetAppointmentResourceTypeByProduct" name="ProductFoundSelectableResources" time="0.501"/>
  <testcase classname="JonasFitness.API.GetAppointmentResourceTypeByProduct" name="ProductFoundNoSelectableResources" time="0.458"/>
</testsuite> <!-- JonasFitness.API.GetAppointmentResourceTypeByProduct -->
