<?xml version="1.0" encoding="UTF-8"?>
<!-- Generated by org.testng.reporters.JUnitReportReporter -->
<testsuite hostname="COL-TNUZUM" failures="0" tests="2" name="JonasFitness.API.GetAppointmentProductCategoriesByMember" time="0.909" errors="0" timestamp="2019-12-02T15:26:05 EST" skipped="0">
  <testcase classname="JonasFitness.API.GetAppointmentProductCategoriesByMember" name="MemberNotFound" time="0.430"/>
  <testcase classname="JonasFitness.API.GetAppointmentProductCategoriesByMember" name="ProductCategoryFound" time="0.479"/>
</testsuite> <!-- JonasFitness.API.GetAppointmentProductCategoriesByMember -->
