<?xml version="1.0" encoding="UTF-8"?>
<!-- Generated by org.testng.reporters.JUnitReportReporter -->
<testsuite hostname="COL-TNUZUM" failures="0" tests="1" name="JonasFitness.API.GetAppointmentProductByCategory" time="0.716" errors="0" timestamp="2019-10-11T10:54:40 EDT" skipped="0">
  <testcase classname="JonasFitness.API.GetAppointmentProductByCategory" name="Test1" time="0.716"/>
</testsuite> <!-- JonasFitness.API.GetAppointmentProductByCategory -->
