<?xml version="1.0" encoding="UTF-8"?>
<!-- Generated by org.testng.reporters.JUnitReportReporter -->
<testsuite hostname="COL-TNUZUM" failures="0" tests="5" name="JonasFitness.API.SecurityPipeline" time="1.348" errors="0" timestamp="2019-10-28T15:41:16 EDT" skipped="0">
  <testcase classname="JonasFitness.API.SecurityPipeline" name="InvalidClub" time="0.312"/>
  <testcase classname="JonasFitness.API.SecurityPipeline" name="InactiveClub" time="0.355"/>
  <testcase classname="JonasFitness.API.SecurityPipeline" name="InvalidAPIKey" time="0.235"/>
  <testcase classname="JonasFitness.API.SecurityPipeline" name="NoAPIKey" time="0.210"/>
  <testcase classname="JonasFitness.API.SecurityPipeline" name="InvalidCompany" time="0.236"/>
</testsuite> <!-- JonasFitness.API.SecurityPipeline -->
