<?xml version="1.0" encoding="UTF-8"?>
<!-- Generated by org.testng.reporters.JUnitReportReporter -->
<testsuite hostname="COL-TNUZUM" failures="0" tests="10" name="JonasFitness.API.SearchMembers" time="6.712" errors="0" timestamp="2019-10-30T13:07:32 EDT" skipped="0">
  <testcase classname="JonasFitness.API.SearchMembers" name="SearchMembers_FirstName" time="0.711"/>
  <testcase classname="JonasFitness.API.SearchMembers" name="SearchMembers_WorkPhoneDashes" time="0.596"/>
  <testcase classname="JonasFitness.API.SearchMembers" name="SearchMembers_MobilePhoneDashes" time="0.607"/>
  <testcase classname="JonasFitness.API.SearchMembers" name="SearchMembers_LastName" time="0.596"/>
  <testcase classname="JonasFitness.API.SearchMembers" name="SearchMembers_HomePhoneDashes" time="0.640"/>
  <testcase classname="JonasFitness.API.SearchMembers" name="SearchMembers_LastFirstName" time="0.617"/>
  <testcase classname="JonasFitness.API.SearchMembers" name="SearchMembers_MobilePhoneNoDashes" time="0.764"/>
  <testcase classname="JonasFitness.API.SearchMembers" name="SearchMembers_HomePhoneNoDashes" time="0.938"/>
  <testcase classname="JonasFitness.API.SearchMembers" name="SearchMembers_Email" time="0.644"/>
  <testcase classname="JonasFitness.API.SearchMembers" name="SearchMembers_WorkPhoneNoDashes" time="0.599"/>
</testsuite> <!-- JonasFitness.API.SearchMembers -->
