<?xml version="1.0" encoding="UTF-8"?>
<!-- Generated by org.testng.reporters.JUnitReportReporter -->
<testsuite hostname="COL-TNUZUM" failures="0" tests="2" name="JonasFitness.API.GetPackageDetails" time="1.395" errors="0" timestamp="2019-10-28T15:41:16 EDT" skipped="0">
  <testcase classname="JonasFitness.API.GetPackageDetails" name="SinglePriceRange" time="0.674"/>
  <testcase classname="JonasFitness.API.GetPackageDetails" name="multiplePriceRanges" time="0.721"/>
</testsuite> <!-- JonasFitness.API.GetPackageDetails -->
