<?xml version="1.0" encoding="UTF-8"?>
<!-- Generated by org.testng.reporters.JUnitReportReporter -->
<testsuite hostname="COL-TNUZUM" failures="0" tests="10" name="JonasFitness.API.SearchMembers" time="8.951" errors="0" timestamp="2019-12-12T15:06:26 EST" skipped="0">
  <testcase classname="JonasFitness.API.SearchMembers" name="searchMembers_Email" time="2.143"/>
  <testcase classname="JonasFitness.API.SearchMembers" name="searchMembers_HomePhoneDashes" time="0.837"/>
  <testcase classname="JonasFitness.API.SearchMembers" name="searchMembers_LastFirstName" time="0.837"/>
  <testcase classname="JonasFitness.API.SearchMembers" name="searchMembers_LastName" time="0.836"/>
  <testcase classname="JonasFitness.API.SearchMembers" name="searchMembers_MobilePhoneDashes" time="0.597"/>
  <testcase classname="JonasFitness.API.SearchMembers" name="searchMembers_MobilePhoneNoDashes" time="0.602"/>
  <testcase classname="JonasFitness.API.SearchMembers" name="searchMembers_FirstName" time="0.695"/>
  <testcase classname="JonasFitness.API.SearchMembers" name="searchMembers_WorkPhoneNoDashes" time="0.952"/>
  <testcase classname="JonasFitness.API.SearchMembers" name="searchMembers_WorkPhoneDashes" time="0.765"/>
  <testcase classname="JonasFitness.API.SearchMembers" name="searchMembers_HomePhoneNoDashes" time="0.687"/>
</testsuite> <!-- JonasFitness.API.SearchMembers -->
