<?xml version="1.0" encoding="UTF-8"?>
<!-- Generated by org.testng.reporters.JUnitReportReporter -->
<testsuite hostname="COL-TNUZUM" failures="0" tests="3" name="JonasFitness.API.GetActiveBooksByResourceType" time="1.606" errors="0" timestamp="2020-02-17T12:08:06 EST" skipped="0">
  <testcase classname="JonasFitness.API.GetActiveBooksByResourceType" name="BookFound_WithResource" time="0.420"/>
  <system-out/>
  <testcase classname="JonasFitness.API.GetActiveBooksByResourceType" name="BookFound_NoResource" time="0.608"/>
  <system-out/>
  <testcase classname="JonasFitness.API.GetActiveBooksByResourceType" name="resourceNotFound" time="0.578"/>
  <system-out/>
</testsuite> <!-- JonasFitness.API.GetActiveBooksByResourceType -->
