<?xml version="1.0" encoding="UTF-8"?>
<!-- Generated by org.testng.reporters.JUnitReportReporter -->
<testsuite hostname="COL-TNUZUM" failures="0" tests="1" name="JonasFitness.API.SearchOnlineMembersByProduct" time="0.677" errors="0" timestamp="2019-10-14T13:10:12 EDT" skipped="0">
  <testcase classname="JonasFitness.API.SearchOnlineMembersByProduct" name="Test1" time="0.677"/>
</testsuite> <!-- JonasFitness.API.SearchOnlineMembersByProduct -->
