<?xml version="1.0" encoding="UTF-8"?>
<!-- Generated by org.testng.reporters.JUnitReportReporter -->
<testsuite hostname="COL-TNUZUM" failures="0" tests="1" name="JonasFitness.API.GetScheduleByMember" time="0.760" errors="0" timestamp="2019-10-14T11:21:43 EDT" skipped="0">
  <testcase classname="JonasFitness.API.GetScheduleByMember" name="Test1" time="0.760"/>
</testsuite> <!-- JonasFitness.API.GetScheduleByMember -->
