<?xml version="1.0" encoding="UTF-8"?>
<!-- Generated by org.testng.reporters.JUnitReportReporter -->
<testsuite hostname="COL-TNUZUM" failures="0" tests="2" name="JonasFitness.API.GetAvailableAppointments" time="6.156" errors="0" timestamp="2019-10-25T10:28:46 EDT" skipped="0">
  <testcase classname="JonasFitness.API.GetAvailableAppointments" name="NoResources" time="4.478"/>
  <testcase classname="JonasFitness.API.GetAvailableAppointments" name="WithResources" time="1.678"/>
</testsuite> <!-- JonasFitness.API.GetAvailableAppointments -->
