<?xml version="1.0" encoding="UTF-8"?>
<!-- Generated by org.testng.reporters.JUnitReportReporter -->
<testsuite hostname="COL-TNUZUM" failures="0" tests="2" name="JonasFitness.API.GetAppointmentResourceTypeByProduct" time="1.147" errors="0" timestamp="2019-11-11T08:59:16 EST" skipped="0">
  <testcase classname="JonasFitness.API.GetAppointmentResourceTypeByProduct" name="ProductFound" time="0.557"/>
  <testcase classname="JonasFitness.API.GetAppointmentResourceTypeByProduct" name="ProductNotFound" time="0.590"/>
</testsuite> <!-- JonasFitness.API.GetAppointmentResourceTypeByProduct -->
