<?xml version="1.0" encoding="UTF-8"?>
<!-- Generated by org.testng.reporters.JUnitReportReporter -->
<testsuite hostname="COL-TNUZUM" failures="0" tests="1" name="JonasFitness.API.GetScheduleByBook" time="1.727" errors="0" timestamp="2019-10-30T13:07:32 EDT" skipped="0">
  <testcase classname="JonasFitness.API.GetScheduleByBook" name="ValidInput" time="1.727"/>
</testsuite> <!-- JonasFitness.API.GetScheduleByBook -->
