<?xml version="1.0" encoding="UTF-8"?>
<!-- Generated by org.testng.reporters.JUnitReportReporter -->
<testsuite hostname="COL-TNUZUM" failures="0" tests="5" name="JonasFitness.API.SecurityPipeline" time="1.992" errors="0" timestamp="2019-10-17T15:58:14 EDT" skipped="0">
  <testcase classname="JonasFitness.API.SecurityPipeline" name="InvalidClub" time="0.325"/>
  <testcase classname="JonasFitness.API.SecurityPipeline" name="InactiveClub" time="0.567"/>
  <testcase classname="JonasFitness.API.SecurityPipeline" name="NoAPIKey" time="0.222"/>
  <testcase classname="JonasFitness.API.SecurityPipeline" name="InvalidCompany" time="0.250"/>
  <testcase classname="JonasFitness.API.SecurityPipeline" name="InvalidAPIKey" time="0.628"/>
</testsuite> <!-- JonasFitness.API.SecurityPipeline -->
