<?xml version="1.0" encoding="UTF-8"?>
<!-- Generated by org.testng.reporters.JUnitReportReporter -->
<testsuite hostname="COL-TNUZUM" failures="0" tests="1" name="JonasFitness.API.GetActiveBooksByResourceType" time="0.563" errors="0" timestamp="2019-10-28T08:14:26 EDT" skipped="0">
  <testcase classname="JonasFitness.API.GetActiveBooksByResourceType" name="ValidInput_NoResource" time="0.563"/>
</testsuite> <!-- JonasFitness.API.GetActiveBooksByResourceType -->
