<?xml version="1.0" encoding="UTF-8"?>
<!-- Generated by org.testng.reporters.JUnitReportReporter -->
<testsuite hostname="COL-TNUZUM" failures="0" tests="2" name="JonasFitness.API.GetAppointmentDetails" time="3.356" errors="0" timestamp="2019-10-23T17:03:20 EDT" skipped="0">
  <testcase classname="JonasFitness.API.GetAppointmentDetails" name="AppointmentsNotFound" time="0.729"/>
  <testcase classname="JonasFitness.API.GetAppointmentDetails" name="AppointmentsFound" time="2.627"/>
</testsuite> <!-- JonasFitness.API.GetAppointmentDetails -->
