<?xml version="1.0" encoding="UTF-8"?>
<!-- Generated by org.testng.reporters.JUnitReportReporter -->
<testsuite hostname="COL-TNUZUM" failures="0" tests="2" name="JonasFitness.API.GetPackageDetails" time="1.644" errors="0" timestamp="2019-11-05T11:28:48 EST" skipped="0">
  <testcase classname="JonasFitness.API.GetPackageDetails" name="multiplePriceRanges" time="0.994"/>
  <testcase classname="JonasFitness.API.GetPackageDetails" name="SinglePriceRange" time="0.650"/>
</testsuite> <!-- JonasFitness.API.GetPackageDetails -->
