<?xml version="1.0" encoding="UTF-8"?>
<!-- Generated by org.testng.reporters.JUnitReportReporter -->
<testsuite hostname="COL-TNUZUM" failures="0" tests="1" name="JonasFitness.API.ExampleTest" time="2.246" errors="0" timestamp="29 Aug 2019 19:45:34 GMT" skipped="0">
  <testcase classname="JonasFitness.API.ExampleTest" name="Test1" time="2.246"/>
</testsuite> <!-- JonasFitness.API.ExampleTest -->
