<?xml version="1.0" encoding="UTF-8"?>
<!-- Generated by org.testng.reporters.JUnitReportReporter -->
<testsuite hostname="COL-TNUZUM" failures="0" tests="11" name="JonasFitness.API.GetPackageDetails" time="5.740" errors="0" timestamp="2019-12-02T15:26:05 EST" skipped="0">
  <testcase classname="JonasFitness.API.GetPackageDetails" name="training_Inactive" time="0.706"/>
  <testcase classname="JonasFitness.API.GetPackageDetails" name="service_Inactive" time="0.499"/>
  <testcase classname="JonasFitness.API.GetPackageDetails" name="NotServiceTypeV" time="0.431"/>
  <testcase classname="JonasFitness.API.GetPackageDetails" name="service_OnlineSalesNotAllowed" time="0.506"/>
  <testcase classname="JonasFitness.API.GetPackageDetails" name="training_OnlineSalesAllowed" time="0.519"/>
  <testcase classname="JonasFitness.API.GetPackageDetails" name="invalidPackageId" time="0.416"/>
  <testcase classname="JonasFitness.API.GetPackageDetails" name="invalidCustomerId" time="0.607"/>
  <testcase classname="JonasFitness.API.GetPackageDetails" name="singlePriceRange" time="0.516"/>
  <testcase classname="JonasFitness.API.GetPackageDetails" name="service_OnlineSalesAllowed" time="0.499"/>
  <testcase classname="JonasFitness.API.GetPackageDetails" name="multiplePriceRanges" time="0.518"/>
  <testcase classname="JonasFitness.API.GetPackageDetails" name="training_OnlineSalesNotAllowed" time="0.523"/>
</testsuite> <!-- JonasFitness.API.GetPackageDetails -->
