<?xml version="1.0" encoding="UTF-8"?>
<!-- Generated by org.testng.reporters.JUnitReportReporter -->
<testsuite hostname="COL-BKALLE" failures="0" tests="1" name="JonasFitness.API.getbookavailabilitycalendar" time="2.102" errors="0" timestamp="2019-10-30T17:20:27 EDT" skipped="0">
  <testcase classname="JonasFitness.API.getbookavailabilitycalendar" name="ValidInput" time="2.102"/>
</testsuite> <!-- JonasFitness.API.getbookavailabilitycalendar -->
