<?xml version="1.0" encoding="UTF-8"?>
<!-- Generated by org.testng.reporters.JUnitReportReporter -->
<testsuite hostname="COL-TNUZUM" failures="0" tests="2" name="JonasFitness.API.GetAppointmentDetails" time="2.495" errors="0" timestamp="2019-10-30T13:07:32 EDT" skipped="0">
  <testcase classname="JonasFitness.API.GetAppointmentDetails" name="AppointmentsFound" time="1.787"/>
  <testcase classname="JonasFitness.API.GetAppointmentDetails" name="AppointmentsNotFound" time="0.708"/>
</testsuite> <!-- JonasFitness.API.GetAppointmentDetails -->
