<?xml version="1.0" encoding="UTF-8"?>
<!-- Generated by org.testng.reporters.JUnitReportReporter -->
<testsuite hostname="COL-TNUZUM" failures="0" tests="5" name="JonasFitness.API.GetCardsOnFileByMember" time="3.333" errors="0" timestamp="2019-11-05T11:28:48 EST" skipped="0">
  <testcase classname="JonasFitness.API.GetCardsOnFileByMember" name="MultipleAgreementsWithCard" time="0.760"/>
  <testcase classname="JonasFitness.API.GetCardsOnFileByMember" name="SingleAgreementWithCard" time="0.720"/>
  <testcase classname="JonasFitness.API.GetCardsOnFileByMember" name="CardWithoutAgreement" time="0.647"/>
  <testcase classname="JonasFitness.API.GetCardsOnFileByMember" name="NoCardOnFile" time="0.474"/>
  <testcase classname="JonasFitness.API.GetCardsOnFileByMember" name="SingleAgreementMultipleCardsOnFile" time="0.732"/>
</testsuite> <!-- JonasFitness.API.GetCardsOnFileByMember -->
