<?xml version="1.0" encoding="UTF-8"?>
<!-- Generated by org.testng.reporters.JUnitReportReporter -->
<testsuite hostname="COL-TNUZUM" failures="0" tests="2" name="JonasFitness.API.GetAppointmentProductCategoriesByMember" time="1.242" errors="0" timestamp="2020-02-18T15:18:35 EST" skipped="0">
  <testcase classname="JonasFitness.API.GetAppointmentProductCategoriesByMember" name="ProductCategoryFound" time="0.549"/>
  <system-out/>
  <testcase classname="JonasFitness.API.GetAppointmentProductCategoriesByMember" name="MemberNotFound" time="0.693"/>
  <system-out/>
</testsuite> <!-- JonasFitness.API.GetAppointmentProductCategoriesByMember -->
