<?xml version="1.0" encoding="UTF-8"?>
<!-- Generated by org.testng.reporters.JUnitReportReporter -->
<testsuite hostname="COL-TNUZUM" failures="0" tests="5" name="JonasFitness.API.GetCardsOnFileByMember" time="3.459" errors="0" timestamp="2019-10-30T13:07:32 EDT" skipped="0">
  <testcase classname="JonasFitness.API.GetCardsOnFileByMember" name="SingleAgreementWithCard" time="0.636"/>
  <testcase classname="JonasFitness.API.GetCardsOnFileByMember" name="NoCardOnFile" time="0.675"/>
  <testcase classname="JonasFitness.API.GetCardsOnFileByMember" name="SingleAgreementMultipleCardsOnFile" time="0.730"/>
  <testcase classname="JonasFitness.API.GetCardsOnFileByMember" name="MultipleAgreementsWithCard" time="0.736"/>
  <testcase classname="JonasFitness.API.GetCardsOnFileByMember" name="CardWithoutAgreement" time="0.682"/>
</testsuite> <!-- JonasFitness.API.GetCardsOnFileByMember -->
