<?xml version="1.0" encoding="UTF-8"?>
<!-- Generated by org.testng.reporters.JUnitReportReporter -->
<testsuite hostname="COL-TNUZUM" failures="0" tests="2" name="JonasFitness.API.GetClubsByMember" time="0.959" errors="0" timestamp="2020-02-17T12:08:06 EST" skipped="0">
  <testcase classname="JonasFitness.API.GetClubsByMember" name="MemberNotFound" time="0.365"/>
  <system-out/>
  <testcase classname="JonasFitness.API.GetClubsByMember" name="ClubsFound" time="0.594"/>
  <system-out/>
</testsuite> <!-- JonasFitness.API.GetClubsByMember -->
