<?xml version="1.0" encoding="UTF-8"?>
<!-- Generated by org.testng.reporters.JUnitReportReporter -->
<testsuite hostname="COL-TNUZUM" failures="0" tests="6" name="JonasFitness.API.GetCardsOnFileByMember" time="4.517" errors="0" timestamp="2020-02-18T15:18:35 EST" skipped="0">
  <testcase classname="JonasFitness.API.GetCardsOnFileByMember" name="MultipleAgreementsWithSingleCard" time="0.564"/>
  <system-out/>
  <testcase classname="JonasFitness.API.GetCardsOnFileByMember" name="SingleAgreementMultipleCardsOnFile" time="0.739"/>
  <system-out/>
  <testcase classname="JonasFitness.API.GetCardsOnFileByMember" name="CardWithoutAgreement" time="0.889"/>
  <system-out/>
  <testcase classname="JonasFitness.API.GetCardsOnFileByMember" name="NoCardOnFile" time="0.753"/>
  <system-out/>
  <testcase classname="JonasFitness.API.GetCardsOnFileByMember" name="MultipleAgreementsWithMultipleCards" time="0.979"/>
  <system-out/>
  <testcase classname="JonasFitness.API.GetCardsOnFileByMember" name="SingleAgreementWithCard" time="0.593"/>
  <system-out/>
</testsuite> <!-- JonasFitness.API.GetCardsOnFileByMember -->
