<?xml version="1.0" encoding="UTF-8"?>
<!-- Generated by org.testng.reporters.JUnitReportReporter -->
<testsuite hostname="COL-TNUZUM" failures="0" tests="3" name="JonasFitness.API.GetAppointmentsByBook" time="9.453" errors="0" timestamp="2020-02-18T15:18:35 EST" skipped="0">
  <testcase classname="JonasFitness.API.GetAppointmentsByBook" name="AppointmentsFound" time="8.270"/>
  <system-out/>
  <testcase classname="JonasFitness.API.GetAppointmentsByBook" name="AppointmentsNotFound" time="0.510"/>
  <system-out/>
  <testcase classname="JonasFitness.API.GetAppointmentsByBook" name="InvalidDateRange" time="0.673"/>
  <system-out/>
</testsuite> <!-- JonasFitness.API.GetAppointmentsByBook -->
