<?xml version="1.0" encoding="UTF-8"?>
<!-- Generated by org.testng.reporters.JUnitReportReporter -->
<testsuite hostname="COL-TNUZUM" failures="0" tests="3" name="JonasFitness.API._Draft_CancelAppointmentByEmployee" time="3.484" errors="0" timestamp="2019-10-24T09:41:06 EDT" skipped="0">
  <testcase classname="JonasFitness.API._Draft_CancelAppointmentByEmployee" name="ApptCancelled" time="2.132"/>
  <testcase classname="JonasFitness.API._Draft_CancelAppointmentByEmployee" name="NotCancelled_ApptDatePast" time="0.925"/>
  <testcase classname="JonasFitness.API._Draft_CancelAppointmentByEmployee" name="ApptNotFound" time="0.427"/>
</testsuite> <!-- JonasFitness.API._Draft_CancelAppointmentByEmployee -->
