<?xml version="1.0" encoding="UTF-8"?>
<!-- Generated by org.testng.reporters.JUnitReportReporter -->
<testsuite hostname="COL-TNUZUM" failures="0" tests="4" name="JonasFitness.API.SecurityPipeline" time="0.984" errors="0" timestamp="2019-12-02T15:26:05 EST" skipped="0">
  <testcase classname="JonasFitness.API.SecurityPipeline" name="InvalidClub" time="0.304"/>
  <testcase classname="JonasFitness.API.SecurityPipeline" name="NoAPIKey" time="0.204"/>
  <testcase classname="JonasFitness.API.SecurityPipeline" name="InvalidCompany" time="0.236"/>
  <testcase classname="JonasFitness.API.SecurityPipeline" name="InvalidAPIKey" time="0.240"/>
</testsuite> <!-- JonasFitness.API.SecurityPipeline -->
