<?xml version="1.0" encoding="UTF-8"?>
<!-- Generated by org.testng.reporters.JUnitReportReporter -->
<testsuite hostname="COL-TNUZUM" failures="0" tests="5" name="JonasFitness.API.SecurityPipeline" time="1.354" errors="0" timestamp="2020-02-17T12:08:06 EST" skipped="0">
  <testcase classname="JonasFitness.API.SecurityPipeline" name="InvalidClub" time="0.314"/>
  <system-out/>
  <testcase classname="JonasFitness.API.SecurityPipeline" name="InvalidCompany" time="0.233"/>
  <system-out/>
  <testcase classname="JonasFitness.API.SecurityPipeline" name="InvalidAPIKey" time="0.407"/>
  <system-out/>
  <testcase classname="JonasFitness.API.SecurityPipeline" name="endpointNotFound" time="0.189"/>
  <system-out/>
  <testcase classname="JonasFitness.API.SecurityPipeline" name="NoAPIKey" time="0.211"/>
  <system-out/>
</testsuite> <!-- JonasFitness.API.SecurityPipeline -->
