<?xml version="1.0" encoding="UTF-8"?>
<!-- Generated by org.testng.reporters.JUnitReportReporter -->
<testsuite hostname="COL-TNUZUM" failures="0" tests="1" name="JonasFitness.API.GetAppointmentsByMember" time="1.149" errors="0" timestamp="2019-10-24T11:04:55 EDT" skipped="0">
  <testcase classname="JonasFitness.API.GetAppointmentsByMember" name="ValidInput" time="1.149"/>
</testsuite> <!-- JonasFitness.API.GetAppointmentsByMember -->
