<?xml version="1.0" encoding="UTF-8"?>
<!-- Generated by org.testng.reporters.JUnitReportReporter -->
<testsuite hostname="COL-TNUZUM" failures="0" tests="1" name="JonasFitness.API.GetAppointmentProductCategoriesByMember" time="0.481" errors="0" timestamp="2019-11-05T11:28:48 EST" skipped="0">
  <testcase classname="JonasFitness.API.GetAppointmentProductCategoriesByMember" name="Test1" time="0.481"/>
</testsuite> <!-- JonasFitness.API.GetAppointmentProductCategoriesByMember -->
