<?xml version="1.0" encoding="UTF-8"?>
<!-- Generated by org.testng.reporters.JUnitReportReporter -->
<testsuite hostname="COL-TNUZUM" failures="0" tests="1" name="JonasFitness.API.GetPurchasedPackagesByMember" time="0.605" errors="0" timestamp="2019-10-09T15:36:55 EDT" skipped="0">
  <testcase classname="JonasFitness.API.GetPurchasedPackagesByMember" name="Test1" time="0.605"/>
</testsuite> <!-- JonasFitness.API.GetPurchasedPackagesByMember -->
