<?xml version="1.0" encoding="UTF-8"?>
<!-- Generated by org.testng.reporters.JUnitReportReporter -->
<testsuite hostname="COL-TNUZUM" failures="0" tests="11" name="JonasFitness.API.GetPackageDetails" time="7.888" errors="0" timestamp="2020-02-17T12:08:06 EST" skipped="0">
  <testcase classname="JonasFitness.API.GetPackageDetails" name="invalidPackageId" time="0.448"/>
  <system-out/>
  <testcase classname="JonasFitness.API.GetPackageDetails" name="training_OnlineSalesNotAllowed" time="0.532"/>
  <system-out/>
  <testcase classname="JonasFitness.API.GetPackageDetails" name="singlePriceRange" time="1.015"/>
  <system-out/>
  <testcase classname="JonasFitness.API.GetPackageDetails" name="training_Inactive" time="0.645"/>
  <system-out/>
  <testcase classname="JonasFitness.API.GetPackageDetails" name="service_Inactive" time="0.688"/>
  <system-out/>
  <testcase classname="JonasFitness.API.GetPackageDetails" name="notServiceTypeV" time="0.460"/>
  <system-out/>
  <testcase classname="JonasFitness.API.GetPackageDetails" name="multiplePriceRanges" time="1.121"/>
  <system-out/>
  <testcase classname="JonasFitness.API.GetPackageDetails" name="invalidCustomerId" time="0.603"/>
  <system-out/>
  <testcase classname="JonasFitness.API.GetPackageDetails" name="training_OnlineSalesAllowed" time="0.698"/>
  <system-out/>
  <testcase classname="JonasFitness.API.GetPackageDetails" name="service_OnlineSalesNotAllowed" time="0.547"/>
  <system-out/>
  <testcase classname="JonasFitness.API.GetPackageDetails" name="service_OnlineSalesAllowed" time="1.131"/>
  <system-out/>
</testsuite> <!-- JonasFitness.API.GetPackageDetails -->
