<?xml version="1.0" encoding="UTF-8"?>
<!-- Generated by org.testng.reporters.JUnitReportReporter -->
<testsuite hostname="COL-TNUZUM" failures="0" tests="5" name="JonasFitness.API.SecurityPipeline" time="1.404" errors="0" timestamp="2020-02-18T15:18:35 EST" skipped="0">
  <testcase classname="JonasFitness.API.SecurityPipeline" name="InvalidClub" time="0.324"/>
  <system-out/>
  <testcase classname="JonasFitness.API.SecurityPipeline" name="endpointNotFound" time="0.210"/>
  <system-out/>
  <testcase classname="JonasFitness.API.SecurityPipeline" name="InvalidCompany" time="0.239"/>
  <system-out/>
  <testcase classname="JonasFitness.API.SecurityPipeline" name="NoAPIKey" time="0.210"/>
  <system-out/>
  <testcase classname="JonasFitness.API.SecurityPipeline" name="InvalidAPIKey" time="0.421"/>
  <system-out/>
</testsuite> <!-- JonasFitness.API.SecurityPipeline -->
