<?xml version="1.0" encoding="UTF-8"?>
<!-- Generated by org.testng.reporters.JUnitReportReporter -->
<testsuite hostname="COL-TNUZUM" failures="0" tests="1" name="JonasFitness.API.GetClassesAndCoursesByBook" time="0.885" errors="0" timestamp="2019-10-28T15:41:16 EDT" skipped="0">
  <testcase classname="JonasFitness.API.GetClassesAndCoursesByBook" name="ValidInput" time="0.885"/>
</testsuite> <!-- JonasFitness.API.GetClassesAndCoursesByBook -->
