<?xml version="1.0" encoding="UTF-8"?>
<!-- Generated by org.testng.reporters.JUnitReportReporter -->
<testsuite hostname="COL-TNUZUM" failures="0" tests="1" name="JonasFitness.API.GetAppointmentsByBook" time="0.680" errors="0" timestamp="2019-10-10T15:07:37 EDT" skipped="0">
  <testcase classname="JonasFitness.API.GetAppointmentsByBook" name="Test1" time="0.680"/>
</testsuite> <!-- JonasFitness.API.GetAppointmentsByBook -->
