<?xml version="1.0" encoding="UTF-8"?>
<!-- Generated by org.testng.reporters.JUnitReportReporter -->
<testsuite hostname="COL-TNUZUM" failures="0" tests="3" name="JonasFitness.API.GetAppointmentsByBook" time="2.544" errors="0" timestamp="2019-12-02T15:26:05 EST" skipped="0">
  <testcase classname="JonasFitness.API.GetAppointmentsByBook" name="InvalidDateRange" time="0.741"/>
  <testcase classname="JonasFitness.API.GetAppointmentsByBook" name="AppointmentsFound" time="1.190"/>
  <testcase classname="JonasFitness.API.GetAppointmentsByBook" name="AppointmentsNotFound" time="0.613"/>
</testsuite> <!-- JonasFitness.API.GetAppointmentsByBook -->
