<?xml version="1.0" encoding="UTF-8"?>
<!-- Generated by org.testng.reporters.JUnitReportReporter -->
<testsuite hostname="COL-TNUZUM" failures="0" tests="10" name="JonasFitness.API.SearchMembers" time="9.759" errors="0" timestamp="2019-12-02T15:26:05 EST" skipped="0">
  <testcase classname="JonasFitness.API.SearchMembers" name="searchMembers_WorkPhoneNoDashes" time="0.542"/>
  <testcase classname="JonasFitness.API.SearchMembers" name="searchMembers_LastName" time="0.645"/>
  <testcase classname="JonasFitness.API.SearchMembers" name="searchMembers_LastFirstName" time="0.964"/>
  <testcase classname="JonasFitness.API.SearchMembers" name="searchMembers_FirstName" time="0.709"/>
  <testcase classname="JonasFitness.API.SearchMembers" name="searchMembers_HomePhoneNoDashes" time="0.629"/>
  <testcase classname="JonasFitness.API.SearchMembers" name="searchMembers_Email" time="0.543"/>
  <testcase classname="JonasFitness.API.SearchMembers" name="searchMembers_HomePhoneDashes" time="3.856"/>
  <testcase classname="JonasFitness.API.SearchMembers" name="searchMembers_WorkPhoneDashes" time="0.520"/>
  <testcase classname="JonasFitness.API.SearchMembers" name="searchMembers_MobilePhoneDashes" time="0.815"/>
  <testcase classname="JonasFitness.API.SearchMembers" name="searchMembers_MobilePhoneNoDashes" time="0.536"/>
</testsuite> <!-- JonasFitness.API.SearchMembers -->
