<?xml version="1.0" encoding="UTF-8"?>
<!-- Generated by org.testng.reporters.JUnitReportReporter -->
<testsuite hostname="COL-TNUZUM" failures="0" tests="5" name="JonasFitness.API.GetCardsOnFileByMember" time="3.504" errors="0" timestamp="2019-11-11T08:59:16 EST" skipped="0">
  <testcase classname="JonasFitness.API.GetCardsOnFileByMember" name="SingleAgreementMultipleCardsOnFile" time="0.807"/>
  <testcase classname="JonasFitness.API.GetCardsOnFileByMember" name="CardWithoutAgreement" time="0.632"/>
  <testcase classname="JonasFitness.API.GetCardsOnFileByMember" name="SingleAgreementWithCard" time="0.614"/>
  <testcase classname="JonasFitness.API.GetCardsOnFileByMember" name="NoCardOnFile" time="0.514"/>
  <testcase classname="JonasFitness.API.GetCardsOnFileByMember" name="MultipleAgreementsWithCard" time="0.937"/>
</testsuite> <!-- JonasFitness.API.GetCardsOnFileByMember -->
