<?xml version="1.0" encoding="UTF-8"?>
<!-- Generated by org.testng.reporters.JUnitReportReporter -->
<testsuite hostname="COL-TNUZUM" failures="0" tests="3" name="JonasFitness.API.GetOnlinePackagesForPurchaseByClub" time="2.474" errors="0" timestamp="2020-02-17T12:08:05 EST" skipped="0">
  <testcase classname="JonasFitness.API.GetOnlinePackagesForPurchaseByClub" name="PackagesFound" time="0.971"/>
  <system-out/>
  <testcase classname="JonasFitness.API.GetOnlinePackagesForPurchaseByClub" name="PackageNotAllowed" time="1.129"/>
  <system-out/>
  <testcase classname="JonasFitness.API.GetOnlinePackagesForPurchaseByClub" name="customerNotFound" time="0.374"/>
  <system-out/>
</testsuite> <!-- JonasFitness.API.GetOnlinePackagesForPurchaseByClub -->
