<?xml version="1.0" encoding="UTF-8"?>
<!-- Generated by org.testng.reporters.JUnitReportReporter -->
<testsuite hostname="COL-TNUZUM" failures="0" tests="1" name="JonasFitness.API.GetAppointmentProductCategoriesByMember" time="0.505" errors="0" timestamp="2019-10-28T15:41:16 EDT" skipped="0">
  <testcase classname="JonasFitness.API.GetAppointmentProductCategoriesByMember" name="Test1" time="0.505"/>
</testsuite> <!-- JonasFitness.API.GetAppointmentProductCategoriesByMember -->
