<?xml version="1.0" encoding="UTF-8"?>
<!-- Generated by org.testng.reporters.JUnitReportReporter -->
<testsuite hostname="COL-TNUZUM" failures="0" tests="5" name="JonasFitness.API.SearchOnlineMembersByProduct" time="3.609" errors="0" timestamp="2019-11-11T08:59:16 EST" skipped="0">
  <testcase classname="JonasFitness.API.SearchOnlineMembersByProduct" name="FirstName" time="0.678"/>
  <testcase classname="JonasFitness.API.SearchOnlineMembersByProduct" name="PhoneWDashes" time="0.659"/>
  <testcase classname="JonasFitness.API.SearchOnlineMembersByProduct" name="Email" time="0.723"/>
  <testcase classname="JonasFitness.API.SearchOnlineMembersByProduct" name="PhoneNoDashes" time="0.676"/>
  <testcase classname="JonasFitness.API.SearchOnlineMembersByProduct" name="LastName" time="0.873"/>
</testsuite> <!-- JonasFitness.API.SearchOnlineMembersByProduct -->
