<?xml version="1.0" encoding="UTF-8"?>
<!-- Generated by org.testng.reporters.JUnitReportReporter -->
<testsuite hostname="COL-TNUZUM" failures="0" tests="2" name="JonasFitness.API.GetAvailableAppointments" time="2.939" errors="0" timestamp="2019-10-09T15:20:39 EDT" skipped="0">
  <testcase classname="JonasFitness.API.GetAvailableAppointments" name="GetAvailableAppointments_WithResources" time="1.097"/>
  <testcase classname="JonasFitness.API.GetAvailableAppointments" name="GetAvailableAppointments_NoResources" time="1.842"/>
</testsuite> <!-- JonasFitness.API.GetAvailableAppointments -->
