<?xml version="1.0" encoding="UTF-8"?>
<!-- Generated by org.testng.reporters.JUnitReportReporter -->
<testsuite hostname="COL-TNUZUM" failures="0" tests="1" name="JonasFitness.API.GetResponse" time="2.058" errors="0" timestamp="2019-08-30T14:58:50 EDT" skipped="0">
  <testcase classname="JonasFitness.API.GetResponse" name="Test1" time="2.058"/>
</testsuite> <!-- JonasFitness.API.GetResponse -->
