<?xml version="1.0" encoding="UTF-8"?>
<!-- Generated by org.testng.reporters.JUnitReportReporter -->
<testsuite hostname="COL-TNUZUM" failures="0" tests="10" name="JonasFitness.API.SearchMembersByProduct" time="4.873" errors="0" timestamp="2019-12-02T15:26:05 EST" skipped="0">
  <testcase classname="JonasFitness.API.SearchMembersByProduct" name="searchMembersByProduct_WorkPhoneWithDashes" time="0.409"/>
  <testcase classname="JonasFitness.API.SearchMembersByProduct" name="searchMembersByProduct_HomePhoneWithoutDashes" time="0.442"/>
  <testcase classname="JonasFitness.API.SearchMembersByProduct" name="searchMembersByProduct_FirstName" time="0.641"/>
  <testcase classname="JonasFitness.API.SearchMembersByProduct" name="searchMembersByProduct_FirstLastName" time="0.457"/>
  <testcase classname="JonasFitness.API.SearchMembersByProduct" name="searchMembersByProduct_LastFirstName" time="0.441"/>
  <testcase classname="JonasFitness.API.SearchMembersByProduct" name="searchMembersByProduct_MobilePhoneWithDashes" time="0.434"/>
  <testcase classname="JonasFitness.API.SearchMembersByProduct" name="searchMembersByProduct_MobilePhoneWithoutDashes" time="0.463"/>
  <testcase classname="JonasFitness.API.SearchMembersByProduct" name="searchMembersByProduct_LastName" time="0.527"/>
  <testcase classname="JonasFitness.API.SearchMembersByProduct" name="searchMembersByProduct_Email" time="0.438"/>
  <testcase classname="JonasFitness.API.SearchMembersByProduct" name="searchMembersByProduct_HomePhoneWithDashes" time="0.621"/>
</testsuite> <!-- JonasFitness.API.SearchMembersByProduct -->
