<?xml version="1.0" encoding="UTF-8"?>
<!-- Generated by org.testng.reporters.JUnitReportReporter -->
<testsuite hostname="COL-TNUZUM" failures="0" tests="5" name="JonasFitness.API.GetClassesAndCoursesByBook" time="2.441" errors="0" timestamp="2020-02-17T12:08:06 EST" skipped="0">
  <testcase classname="JonasFitness.API.GetClassesAndCoursesByBook" name="ClassesCoursesFound" time="0.794"/>
  <system-out/>
  <testcase classname="JonasFitness.API.GetClassesAndCoursesByBook" name="invalidDateRange" time="0.355"/>
  <system-out/>
  <testcase classname="JonasFitness.API.GetClassesAndCoursesByBook" name="ClassesCoursesNotFound" time="0.440"/>
  <system-out/>
  <testcase classname="JonasFitness.API.GetClassesAndCoursesByBook" name="invalidClassCourse" time="0.445"/>
  <system-out/>
  <testcase classname="JonasFitness.API.GetClassesAndCoursesByBook" name="ClassesCoursesNotFound2" time="0.407"/>
  <system-out/>
</testsuite> <!-- JonasFitness.API.GetClassesAndCoursesByBook -->
