<?xml version="1.0" encoding="UTF-8"?>
<!-- Generated by org.testng.reporters.JUnitReportReporter -->
<testsuite hostname="COL-TNUZUM" failures="0" tests="2" name="JonasFitness.API.GetAvailableAppointments" time="4.439" errors="0" timestamp="2019-11-11T08:59:16 EST" skipped="0">
  <testcase classname="JonasFitness.API.GetAvailableAppointments" name="WithResources" time="1.789"/>
  <testcase classname="JonasFitness.API.GetAvailableAppointments" name="NoResources" time="2.650"/>
</testsuite> <!-- JonasFitness.API.GetAvailableAppointments -->
