<?xml version="1.0" encoding="UTF-8"?>
<!-- Generated by org.testng.reporters.JUnitReportReporter -->
<testsuite hostname="COL-TNUZUM" failures="0" tests="2" name="JonasFitness.API.GetAppointmentDetails" time="2.030" errors="0" timestamp="2019-10-28T08:14:26 EDT" skipped="0">
  <testcase classname="JonasFitness.API.GetAppointmentDetails" name="AppointmentsFound" time="1.452"/>
  <testcase classname="JonasFitness.API.GetAppointmentDetails" name="AppointmentsNotFound" time="0.578"/>
</testsuite> <!-- JonasFitness.API.GetAppointmentDetails -->
