<?xml version="1.0" encoding="UTF-8"?>
<!-- Generated by org.testng.reporters.JUnitReportReporter -->
<testsuite hostname="COL-TNUZUM" failures="0" tests="3" name="JonasFitness.API.GetAvailableAppointments" time="6.339" errors="0" timestamp="2019-12-02T15:26:05 EST" skipped="0">
  <testcase classname="JonasFitness.API.GetAvailableAppointments" name="AppointmentsFound_WithResources" time="2.158"/>
  <testcase classname="JonasFitness.API.GetAvailableAppointments" name="AppointmentsFound_NoResources" time="3.130"/>
  <testcase classname="JonasFitness.API.GetAvailableAppointments" name="AppointmentsNotFound" time="1.051"/>
</testsuite> <!-- JonasFitness.API.GetAvailableAppointments -->
