<?xml version="1.0" encoding="UTF-8"?>
<!-- Generated by org.testng.reporters.JUnitReportReporter -->
<testsuite hostname="COL-TNUZUM" failures="0" tests="5" name="JonasFitness.API.GetClassesAndCoursesByMember" time="5.416" errors="0" timestamp="2020-02-18T15:18:35 EST" skipped="0">
  <testcase classname="JonasFitness.API.GetClassesAndCoursesByMember" name="ClassesFound" time="3.188"/>
  <system-out/>
  <testcase classname="JonasFitness.API.GetClassesAndCoursesByMember" name="invalidClassCourse" time="0.625"/>
  <system-out/>
  <testcase classname="JonasFitness.API.GetClassesAndCoursesByMember" name="invalidDateRange" time="0.352"/>
  <system-out/>
  <testcase classname="JonasFitness.API.GetClassesAndCoursesByMember" name="CoursesFound" time="0.630"/>
  <system-out/>
  <testcase classname="JonasFitness.API.GetClassesAndCoursesByMember" name="ClassesCoursesNotFound" time="0.621"/>
  <system-out/>
</testsuite> <!-- JonasFitness.API.GetClassesAndCoursesByMember -->
