<?xml version="1.0" encoding="UTF-8"?>
<!-- Generated by org.testng.reporters.JUnitReportReporter -->
<testsuite hostname="COL-BKALLE" failures="0" tests="5" name="JonasFitness.API.SearchMembersByProduct" time="4.480" errors="0" timestamp="2019-11-04T12:39:28 EST" skipped="0">
  <testcase classname="JonasFitness.API.SearchMembersByProduct" name="SearchMembersByProduct_FirstName" time="0.955"/>
  <testcase classname="JonasFitness.API.SearchMembersByProduct" name="SearchMembersByProduct_HomePhoneWithDashes" time="0.515"/>
  <testcase classname="JonasFitness.API.SearchMembersByProduct" name="SearchMembersByProduct_HomePhoneWithoutDashes" time="0.495"/>
  <testcase classname="JonasFitness.API.SearchMembersByProduct" name="SearchMembersByProduct_Email" time="2.022"/>
  <testcase classname="JonasFitness.API.SearchMembersByProduct" name="SearchMembersByProduct_LastName" time="0.493"/>
</testsuite> <!-- JonasFitness.API.SearchMembersByProduct -->
