<?xml version="1.0" encoding="UTF-8"?>
<!-- Generated by org.testng.reporters.JUnitReportReporter -->
<testsuite hostname="COL-TNUZUM" failures="0" tests="5" name="JonasFitness.API.GetCardsOnFileByMember" time="3.918" errors="0" timestamp="2019-10-14T11:21:43 EDT" skipped="0">
  <testcase classname="JonasFitness.API.GetCardsOnFileByMember" name="PBI146302_Test1" time="0.733"/>
  <testcase classname="JonasFitness.API.GetCardsOnFileByMember" name="PBI146302_Test3" time="0.901"/>
  <testcase classname="JonasFitness.API.GetCardsOnFileByMember" name="PBI146302_Test5" time="0.660"/>
  <testcase classname="JonasFitness.API.GetCardsOnFileByMember" name="PBI146302_Test2" time="0.888"/>
  <testcase classname="JonasFitness.API.GetCardsOnFileByMember" name="PBI146302_Test4" time="0.736"/>
</testsuite> <!-- JonasFitness.API.GetCardsOnFileByMember -->
