<?xml version="1.0" encoding="UTF-8"?>
<!-- Generated by org.testng.reporters.JUnitReportReporter -->
<testsuite hostname="COL-TNUZUM" failures="0" tests="4" name="JonasFitness.API.GetAllPackagesForPurchaseByClub" time="4.156" errors="0" timestamp="2020-02-17T12:08:06 EST" skipped="0">
  <testcase classname="JonasFitness.API.GetAllPackagesForPurchaseByClub" name="packageNotFound" time="1.175"/>
  <system-out/>
  <testcase classname="JonasFitness.API.GetAllPackagesForPurchaseByClub" name="packageFound" time="1.232"/>
  <system-out/>
  <testcase classname="JonasFitness.API.GetAllPackagesForPurchaseByClub" name="customerNotFound" time="0.552"/>
  <system-out/>
  <testcase classname="JonasFitness.API.GetAllPackagesForPurchaseByClub" name="onlineNotAllowed_PackageFound" time="1.197"/>
  <system-out/>
</testsuite> <!-- JonasFitness.API.GetAllPackagesForPurchaseByClub -->
