<?xml version="1.0" encoding="UTF-8"?>
<!-- Generated by org.testng.reporters.JUnitReportReporter -->
<testsuite hostname="COL-TNUZUM" failures="0" tests="1" name="JonasFitness.API.GetAppointmentProductByCategory" time="0.916" errors="0" timestamp="2019-10-24T11:04:55 EDT" skipped="0">
  <testcase classname="JonasFitness.API.GetAppointmentProductByCategory" name="ValidInput" time="0.916"/>
</testsuite> <!-- JonasFitness.API.GetAppointmentProductByCategory -->
