<?xml version="1.0" encoding="UTF-8"?>
<!-- Generated by org.testng.reporters.JUnitReportReporter -->
<testsuite hostname="COL-TNUZUM" failures="0" tests="3" name="JonasFitness.API.GetScheduleByMember" time="2.063" errors="0" timestamp="2020-02-17T12:08:06 EST" skipped="0">
  <testcase classname="JonasFitness.API.GetScheduleByMember" name="appointmentFound" time="0.901"/>
  <system-out/>
  <testcase classname="JonasFitness.API.GetScheduleByMember" name="classFound" time="0.723"/>
  <system-out/>
  <testcase classname="JonasFitness.API.GetScheduleByMember" name="classNotFound" time="0.439"/>
  <system-out/>
</testsuite> <!-- JonasFitness.API.GetScheduleByMember -->
