<?xml version="1.0" encoding="UTF-8"?>
<!-- Generated by org.testng.reporters.JUnitReportReporter -->
<testsuite hostname="COL-TNUZUM" failures="0" tests="2" name="JonasFitness.API.GetAppointmentResourceTypeByProduct" time="1.038" errors="0" timestamp="2019-10-24T11:04:55 EDT" skipped="0">
  <testcase classname="JonasFitness.API.GetAppointmentResourceTypeByProduct" name="ProductFound" time="0.505"/>
  <testcase classname="JonasFitness.API.GetAppointmentResourceTypeByProduct" name="ProductNotFound" time="0.533"/>
</testsuite> <!-- JonasFitness.API.GetAppointmentResourceTypeByProduct -->
