<?xml version="1.0" encoding="UTF-8"?>
<!-- Generated by org.testng.reporters.JUnitReportReporter -->
<testsuite hostname="COL-TNUZUM" failures="0" tests="4" name="JonasFitness.API.SecurityPipeline" time="1.313" errors="0" timestamp="2019-10-14T13:10:12 EDT" skipped="0">
  <testcase classname="JonasFitness.API.SecurityPipeline" name="PBI145817_Test1" time="0.519"/>
  <testcase classname="JonasFitness.API.SecurityPipeline" name="PBI145817_Test2" time="0.323"/>
  <testcase classname="JonasFitness.API.SecurityPipeline" name="PBI132893_Test1" time="0.234"/>
  <testcase classname="JonasFitness.API.SecurityPipeline" name="PBI132893_Test2" time="0.237"/>
</testsuite> <!-- JonasFitness.API.SecurityPipeline -->
