<?xml version="1.0" encoding="UTF-8"?>
<!-- Generated by org.testng.reporters.JUnitReportReporter -->
<testsuite hostname="COL-TNUZUM" failures="0" tests="4" name="JonasFitness.API.GetAllPackagesForPurchaseByClub" time="5.040" errors="0" timestamp="2020-02-18T15:18:35 EST" skipped="0">
  <testcase classname="JonasFitness.API.GetAllPackagesForPurchaseByClub" name="onlineNotAllowed_PackageFound" time="1.303"/>
  <system-out/>
  <testcase classname="JonasFitness.API.GetAllPackagesForPurchaseByClub" name="customerNotFound" time="0.555"/>
  <system-out/>
  <testcase classname="JonasFitness.API.GetAllPackagesForPurchaseByClub" name="packageNotFound" time="1.213"/>
  <system-out/>
  <testcase classname="JonasFitness.API.GetAllPackagesForPurchaseByClub" name="packageFound" time="1.969"/>
  <system-out/>
</testsuite> <!-- JonasFitness.API.GetAllPackagesForPurchaseByClub -->
