<?xml version="1.0" encoding="UTF-8"?>
<!-- Generated by org.testng.reporters.JUnitReportReporter -->
<testsuite hostname="COL-TNUZUM" failures="0" tests="5" name="JonasFitness.API.SecurityPipeline" time="1.617" errors="0" timestamp="2019-10-23T09:26:06 EDT" skipped="0">
  <testcase classname="JonasFitness.API.SecurityPipeline" name="InactiveClub" time="0.553"/>
  <testcase classname="JonasFitness.API.SecurityPipeline" name="InvalidCompany" time="0.249"/>
  <testcase classname="JonasFitness.API.SecurityPipeline" name="InvalidClub" time="0.327"/>
  <testcase classname="JonasFitness.API.SecurityPipeline" name="NoAPIKey" time="0.235"/>
  <testcase classname="JonasFitness.API.SecurityPipeline" name="InvalidAPIKey" time="0.253"/>
</testsuite> <!-- JonasFitness.API.SecurityPipeline -->
