<?xml version="1.0" encoding="UTF-8"?>
<!-- Generated by org.testng.reporters.JUnitReportReporter -->
<testsuite hostname="COL-TNUZUM" failures="0" tests="3" name="JonasFitness.API.GetAppointmentsByMember" time="1.771" errors="0" timestamp="2020-02-17T12:08:06 EST" skipped="0">
  <testcase classname="JonasFitness.API.GetAppointmentsByMember" name="AppointmentsNotFound" time="0.449"/>
  <system-out/>
  <testcase classname="JonasFitness.API.GetAppointmentsByMember" name="AppointmentsFound" time="0.981"/>
  <system-out/>
  <testcase classname="JonasFitness.API.GetAppointmentsByMember" name="InvalidDateRange" time="0.341"/>
  <system-out/>
</testsuite> <!-- JonasFitness.API.GetAppointmentsByMember -->
