<?xml version="1.0" encoding="UTF-8"?>
<!-- Generated by org.testng.reporters.JUnitReportReporter -->
<testsuite hostname="COL-TNUZUM" failures="0" tests="7" name="JonasFitness.API.GetMember" time="6.045" errors="0" timestamp="2020-02-18T15:18:35 EST" skipped="0">
  <testcase classname="JonasFitness.API.GetMember" name="MemberFoundAccountLocked" time="0.950"/>
  <system-out/>
  <testcase classname="JonasFitness.API.GetMember" name="MemberFoundCollectionsMember" time="0.945"/>
  <system-out/>
  <testcase classname="JonasFitness.API.GetMember" name="MemberFoundProspectMember" time="0.958"/>
  <system-out/>
  <testcase classname="JonasFitness.API.GetMember" name="MemberFoundActiveHOH" time="0.794"/>
  <system-out/>
  <testcase classname="JonasFitness.API.GetMember" name="MemberFoundFrozenMember" time="0.773"/>
  <system-out/>
  <testcase classname="JonasFitness.API.GetMember" name="MemberFoundTerminatedMember" time="1.087"/>
  <system-out/>
  <testcase classname="JonasFitness.API.GetMember" name="MemberNotFound" time="0.538"/>
  <system-out/>
</testsuite> <!-- JonasFitness.API.GetMember -->
