<?xml version="1.0" encoding="UTF-8"?>
<!-- Generated by org.testng.reporters.JUnitReportReporter -->
<testsuite hostname="COL-TNUZUM" failures="0" tests="1" name="JonasFitness.API.GetClassesAndCoursesByMember" time="0.942" errors="0" timestamp="2019-10-22T09:01:59 EDT" skipped="0">
  <testcase classname="JonasFitness.API.GetClassesAndCoursesByMember" name="Test1" time="0.942"/>
</testsuite> <!-- JonasFitness.API.GetClassesAndCoursesByMember -->
