<?xml version="1.0" encoding="UTF-8"?>
<!-- Generated by org.testng.reporters.JUnitReportReporter -->
<testsuite hostname="COL-TNUZUM" failures="0" tests="2" name="JonasFitness.API.GetAppointmentResourceTypeByProduct" time="1.216" errors="0" timestamp="2019-10-28T15:41:16 EDT" skipped="0">
  <testcase classname="JonasFitness.API.GetAppointmentResourceTypeByProduct" name="ProductFound" time="0.695"/>
  <testcase classname="JonasFitness.API.GetAppointmentResourceTypeByProduct" name="ProductNotFound" time="0.521"/>
</testsuite> <!-- JonasFitness.API.GetAppointmentResourceTypeByProduct -->
