<?xml version="1.0" encoding="UTF-8"?>
<!-- Generated by org.testng.reporters.JUnitReportReporter -->
<testsuite hostname="COL-TNUZUM" failures="0" tests="2" name="JonasFitness.API.GetAvailableAppointments" time="6.751" errors="0" timestamp="2019-10-24T11:04:55 EDT" skipped="0">
  <testcase classname="JonasFitness.API.GetAvailableAppointments" name="NoResources" time="2.096"/>
  <testcase classname="JonasFitness.API.GetAvailableAppointments" name="WithResources" time="4.655"/>
</testsuite> <!-- JonasFitness.API.GetAvailableAppointments -->
