<?xml version="1.0" encoding="UTF-8"?>
<!-- Generated by org.testng.reporters.JUnitReportReporter -->
<testsuite hostname="COL-TNUZUM" failures="0" tests="1" name="JonasFitness.API._Draft_BookAppointmentByMember" time="1.731" errors="0" timestamp="2019-10-21T13:29:27 EDT" skipped="0">
  <testcase classname="JonasFitness.API._Draft_BookAppointmentByMember" name="SearchMembers_LastName" time="1.731"/>
</testsuite> <!-- JonasFitness.API._Draft_BookAppointmentByMember -->
