<?xml version="1.0" encoding="UTF-8"?>
<!-- Generated by org.testng.reporters.JUnitReportReporter -->
<testsuite hostname="COL-TNUZUM" failures="0" tests="5" name="JonasFitness.API.BookAppointmentByMember" time="7.282" errors="0" timestamp="2019-12-02T15:26:05 EST" skipped="0">
  <testcase classname="JonasFitness.API.BookAppointmentByMember" name="PaidAppointment_SingleMember" time="1.592"/>
  <testcase classname="JonasFitness.API.BookAppointmentByMember" name="punchcardAppointment_SingleMember" time="1.424"/>
  <testcase classname="JonasFitness.API.BookAppointmentByMember" name="PaidAppointment_MultipleMember" time="1.424"/>
  <testcase classname="JonasFitness.API.BookAppointmentByMember" name="FreeAppointment_SingleMember" time="2.059"/>
  <testcase classname="JonasFitness.API.BookAppointmentByMember" name="notValidBookableItem" time="0.783"/>
</testsuite> <!-- JonasFitness.API.BookAppointmentByMember -->
