<?xml version="1.0" encoding="UTF-8"?>
<!-- Generated by org.testng.reporters.JUnitReportReporter -->
<testsuite hostname="COL-TNUZUM" failures="0" tests="3" name="JonasFitness.API.GetAppointmentsByBook" time="4.440" errors="0" timestamp="2020-02-17T12:08:06 EST" skipped="0">
  <testcase classname="JonasFitness.API.GetAppointmentsByBook" name="InvalidDateRange" time="0.361"/>
  <system-out/>
  <testcase classname="JonasFitness.API.GetAppointmentsByBook" name="AppointmentsFound" time="3.616"/>
  <system-out/>
  <testcase classname="JonasFitness.API.GetAppointmentsByBook" name="AppointmentsNotFound" time="0.463"/>
  <system-out/>
</testsuite> <!-- JonasFitness.API.GetAppointmentsByBook -->
