<?xml version="1.0" encoding="UTF-8"?>
<!-- Generated by org.testng.reporters.JUnitReportReporter -->
<testsuite hostname="COL-TNUZUM" failures="0" tests="2" name="JonasFitness.API.GetAppointmentResourceTypeByProduct" time="1.273" errors="0" timestamp="2019-10-22T09:01:59 EDT" skipped="0">
  <testcase classname="JonasFitness.API.GetAppointmentResourceTypeByProduct" name="getAppointmentResourceTypeByProduct_ProductFound" time="0.732"/>
  <testcase classname="JonasFitness.API.GetAppointmentResourceTypeByProduct" name="getAppointmentResourceTypeByProduct_ProductNotFound" time="0.541"/>
</testsuite> <!-- JonasFitness.API.GetAppointmentResourceTypeByProduct -->
