<?xml version="1.0" encoding="UTF-8"?>
<!-- Generated by org.testng.reporters.JUnitReportReporter -->
<testsuite hostname="COL-TNUZUM" failures="0" tests="5" name="JonasFitness.API.SecurityPipeline" time="1.512" errors="0" timestamp="2019-10-22T09:01:59 EDT" skipped="0">
  <testcase classname="JonasFitness.API.SecurityPipeline" name="InactiveClub" time="0.514"/>
  <testcase classname="JonasFitness.API.SecurityPipeline" name="InvalidCompany" time="0.237"/>
  <testcase classname="JonasFitness.API.SecurityPipeline" name="NoAPIKey" time="0.212"/>
  <testcase classname="JonasFitness.API.SecurityPipeline" name="InvalidAPIKey" time="0.245"/>
  <testcase classname="JonasFitness.API.SecurityPipeline" name="InvalidClub" time="0.304"/>
</testsuite> <!-- JonasFitness.API.SecurityPipeline -->
