<?xml version="1.0" encoding="UTF-8"?>
<!-- Generated by org.testng.reporters.JUnitReportReporter -->
<testsuite hostname="COL-TNUZUM" failures="0" tests="1" name="JonasFitness.API.SearchOnlineMembersByProduct" time="0.474" errors="0" timestamp="2019-10-24T11:04:55 EDT" skipped="0">
  <testcase classname="JonasFitness.API.SearchOnlineMembersByProduct" name="FirstName" time="0.474"/>
</testsuite> <!-- JonasFitness.API.SearchOnlineMembersByProduct -->
