<?xml version="1.0" encoding="UTF-8"?>
<!-- Generated by org.testng.reporters.JUnitReportReporter -->
<testsuite hostname="COL-TNUZUM" failures="0" tests="5" name="JonasFitness.API.SecurityPipeline" time="1.397" errors="0" timestamp="2019-10-24T11:04:55 EDT" skipped="0">
  <testcase classname="JonasFitness.API.SecurityPipeline" name="InvalidCompany" time="0.240"/>
  <testcase classname="JonasFitness.API.SecurityPipeline" name="InvalidClub" time="0.304"/>
  <testcase classname="JonasFitness.API.SecurityPipeline" name="InvalidAPIKey" time="0.296"/>
  <testcase classname="JonasFitness.API.SecurityPipeline" name="InactiveClub" time="0.347"/>
  <testcase classname="JonasFitness.API.SecurityPipeline" name="NoAPIKey" time="0.210"/>
</testsuite> <!-- JonasFitness.API.SecurityPipeline -->
