<?xml version="1.0" encoding="UTF-8"?>
<!-- Generated by org.testng.reporters.JUnitReportReporter -->
<testsuite hostname="COL-TNUZUM" failures="0" tests="2" name="JonasFitness.API.GetAvailableResourceTypesByClub" time="0.967" errors="0" timestamp="2020-02-17T12:08:05 EST" skipped="0">
  <testcase classname="JonasFitness.API.GetAvailableResourceTypesByClub" name="ResourceTypesNotFound" time="0.356"/>
  <system-out/>
  <testcase classname="JonasFitness.API.GetAvailableResourceTypesByClub" name="ResourceTypesFound" time="0.611"/>
  <system-out/>
</testsuite> <!-- JonasFitness.API.GetAvailableResourceTypesByClub -->
