<?xml version="1.0" encoding="UTF-8"?>
<!-- Generated by org.testng.reporters.JUnitReportReporter -->
<testsuite hostname="COL-TNUZUM" failures="0" tests="2" name="JonasFitness.API.GetClubsByMember" time="1.201" errors="0" timestamp="2019-12-02T15:26:05 EST" skipped="0">
  <testcase classname="JonasFitness.API.GetClubsByMember" name="ClubsFound" time="0.605"/>
  <testcase classname="JonasFitness.API.GetClubsByMember" name="MemberNotFound" time="0.596"/>
</testsuite> <!-- JonasFitness.API.GetClubsByMember -->
