<?xml version="1.0" encoding="UTF-8"?>
<!-- Generated by org.testng.reporters.JUnitReportReporter -->
<testsuite hostname="COL-TNUZUM" failures="0" tests="10" name="JonasFitness.API.SearchMembers" time="6.345" errors="0" timestamp="2019-11-05T11:28:48 EST" skipped="0">
  <testcase classname="JonasFitness.API.SearchMembers" name="SearchMembers_MobilePhoneNoDashes" time="0.724"/>
  <testcase classname="JonasFitness.API.SearchMembers" name="SearchMembers_WorkPhoneDashes" time="0.860"/>
  <testcase classname="JonasFitness.API.SearchMembers" name="SearchMembers_WorkPhoneNoDashes" time="0.552"/>
  <testcase classname="JonasFitness.API.SearchMembers" name="SearchMembers_HomePhoneNoDashes" time="0.549"/>
  <testcase classname="JonasFitness.API.SearchMembers" name="SearchMembers_Email" time="0.533"/>
  <testcase classname="JonasFitness.API.SearchMembers" name="SearchMembers_MobilePhoneDashes" time="0.545"/>
  <testcase classname="JonasFitness.API.SearchMembers" name="SearchMembers_HomePhoneDashes" time="0.723"/>
  <testcase classname="JonasFitness.API.SearchMembers" name="SearchMembers_FirstName" time="0.666"/>
  <testcase classname="JonasFitness.API.SearchMembers" name="SearchMembers_LastFirstName" time="0.613"/>
  <testcase classname="JonasFitness.API.SearchMembers" name="SearchMembers_LastName" time="0.580"/>
</testsuite> <!-- JonasFitness.API.SearchMembers -->
