<?xml version="1.0" encoding="UTF-8"?>
<!-- Generated by org.testng.reporters.JUnitReportReporter -->
<testsuite hostname="COL-TNUZUM" failures="0" tests="3" name="JonasFitness.API.GetAppointmentResourceTypeByProduct" time="1.681" errors="0" timestamp="2020-02-17T12:08:06 EST" skipped="0">
  <testcase classname="JonasFitness.API.GetAppointmentResourceTypeByProduct" name="ProductNotFound" time="0.526"/>
  <system-out/>
  <testcase classname="JonasFitness.API.GetAppointmentResourceTypeByProduct" name="ProductFoundNoSelectableResources" time="0.659"/>
  <system-out/>
  <testcase classname="JonasFitness.API.GetAppointmentResourceTypeByProduct" name="ProductFoundSelectableResources" time="0.496"/>
  <system-out/>
</testsuite> <!-- JonasFitness.API.GetAppointmentResourceTypeByProduct -->
