<?xml version="1.0" encoding="UTF-8"?>
<!-- Generated by org.testng.reporters.JUnitReportReporter -->
<testsuite hostname="COL-TNUZUM" failures="0" tests="5" name="JonasFitness.API.SearchMembersByProduct" time="2.680" errors="0" timestamp="2019-10-23T17:03:20 EDT" skipped="0">
  <testcase classname="JonasFitness.API.SearchMembersByProduct" name="SearchMembersByProduct_FirstName" time="0.538"/>
  <testcase classname="JonasFitness.API.SearchMembersByProduct" name="SearchMembersByProduct_HomePhoneWithoutDashes" time="0.484"/>
  <testcase classname="JonasFitness.API.SearchMembersByProduct" name="SearchMembersByProduct_HomePhoneWithDashes" time="0.677"/>
  <testcase classname="JonasFitness.API.SearchMembersByProduct" name="SearchMembersByProduct_LastName" time="0.491"/>
  <testcase classname="JonasFitness.API.SearchMembersByProduct" name="SearchMembersByProduct_Email" time="0.490"/>
</testsuite> <!-- JonasFitness.API.SearchMembersByProduct -->
