<?xml version="1.0" encoding="UTF-8"?>
<!-- Generated by org.testng.reporters.JUnitReportReporter -->
<testsuite hostname="COL-TNUZUM" failures="0" tests="3" name="JonasFitness.API.GetAppointmentsByMember" time="1.496" errors="0" timestamp="2019-12-02T15:26:05 EST" skipped="0">
  <testcase classname="JonasFitness.API.GetAppointmentsByMember" name="InvalidDateRange" time="0.325"/>
  <testcase classname="JonasFitness.API.GetAppointmentsByMember" name="AppointmentsFound" time="0.710"/>
  <testcase classname="JonasFitness.API.GetAppointmentsByMember" name="AppointmentsNotFound" time="0.461"/>
</testsuite> <!-- JonasFitness.API.GetAppointmentsByMember -->
