<?xml version="1.0" encoding="UTF-8"?>
<!-- Generated by org.testng.reporters.JUnitReportReporter -->
<testsuite hostname="COL-BKALLE" failures="0" tests="1" name="JonasFitness.API.GetAppointmentProductCategoriesByMember" time="2.316" errors="0" timestamp="2019-11-04T11:22:40 EST" skipped="0">
  <testcase classname="JonasFitness.API.GetAppointmentProductCategoriesByMember" name="Test1" time="2.316"/>
</testsuite> <!-- JonasFitness.API.GetAppointmentProductCategoriesByMember -->
