<?xml version="1.0" encoding="UTF-8"?>
<!-- Generated by org.testng.reporters.JUnitReportReporter -->
<testsuite skipped="0" hostname="COL-TNUZUM" name="JonasFitness.API.GetResponse" tests="1" failures="0" timestamp="2019-10-02T14:12:01 EDT" time="2.766" errors="0">
  <testcase name="Test1" time="2.766" classname="JonasFitness.API.GetResponse"/>
</testsuite> <!-- JonasFitness.API.GetResponse -->
