<?xml version="1.0" encoding="UTF-8"?>
<!-- Generated by org.testng.reporters.JUnitReportReporter -->
<testsuite hostname="COL-TNUZUM" failures="0" tests="3" name="JonasFitness.API.GetScheduleByMember" time="2.247" errors="0" timestamp="2020-02-18T15:18:35 EST" skipped="0">
  <testcase classname="JonasFitness.API.GetScheduleByMember" name="appointmentFound" time="0.934"/>
  <system-out/>
  <testcase classname="JonasFitness.API.GetScheduleByMember" name="classFound" time="0.809"/>
  <system-out/>
  <testcase classname="JonasFitness.API.GetScheduleByMember" name="classNotFound" time="0.504"/>
  <system-out/>
</testsuite> <!-- JonasFitness.API.GetScheduleByMember -->
