<?xml version="1.0" encoding="UTF-8"?>
<!-- Generated by org.testng.reporters.JUnitReportReporter -->
<testsuite hostname="COL-TNUZUM" failures="0" tests="2" name="JonasFitness.API.GetScheduleByBook" time="2.395" errors="0" timestamp="2019-12-02T15:26:05 EST" skipped="0">
  <testcase classname="JonasFitness.API.GetScheduleByBook" name="GetClasses" time="1.416"/>
  <testcase classname="JonasFitness.API.GetScheduleByBook" name="GetAppointments" time="0.979"/>
</testsuite> <!-- JonasFitness.API.GetScheduleByBook -->
