<?xml version="1.0" encoding="UTF-8"?>
<!-- Generated by org.testng.reporters.JUnitReportReporter -->
<testsuite hostname="COL-TNUZUM" failures="0" tests="2" name="JonasFitness.API.GetAvailableAppointments" time="3.929" errors="0" timestamp="2019-10-23T17:03:20 EDT" skipped="0">
  <testcase classname="JonasFitness.API.GetAvailableAppointments" name="WithResources" time="1.672"/>
  <testcase classname="JonasFitness.API.GetAvailableAppointments" name="NoResources" time="2.257"/>
</testsuite> <!-- JonasFitness.API.GetAvailableAppointments -->
