<?xml version="1.0" encoding="UTF-8"?>
<!-- Generated by org.testng.reporters.JUnitReportReporter -->
<testsuite hostname="COL-TNUZUM" failures="0" tests="5" name="JonasFitness.API.GetCardsOnFileByMember" time="3.262" errors="0" timestamp="2019-10-23T17:03:20 EDT" skipped="0">
  <testcase classname="JonasFitness.API.GetCardsOnFileByMember" name="SingleAgreementMultipleCardsOnFile" time="0.694"/>
  <testcase classname="JonasFitness.API.GetCardsOnFileByMember" name="SingleAgreementWithCard" time="0.555"/>
  <testcase classname="JonasFitness.API.GetCardsOnFileByMember" name="MultipleAgreementsWithCard" time="0.724"/>
  <testcase classname="JonasFitness.API.GetCardsOnFileByMember" name="CardWithoutAgreement" time="0.565"/>
  <testcase classname="JonasFitness.API.GetCardsOnFileByMember" name="NoCardOnFile" time="0.724"/>
</testsuite> <!-- JonasFitness.API.GetCardsOnFileByMember -->
