<?xml version="1.0" encoding="UTF-8"?>
<!-- Generated by org.testng.reporters.JUnitReportReporter -->
<testsuite hostname="COL-TNUZUM" failures="0" tests="2" name="JonasFitness.API.GetAvailableResourceTypesByClub" time="1.120" errors="0" timestamp="2019-12-02T15:26:05 EST" skipped="0">
  <testcase classname="JonasFitness.API.GetAvailableResourceTypesByClub" name="ResourceTypesNotFound" time="0.687"/>
  <testcase classname="JonasFitness.API.GetAvailableResourceTypesByClub" name="ResourceTypesFound" time="0.433"/>
</testsuite> <!-- JonasFitness.API.GetAvailableResourceTypesByClub -->
