<?xml version="1.0" encoding="UTF-8"?>
<!-- Generated by org.testng.reporters.JUnitReportReporter -->
<testsuite hostname="COL-TNUZUM" failures="0" tests="2" name="JonasFitness.API.GetAppointmentDetails" time="1.212" errors="0" timestamp="2019-12-02T15:26:05 EST" skipped="0">
  <testcase classname="JonasFitness.API.GetAppointmentDetails" name="AppointmentsFound" time="0.791"/>
  <testcase classname="JonasFitness.API.GetAppointmentDetails" name="AppointmentsNotFound" time="0.421"/>
</testsuite> <!-- JonasFitness.API.GetAppointmentDetails -->
