<?xml version="1.0" encoding="UTF-8"?>
<!-- Generated by org.testng.reporters.JUnitReportReporter -->
<testsuite hostname="COL-TNUZUM" failures="0" tests="10" name="JonasFitness.API.SearchMembers" time="6.691" errors="0" timestamp="2020-02-18T15:18:35 EST" skipped="0">
  <testcase classname="JonasFitness.API.SearchMembers" name="searchMembers_HomePhoneNoDashes" time="0.545"/>
  <system-out/>
  <testcase classname="JonasFitness.API.SearchMembers" name="searchMembers_Email" time="0.751"/>
  <system-out/>
  <testcase classname="JonasFitness.API.SearchMembers" name="searchMembers_WorkPhoneNoDashes" time="0.533"/>
  <system-out/>
  <testcase classname="JonasFitness.API.SearchMembers" name="searchMembers_LastFirstName" time="0.758"/>
  <system-out/>
  <testcase classname="JonasFitness.API.SearchMembers" name="searchMembers_WorkPhoneDashes" time="0.807"/>
  <system-out/>
  <testcase classname="JonasFitness.API.SearchMembers" name="searchMembers_HomePhoneDashes" time="0.552"/>
  <system-out/>
  <testcase classname="JonasFitness.API.SearchMembers" name="searchMembers_LastName" time="0.642"/>
  <system-out/>
  <testcase classname="JonasFitness.API.SearchMembers" name="searchMembers_MobilePhoneDashes" time="0.543"/>
  <system-out/>
  <testcase classname="JonasFitness.API.SearchMembers" name="searchMembers_FirstName" time="0.807"/>
  <system-out/>
  <testcase classname="JonasFitness.API.SearchMembers" name="searchMembers_MobilePhoneNoDashes" time="0.753"/>
  <system-out/>
</testsuite> <!-- JonasFitness.API.SearchMembers -->
