<?xml version="1.0" encoding="UTF-8"?>
<!-- Generated by org.testng.reporters.JUnitReportReporter -->
<testsuite hostname="COL-TNUZUM" failures="0" tests="2" name="JonasFitness.API.GetProductByBook" time="0.972" errors="0" timestamp="2020-02-17T12:08:06 EST" skipped="0">
  <testcase classname="JonasFitness.API.GetProductByBook" name="ProductNotFound" time="0.340"/>
  <system-out/>
  <testcase classname="JonasFitness.API.GetProductByBook" name="ProductFound" time="0.632"/>
  <system-out/>
</testsuite> <!-- JonasFitness.API.GetProductByBook -->
