<?xml version="1.0" encoding="UTF-8"?>
<!-- Generated by org.testng.reporters.JUnitReportReporter -->
<testsuite hostname="COL-TNUZUM" failures="0" tests="1" name="JonasFitness.API.GetAllPackagesForPurchaseByClub" time="18.101" errors="0" timestamp="2019-11-05T11:28:48 EST" skipped="0">
  <testcase classname="JonasFitness.API.GetAllPackagesForPurchaseByClub" name="PackageFound" time="18.101"/>
</testsuite> <!-- JonasFitness.API.GetAllPackagesForPurchaseByClub -->
