<?xml version="1.0" encoding="UTF-8"?>
<!-- Generated by org.testng.reporters.JUnitReportReporter -->
<testsuite hostname="COL-TNUZUM" failures="0" tests="2" name="JonasFitness.API.GetMember" time="1.375" errors="0" timestamp="2019-12-02T15:26:05 EST" skipped="0">
  <testcase classname="JonasFitness.API.GetMember" name="MemberFound" time="0.807"/>
  <testcase classname="JonasFitness.API.GetMember" name="MemberNotFound" time="0.568"/>
</testsuite> <!-- JonasFitness.API.GetMember -->
