<?xml version="1.0" encoding="UTF-8"?>
<!-- Generated by org.testng.reporters.JUnitReportReporter -->
<testsuite hostname="COL-TNUZUM" failures="0" tests="1" name="JonasFitness.API.GetBookAvailabilityCalendar" time="0.730" errors="0" timestamp="2020-02-18T15:18:35 EST" skipped="0">
  <testcase classname="JonasFitness.API.GetBookAvailabilityCalendar" name="bookAvailabilityCalendarFound" time="0.730"/>
  <system-out/>
</testsuite> <!-- JonasFitness.API.GetBookAvailabilityCalendar -->
