<?xml version="1.0" encoding="UTF-8"?>
<!-- Generated by org.testng.reporters.JUnitReportReporter -->
<testsuite hostname="COL-TNUZUM" failures="0" tests="1" name="JonasFitness.API.GetScheduleByMember" time="1.085" errors="0" timestamp="2019-11-05T11:28:48 EST" skipped="0">
  <testcase classname="JonasFitness.API.GetScheduleByMember" name="ValidInput" time="1.085"/>
</testsuite> <!-- JonasFitness.API.GetScheduleByMember -->
