<?xml version="1.0" encoding="UTF-8"?>
<!-- Generated by org.testng.reporters.JUnitReportReporter -->
<testsuite hostname="COL-BKALLE" failures="0" tests="1" name="JonasFitness.API.getbookavailabilitycalendar" time="2.478" errors="0" timestamp="2019-11-04T16:38:13 EST" skipped="0">
  <testcase classname="JonasFitness.API.getbookavailabilitycalendar" name="ValidInput" time="2.478"/>
</testsuite> <!-- JonasFitness.API.getbookavailabilitycalendar -->
