<?xml version="1.0" encoding="UTF-8"?>
<!-- Generated by org.testng.reporters.JUnitReportReporter -->
<testsuite hostname="COL-TNUZUM" failures="0" tests="1" name="JonasFitness.API.GetAppointmentProductByCategory" time="0.705" errors="0" timestamp="2020-02-18T15:18:35 EST" skipped="0">
  <testcase classname="JonasFitness.API.GetAppointmentProductByCategory" name="ProductsFound" time="0.705"/>
  <system-out/>
</testsuite> <!-- JonasFitness.API.GetAppointmentProductByCategory -->
