<?xml version="1.0" encoding="UTF-8"?>
<!-- Generated by org.testng.reporters.JUnitReportReporter -->
<testsuite hostname="COL-TNUZUM" failures="0" tests="2" name="JonasFitness.API.GetPurchasedPackagesByMember" time="1.132" errors="0" timestamp="2019-12-02T15:26:05 EST" skipped="0">
  <testcase classname="JonasFitness.API.GetPurchasedPackagesByMember" name="PackagesNotFound" time="0.535"/>
  <testcase classname="JonasFitness.API.GetPurchasedPackagesByMember" name="PackagesFound" time="0.597"/>
</testsuite> <!-- JonasFitness.API.GetPurchasedPackagesByMember -->
