<?xml version="1.0" encoding="UTF-8"?>
<!-- Generated by org.testng.reporters.JUnitReportReporter -->
<testsuite hostname="COL-BKALLE" failures="0" tests="1" name="JonasFitness.API.GetActiveClubs" time="2.127" errors="0" timestamp="2019-11-04T11:52:14 EST" skipped="0">
  <testcase classname="JonasFitness.API.GetActiveClubs" name="ClubsFound" time="2.127"/>
</testsuite> <!-- JonasFitness.API.GetActiveClubs -->
