<?xml version="1.0" encoding="UTF-8"?>
<!-- Generated by org.testng.reporters.JUnitReportReporter -->
<testsuite hostname="COL-TNUZUM" failures="0" tests="2" name="JonasFitness.API.SearchMembers" time="1.168" errors="0" timestamp="2019-10-14T13:10:12 EDT" skipped="0">
  <testcase classname="JonasFitness.API.SearchMembers" name="SearchMembers_LastName" time="0.573"/>
  <testcase classname="JonasFitness.API.SearchMembers" name="SearchMembers_FirstName" time="0.595"/>
</testsuite> <!-- JonasFitness.API.SearchMembers -->
