<?xml version="1.0" encoding="UTF-8"?>
<!-- Generated by org.testng.reporters.JUnitReportReporter -->
<testsuite hostname="COL-TNUZUM" failures="0" tests="1" name="JonasFitness.API.GetAppointmentProductByCategory" time="0.484" errors="0" timestamp="2019-11-05T11:28:48 EST" skipped="0">
  <testcase classname="JonasFitness.API.GetAppointmentProductByCategory" name="ValidInput" time="0.484"/>
</testsuite> <!-- JonasFitness.API.GetAppointmentProductByCategory -->
