<?xml version="1.0" encoding="UTF-8"?>
<!-- Generated by org.testng.reporters.JUnitReportReporter -->
<testsuite hostname="COL-TNUZUM" failures="0" tests="10" name="JonasFitness.API.SearchOnlineMembersByProduct" time="5.734" errors="0" timestamp="2019-12-02T15:26:05 EST" skipped="0">
  <testcase classname="JonasFitness.API.SearchOnlineMembersByProduct" name="searchOnlineMembers_MobilePhoneWithDashes" time="0.571"/>
  <testcase classname="JonasFitness.API.SearchOnlineMembersByProduct" name="searchOnlineMembers_HomePhoneWithDashes" time="0.568"/>
  <testcase classname="JonasFitness.API.SearchOnlineMembersByProduct" name="searchOnlineMembers_LastFirstName" time="0.743"/>
  <testcase classname="JonasFitness.API.SearchOnlineMembersByProduct" name="searchOnlineMembers_FirstName" time="0.563"/>
  <testcase classname="JonasFitness.API.SearchOnlineMembersByProduct" name="searchOnlineMembers_LastName" time="0.573"/>
  <testcase classname="JonasFitness.API.SearchOnlineMembersByProduct" name="searchOnlineMembers_HomePhoneNoDashes" time="0.594"/>
  <testcase classname="JonasFitness.API.SearchOnlineMembersByProduct" name="searchOnlineMembers_WorkPhone" time="0.416"/>
  <testcase classname="JonasFitness.API.SearchOnlineMembersByProduct" name="searchOnlineMembers_MobilePhoneNoDashes" time="0.561"/>
  <testcase classname="JonasFitness.API.SearchOnlineMembersByProduct" name="searchOnlineMembers_FirstLastName" time="0.566"/>
  <testcase classname="JonasFitness.API.SearchOnlineMembersByProduct" name="searchOnlineMembers_Email" time="0.579"/>
</testsuite> <!-- JonasFitness.API.SearchOnlineMembersByProduct -->
