<?xml version="1.0" encoding="UTF-8"?>
<!-- Generated by org.testng.reporters.JUnitReportReporter -->
<testsuite hostname="COL-TNUZUM" failures="0" tests="2" name="JonasFitness.API.GetOnlinePackagesForPurchaseByClub" time="4.863" errors="0" timestamp="2019-10-28T08:14:26 EDT" skipped="0">
  <testcase classname="JonasFitness.API.GetOnlinePackagesForPurchaseByClub" name="PackagesFound" time="2.264"/>
  <testcase classname="JonasFitness.API.GetOnlinePackagesForPurchaseByClub" name="PackageNotAllowed" time="2.599"/>
</testsuite> <!-- JonasFitness.API.GetOnlinePackagesForPurchaseByClub -->
