<?xml version="1.0" encoding="UTF-8"?>
<!-- Generated by org.testng.reporters.JUnitReportReporter -->
<testsuite hostname="COL-TNUZUM" failures="0" tests="2" name="JonasFitness.API.GetOnlinePackagesForPurchaseByClub" time="4.630" errors="0" timestamp="2019-11-11T08:59:16 EST" skipped="0">
  <testcase classname="JonasFitness.API.GetOnlinePackagesForPurchaseByClub" name="PackagesFound" time="2.292"/>
  <testcase classname="JonasFitness.API.GetOnlinePackagesForPurchaseByClub" name="PackageNotAllowed" time="2.338"/>
</testsuite> <!-- JonasFitness.API.GetOnlinePackagesForPurchaseByClub -->
