<?xml version="1.0" encoding="UTF-8"?>
<!-- Generated by org.testng.reporters.JUnitReportReporter -->
<testsuite hostname="COL-TNUZUM" failures="0" tests="1" name="JonasFitness.API.GetAppointmentProductByCategory" time="2.517" errors="0" timestamp="2019-10-09T16:46:15 EDT" skipped="0">
  <testcase classname="JonasFitness.API.GetAppointmentProductByCategory" name="Test1" time="2.517"/>
</testsuite> <!-- JonasFitness.API.GetAppointmentProductByCategory -->
