<?xml version="1.0" encoding="UTF-8"?>
<!-- Generated by org.testng.reporters.JUnitReportReporter -->
<testsuite hostname="COL-TNUZUM" failures="0" tests="3" name="JonasFitness.API.GetAppointmentResourceTypeByProduct" time="1.714" errors="0" timestamp="2020-02-18T15:18:35 EST" skipped="0">
  <testcase classname="JonasFitness.API.GetAppointmentResourceTypeByProduct" name="ProductFoundSelectableResources" time="0.521"/>
  <system-out/>
  <testcase classname="JonasFitness.API.GetAppointmentResourceTypeByProduct" name="ProductFoundNoSelectableResources" time="0.662"/>
  <system-out/>
  <testcase classname="JonasFitness.API.GetAppointmentResourceTypeByProduct" name="ProductNotFound" time="0.531"/>
  <system-out/>
</testsuite> <!-- JonasFitness.API.GetAppointmentResourceTypeByProduct -->
