<?xml version="1.0" encoding="UTF-8"?>
<!-- Generated by org.testng.reporters.JUnitReportReporter -->
<testsuite hostname="COL-TNUZUM" failures="0" tests="2" name="JonasFitness.API.GetAppointmentResourceTypeByProduct" time="1.503" errors="0" timestamp="2019-10-14T13:10:12 EDT" skipped="0">
  <testcase classname="JonasFitness.API.GetAppointmentResourceTypeByProduct" name="etAppointmentResourceTypeByProduct_ProductNotFound" time="0.769"/>
  <testcase classname="JonasFitness.API.GetAppointmentResourceTypeByProduct" name="GetAppointmentResourceTypeByProduct_ProductFound" time="0.734"/>
</testsuite> <!-- JonasFitness.API.GetAppointmentResourceTypeByProduct -->
