<?xml version="1.0" encoding="UTF-8"?>
<!-- Generated by org.testng.reporters.JUnitReportReporter -->
<testsuite hostname="COL-TNUZUM" failures="0" tests="1" name="JonasFitness.API.GetClubsByMember" time="0.619" errors="0" timestamp="2019-11-11T08:59:16 EST" skipped="0">
  <testcase classname="JonasFitness.API.GetClubsByMember" name="Test1" time="0.619"/>
</testsuite> <!-- JonasFitness.API.GetClubsByMember -->
