<?xml version="1.0" encoding="UTF-8"?>
<!-- Generated by org.testng.reporters.JUnitReportReporter -->
<testsuite hostname="COL-TNUZUM" failures="0" tests="2" name="JonasFitness.API.GetAvailableAppointments" time="5.204" errors="0" timestamp="2019-10-22T09:01:59 EDT" skipped="0">
  <testcase classname="JonasFitness.API.GetAvailableAppointments" name="GetAvailableAppointments_WithResources" time="1.613"/>
  <testcase classname="JonasFitness.API.GetAvailableAppointments" name="GetAvailableAppointments_NoResources" time="3.591"/>
</testsuite> <!-- JonasFitness.API.GetAvailableAppointments -->
