<?xml version="1.0" encoding="UTF-8"?>
<!-- Generated by org.testng.reporters.JUnitReportReporter -->
<testsuite hostname="COL-BKALLE" failures="0" tests="5" name="JonasFitness.API.SearchOnlineMembersByProduct" time="8.561" errors="0" timestamp="2019-11-04T15:02:35 EST" skipped="0">
  <testcase classname="JonasFitness.API.SearchOnlineMembersByProduct" name="Email" time="4.208"/>
  <testcase classname="JonasFitness.API.SearchOnlineMembersByProduct" name="LastName" time="1.102"/>
  <testcase classname="JonasFitness.API.SearchOnlineMembersByProduct" name="PhoneNoDashes" time="1.193"/>
  <testcase classname="JonasFitness.API.SearchOnlineMembersByProduct" name="PhoneWDashes" time="0.879"/>
  <testcase classname="JonasFitness.API.SearchOnlineMembersByProduct" name="FirstName" time="1.179"/>
</testsuite> <!-- JonasFitness.API.SearchOnlineMembersByProduct -->
