<?xml version="1.0" encoding="UTF-8"?>
<!-- Generated by org.testng.reporters.JUnitReportReporter -->
<testsuite hostname="COL-TNUZUM" failures="0" tests="4" name="JonasFitness.API.AuthenticateMemberByUserCredentials" time="3.160" errors="0" timestamp="2020-02-17T12:08:05 EST" skipped="0">
  <testcase classname="JonasFitness.API.AuthenticateMemberByUserCredentials" name="wrongCredentials" time="1.849"/>
  <system-out/>
  <testcase classname="JonasFitness.API.AuthenticateMemberByUserCredentials" name="memberFound" time="0.460"/>
  <system-out/>
  <testcase classname="JonasFitness.API.AuthenticateMemberByUserCredentials" name="accountLocked" time="0.403"/>
  <system-out/>
  <testcase classname="JonasFitness.API.AuthenticateMemberByUserCredentials" name="forcePasswordChange" time="0.448"/>
  <system-out/>
</testsuite> <!-- JonasFitness.API.AuthenticateMemberByUserCredentials -->
