<?xml version="1.0" encoding="UTF-8"?>
<!-- Generated by org.testng.reporters.JUnitReportReporter -->
<testsuite hostname="COL-TNUZUM" failures="0" tests="1" name="JonasFitness.API.AuthenticateMemberByUserCredentials" time="2.313" errors="0" timestamp="2019-10-17T15:58:14 EDT" skipped="0">
  <testcase classname="JonasFitness.API.AuthenticateMemberByUserCredentials" name="ValidInput" time="2.313"/>
</testsuite> <!-- JonasFitness.API.AuthenticateMemberByUserCredentials -->
