<?xml version="1.0" encoding="UTF-8"?>
<!-- Generated by org.testng.reporters.JUnitReportReporter -->
<testsuite hostname="COL-TNUZUM" failures="0" tests="3" name="JonasFitness.API.AuthenticateMemberByUserCredentials" time="2.835" errors="0" timestamp="2019-11-14T08:45:16 EST" skipped="0">
  <testcase classname="JonasFitness.API.AuthenticateMemberByUserCredentials" name="accountLocked" time="1.969"/>
  <testcase classname="JonasFitness.API.AuthenticateMemberByUserCredentials" name="forcePasswordChange" time="0.421"/>
  <testcase classname="JonasFitness.API.AuthenticateMemberByUserCredentials" name="memberFound" time="0.445"/>
</testsuite> <!-- JonasFitness.API.AuthenticateMemberByUserCredentials -->
