<?xml version="1.0" encoding="UTF-8"?>
<!-- Generated by org.testng.reporters.JUnitReportReporter -->
<testsuite hostname="COL-TNUZUM" failures="0" tests="1" name="JonasFitness.API.AuthenticateMemberByUserCredentials" time="1.977" errors="0" timestamp="2019-10-30T13:07:32 EDT" skipped="0">
  <testcase classname="JonasFitness.API.AuthenticateMemberByUserCredentials" name="ValidInput" time="1.977"/>
</testsuite> <!-- JonasFitness.API.AuthenticateMemberByUserCredentials -->
