<?xml version="1.0" encoding="UTF-8"?>
<!-- Generated by org.testng.reporters.JUnitReportReporter -->
<testsuite hostname="COL-TNUZUM" failures="0" tests="8" name="JonasFitness.API.BookAppointmentByMember" time="11.761" errors="0" timestamp="2020-02-17T12:08:06 EST" skipped="0">
  <testcase classname="JonasFitness.API.BookAppointmentByMember" name="notEnoughPunches" time="0.714"/>
  <system-out/>
  <testcase classname="JonasFitness.API.BookAppointmentByMember" name="notValidBookableItem" time="0.628"/>
  <system-out/>
  <testcase classname="JonasFitness.API.BookAppointmentByMember" name="punchcardAppointment_SingleMember" time="1.890"/>
  <system-out/>
  <testcase classname="JonasFitness.API.BookAppointmentByMember" name="productPriceChanged" time="0.706"/>
  <system-out/>
  <testcase classname="JonasFitness.API.BookAppointmentByMember" name="FreeAppointment_SingleMember" time="3.124"/>
  <system-out/>
  <testcase classname="JonasFitness.API.BookAppointmentByMember" name="appointmentNotFound" time="0.707"/>
  <system-out/>
  <testcase classname="JonasFitness.API.BookAppointmentByMember" name="PaidAppointment_SingleMember" time="1.941"/>
  <system-out/>
  <testcase classname="JonasFitness.API.BookAppointmentByMember" name="PaidAppointment_MultipleMember" time="2.051"/>
  <system-out/>
</testsuite> <!-- JonasFitness.API.BookAppointmentByMember -->
