<?xml version="1.0" encoding="UTF-8"?>
<!-- Generated by org.testng.reporters.JUnitReportReporter -->
<testsuite hostname="COL-TNUZUM" failures="0" tests="2" name="JonasFitness.API.GetAvailableAppointments" time="5.583" errors="0" timestamp="2019-10-30T13:07:32 EDT" skipped="0">
  <testcase classname="JonasFitness.API.GetAvailableAppointments" name="WithResources" time="1.918"/>
  <testcase classname="JonasFitness.API.GetAvailableAppointments" name="NoResources" time="3.665"/>
</testsuite> <!-- JonasFitness.API.GetAvailableAppointments -->
