<?xml version="1.0" encoding="UTF-8"?>
<!-- Generated by org.testng.reporters.JUnitReportReporter -->
<testsuite hostname="COL-TNUZUM" failures="0" tests="3" name="JonasFitness.API._Draft_GetAllPackagesForPurchaseByClub" time="4.550" errors="0" timestamp="2019-10-22T08:45:06 EDT" skipped="0">
  <testcase classname="JonasFitness.API._Draft_GetAllPackagesForPurchaseByClub" name="ValidInput" time="0.227"/>
  <testcase classname="JonasFitness.API._Draft_GetAllPackagesForPurchaseByClub" name="PackageNotFound" time="0.248"/>
  <testcase classname="JonasFitness.API._Draft_GetAllPackagesForPurchaseByClub" name="PackageFound" time="4.075"/>
</testsuite> <!-- JonasFitness.API._Draft_GetAllPackagesForPurchaseByClub -->
