<?xml version="1.0" encoding="UTF-8"?>
<!-- Generated by org.testng.reporters.JUnitReportReporter -->
<testsuite hostname="COL-TNUZUM" failures="0" tests="10" name="JonasFitness.API.SearchMembers" time="9.664" errors="0" timestamp="2019-10-23T17:03:20 EDT" skipped="0">
  <testcase classname="JonasFitness.API.SearchMembers" name="SearchMembers_Email" time="0.581"/>
  <testcase classname="JonasFitness.API.SearchMembers" name="SearchMembers_LastFirstName" time="0.891"/>
  <testcase classname="JonasFitness.API.SearchMembers" name="SearchMembers_HomePhoneNoDashes" time="0.594"/>
  <testcase classname="JonasFitness.API.SearchMembers" name="SearchMembers_WorkPhoneNoDashes" time="0.588"/>
  <testcase classname="JonasFitness.API.SearchMembers" name="SearchMembers_MobilePhoneDashes" time="0.585"/>
  <testcase classname="JonasFitness.API.SearchMembers" name="SearchMembers_MobilePhoneNoDashes" time="0.651"/>
  <testcase classname="JonasFitness.API.SearchMembers" name="SearchMembers_WorkPhoneDashes" time="0.786"/>
  <testcase classname="JonasFitness.API.SearchMembers" name="SearchMembers_FirstName" time="0.729"/>
  <testcase classname="JonasFitness.API.SearchMembers" name="SearchMembers_HomePhoneDashes" time="3.600"/>
  <testcase classname="JonasFitness.API.SearchMembers" name="SearchMembers_LastName" time="0.659"/>
</testsuite> <!-- JonasFitness.API.SearchMembers -->
