<?xml version="1.0" encoding="UTF-8"?>
<!-- Generated by org.testng.reporters.JUnitReportReporter -->
<testsuite hostname="COL-TNUZUM" failures="0" tests="1" name="JonasFitness.API.GetActiveBooksByResourceType" time="0.656" errors="0" timestamp="2019-10-14T11:21:43 EDT" skipped="0">
  <testcase classname="JonasFitness.API.GetActiveBooksByResourceType" name="Test1" time="0.656"/>
</testsuite> <!-- JonasFitness.API.GetActiveBooksByResourceType -->
