<?xml version="1.0" encoding="UTF-8"?>
<!-- Generated by org.testng.reporters.JUnitReportReporter -->
<testsuite hostname="COL-TNUZUM" failures="0" tests="2" name="JonasFitness.API.GetProductByBook" time="1.041" errors="0" timestamp="2020-02-18T15:18:35 EST" skipped="0">
  <testcase classname="JonasFitness.API.GetProductByBook" name="ProductFound" time="0.676"/>
  <system-out/>
  <testcase classname="JonasFitness.API.GetProductByBook" name="ProductNotFound" time="0.365"/>
  <system-out/>
</testsuite> <!-- JonasFitness.API.GetProductByBook -->
