<?xml version="1.0" encoding="UTF-8"?>
<!-- Generated by org.testng.reporters.JUnitReportReporter -->
<testsuite hostname="COL-TNUZUM" failures="0" tests="10" name="JonasFitness.API.SearchMembersByProduct" time="8.401" errors="0" timestamp="2020-02-18T15:18:35 EST" skipped="0">
  <testcase classname="JonasFitness.API.SearchMembersByProduct" name="LastName" time="0.610"/>
  <system-out/>
  <testcase classname="JonasFitness.API.SearchMembersByProduct" name="LastFirstName" time="0.458"/>
  <system-out/>
  <testcase classname="JonasFitness.API.SearchMembersByProduct" name="FirstLastName" time="0.474"/>
  <system-out/>
  <testcase classname="JonasFitness.API.SearchMembersByProduct" name="MobilePhoneWithoutDashes" time="0.469"/>
  <system-out/>
  <testcase classname="JonasFitness.API.SearchMembersByProduct" name="WorkPhoneWithDashes" time="0.438"/>
  <system-out/>
  <testcase classname="JonasFitness.API.SearchMembersByProduct" name="FirstName" time="0.700"/>
  <system-out/>
  <testcase classname="JonasFitness.API.SearchMembersByProduct" name="Email" time="0.682"/>
  <system-out/>
  <testcase classname="JonasFitness.API.SearchMembersByProduct" name="MobilePhoneWithDashes" time="0.494"/>
  <system-out/>
  <testcase classname="JonasFitness.API.SearchMembersByProduct" name="HomePhoneWithoutDashes" time="0.578"/>
  <system-out/>
  <testcase classname="JonasFitness.API.SearchMembersByProduct" name="HomePhoneWithDashes" time="3.498"/>
  <system-out/>
</testsuite> <!-- JonasFitness.API.SearchMembersByProduct -->
