<?xml version="1.0" encoding="UTF-8"?>
<!-- Generated by org.testng.reporters.JUnitReportReporter -->
<testsuite hostname="COL-TNUZUM" failures="0" tests="2" name="JonasFitness.API.GetAppointmentDetails" time="2.908" errors="0" timestamp="2019-10-24T11:04:55 EDT" skipped="0">
  <testcase classname="JonasFitness.API.GetAppointmentDetails" name="AppointmentsFound" time="2.258"/>
  <testcase classname="JonasFitness.API.GetAppointmentDetails" name="AppointmentsNotFound" time="0.650"/>
</testsuite> <!-- JonasFitness.API.GetAppointmentDetails -->
