<?xml version="1.0" encoding="UTF-8"?>
<!-- Generated by org.testng.reporters.JUnitReportReporter -->
<testsuite hostname="COL-TNUZUM" failures="0" tests="10" name="JonasFitness.API.SearchOnlineMembersByProduct" time="6.836" errors="0" timestamp="2020-02-18T15:18:35 EST" skipped="0">
  <testcase classname="JonasFitness.API.SearchOnlineMembersByProduct" name="searchOnlineMembers_FirstName" time="0.780"/>
  <system-out/>
  <testcase classname="JonasFitness.API.SearchOnlineMembersByProduct" name="searchOnlineMembers_LastFirstName" time="0.630"/>
  <system-out/>
  <testcase classname="JonasFitness.API.SearchOnlineMembersByProduct" name="searchOnlineMembers_MobilePhoneNoDashes" time="0.602"/>
  <system-out/>
  <testcase classname="JonasFitness.API.SearchOnlineMembersByProduct" name="searchOnlineMembers_FirstLastName" time="0.590"/>
  <system-out/>
  <testcase classname="JonasFitness.API.SearchOnlineMembersByProduct" name="searchOnlineMembers_HomePhoneNoDashes" time="0.972"/>
  <system-out/>
  <testcase classname="JonasFitness.API.SearchOnlineMembersByProduct" name="searchOnlineMembers_MobilePhoneWithDashes" time="0.766"/>
  <system-out/>
  <testcase classname="JonasFitness.API.SearchOnlineMembersByProduct" name="searchOnlineMembers_WorkPhone" time="0.439"/>
  <system-out/>
  <testcase classname="JonasFitness.API.SearchOnlineMembersByProduct" name="searchOnlineMembers_LastName" time="0.632"/>
  <system-out/>
  <testcase classname="JonasFitness.API.SearchOnlineMembersByProduct" name="searchOnlineMembers_Email" time="0.822"/>
  <system-out/>
  <testcase classname="JonasFitness.API.SearchOnlineMembersByProduct" name="searchOnlineMembers_HomePhoneWithDashes" time="0.603"/>
  <system-out/>
</testsuite> <!-- JonasFitness.API.SearchOnlineMembersByProduct -->
