<?xml version="1.0" encoding="UTF-8"?>
<!-- Generated by org.testng.reporters.JUnitReportReporter -->
<testsuite hostname="COL-TNUZUM" failures="0" tests="5" name="JonasFitness.API.GetCardsOnFileByMember" time="3.874" errors="0" timestamp="2019-10-23T09:26:06 EDT" skipped="0">
  <testcase classname="JonasFitness.API.GetCardsOnFileByMember" name="SingleAgreementWithCard" time="0.732"/>
  <testcase classname="JonasFitness.API.GetCardsOnFileByMember" name="MultipleAgreementsWithCard" time="0.754"/>
  <testcase classname="JonasFitness.API.GetCardsOnFileByMember" name="CardWithoutAgreement" time="0.993"/>
  <testcase classname="JonasFitness.API.GetCardsOnFileByMember" name="SingleAgreementMultipleCardsOnFile" time="0.724"/>
  <testcase classname="JonasFitness.API.GetCardsOnFileByMember" name="NoCardOnFile" time="0.671"/>
</testsuite> <!-- JonasFitness.API.GetCardsOnFileByMember -->
