<?xml version="1.0" encoding="UTF-8"?>
<!-- Generated by org.testng.reporters.JUnitReportReporter -->
<testsuite hostname="COL-TNUZUM" failures="0" tests="1" name="JonasFitness.API.GetResponse" time="2.348" errors="0" timestamp="2019-09-11T13:13:20 EDT" skipped="0">
  <testcase classname="JonasFitness.API.GetResponse" name="Test1" time="2.348"/>
</testsuite> <!-- JonasFitness.API.GetResponse -->
