<?xml version="1.0" encoding="UTF-8"?>
<!-- Generated by org.testng.reporters.JUnitReportReporter -->
<testsuite hostname="COL-TNUZUM" failures="0" tests="2" name="JonasFitness.API._SampleTestCase" time="2.205" errors="0" timestamp="2019-10-23T12:13:43 EDT" skipped="0">
  <testcase classname="JonasFitness.API._SampleTestCase" name="ApptCancelled" time="1.765"/>
  <testcase classname="JonasFitness.API._SampleTestCase" name="ApptNotFound" time="0.440"/>
</testsuite> <!-- JonasFitness.API._SampleTestCase -->
