<?xml version="1.0" encoding="UTF-8"?>
<!-- Generated by org.testng.reporters.JUnitReportReporter -->
<testsuite hostname="COL-TNUZUM" failures="0" tests="5" name="JonasFitness.API.SearchMembersByProduct" time="3.246" errors="0" timestamp="2019-10-11T16:19:55 EDT" skipped="0">
  <testcase classname="JonasFitness.API.SearchMembersByProduct" name="SearchMembersByProduct_PhoneWithDashes" time="0.642"/>
  <testcase classname="JonasFitness.API.SearchMembersByProduct" name="SearchMembersByProduct_LastName" time="0.651"/>
  <testcase classname="JonasFitness.API.SearchMembersByProduct" name="SearchMembersByProduct_FirstName" time="0.655"/>
  <testcase classname="JonasFitness.API.SearchMembersByProduct" name="SearchMembersByProduct_PhoneWithoutDashes" time="0.637"/>
  <testcase classname="JonasFitness.API.SearchMembersByProduct" name="SearchMembersByProduct_Email" time="0.661"/>
</testsuite> <!-- JonasFitness.API.SearchMembersByProduct -->
