<?xml version="1.0" encoding="UTF-8"?>
<!-- Generated by org.testng.reporters.JUnitReportReporter -->
<testsuite hostname="COL-TNUZUM" failures="0" tests="1" name="JonasFitness.API.GetResponse" time="2.113" errors="0" timestamp="30 Aug 2019 17:40:46 GMT" skipped="0">
  <testcase classname="JonasFitness.API.GetResponse" name="Test1" time="2.113"/>
</testsuite> <!-- JonasFitness.API.GetResponse -->
